[2025-10-27 14:02:48] production.ERROR: MODULE NAME: SYNC TRANSACTIONS JOB  
[2025-10-27 14:02:48] production.ERROR: GuzzleHttp\Exception\ConnectException: cURL error 28: Connection timed out after 10001 milliseconds (see https://curl.haxx.se/libcurl/c/libcurl-errors.html) for https://server.linkscircle.com/api/sync-transactions?source=Awin&page=15&start_date=2025-10-22&end_date=2025-10-28 in /home/1230133.cloudwaysapps.com/uqrqhwsyhk/public_html/vendor/guzzlehttp/guzzle/src/Handler/CurlFactory.php:210
Stack trace:
#0 /home/1230133.cloudwaysapps.com/uqrqhwsyhk/public_html/vendor/guzzlehttp/guzzle/src/Handler/CurlFactory.php(158): GuzzleHttp\Handler\CurlFactory::createRejection()
#1 /home/1230133.cloudwaysapps.com/uqrqhwsyhk/public_html/vendor/guzzlehttp/guzzle/src/Handler/CurlFactory.php(110): GuzzleHttp\Handler\CurlFactory::finishError()
#2 /home/1230133.cloudwaysapps.com/uqrqhwsyhk/public_html/vendor/guzzlehttp/guzzle/src/Handler/CurlHandler.php(47): GuzzleHttp\Handler\CurlFactory::finish()
#3 /home/1230133.cloudwaysapps.com/uqrqhwsyhk/public_html/vendor/guzzlehttp/guzzle/src/Handler/Proxy.php(28): GuzzleHttp\Handler\CurlHandler->__invoke()
#4 /home/1230133.cloudwaysapps.com/uqrqhwsyhk/public_html/vendor/guzzlehttp/guzzle/src/Handler/Proxy.php(48): GuzzleHttp\Handler\Proxy::GuzzleHttp\Handler\{closure}()
#5 /home/1230133.cloudwaysapps.com/uqrqhwsyhk/public_html/vendor/laravel/framework/src/Illuminate/Http/Client/PendingRequest.php(1150): GuzzleHttp\Handler\Proxy::GuzzleHttp\Handler\{closure}()
#6 /home/1230133.cloudwaysapps.com/uqrqhwsyhk/public_html/vendor/laravel/framework/src/Illuminate/Http/Client/PendingRequest.php(1116): Illuminate\Http\Client\PendingRequest->Illuminate\Http\Client\{closure}()
#7 /home/1230133.cloudwaysapps.com/uqrqhwsyhk/public_html/vendor/laravel/framework/src/Illuminate/Http/Client/PendingRequest.php(1102): Illuminate\Http\Client\PendingRequest->Illuminate\Http\Client\{closure}()
#8 /home/1230133.cloudwaysapps.com/uqrqhwsyhk/public_html/vendor/guzzlehttp/guzzle/src/PrepareBodyMiddleware.php(35): Illuminate\Http\Client\PendingRequest->Illuminate\Http\Client\{closure}()
#9 /home/1230133.cloudwaysapps.com/uqrqhwsyhk/public_html/vendor/guzzlehttp/guzzle/src/Middleware.php(38): GuzzleHttp\PrepareBodyMiddleware->__invoke()
#10 /home/1230133.cloudwaysapps.com/uqrqhwsyhk/public_html/vendor/guzzlehttp/guzzle/src/RedirectMiddleware.php(71): GuzzleHttp\Middleware::GuzzleHttp\{closure}()
#11 /home/1230133.cloudwaysapps.com/uqrqhwsyhk/public_html/vendor/guzzlehttp/guzzle/src/Middleware.php(63): GuzzleHttp\RedirectMiddleware->__invoke()
#12 /home/1230133.cloudwaysapps.com/uqrqhwsyhk/public_html/vendor/guzzlehttp/guzzle/src/HandlerStack.php(75): GuzzleHttp\Middleware::GuzzleHttp\{closure}()
#13 /home/1230133.cloudwaysapps.com/uqrqhwsyhk/public_html/vendor/guzzlehttp/guzzle/src/Client.php(333): GuzzleHttp\HandlerStack->__invoke()
#14 /home/1230133.cloudwaysapps.com/uqrqhwsyhk/public_html/vendor/guzzlehttp/guzzle/src/Client.php(169): GuzzleHttp\Client->transfer()
#15 /home/1230133.cloudwaysapps.com/uqrqhwsyhk/public_html/vendor/guzzlehttp/guzzle/src/Client.php(189): GuzzleHttp\Client->requestAsync()
#16 /home/1230133.cloudwaysapps.com/uqrqhwsyhk/public_html/vendor/laravel/framework/src/Illuminate/Http/Client/PendingRequest.php(961): GuzzleHttp\Client->request()
#17 /home/1230133.cloudwaysapps.com/uqrqhwsyhk/public_html/vendor/laravel/framework/src/Illuminate/Http/Client/PendingRequest.php(823): Illuminate\Http\Client\PendingRequest->sendRequest()
#18 /home/1230133.cloudwaysapps.com/uqrqhwsyhk/public_html/vendor/laravel/framework/src/Illuminate/Support/helpers.php(247): Illuminate\Http\Client\PendingRequest->Illuminate\Http\Client\{closure}()
#19 /home/1230133.cloudwaysapps.com/uqrqhwsyhk/public_html/vendor/laravel/framework/src/Illuminate/Http/Client/PendingRequest.php(821): retry()
#20 /home/1230133.cloudwaysapps.com/uqrqhwsyhk/public_html/vendor/laravel/framework/src/Illuminate/Http/Client/PendingRequest.php(699): Illuminate\Http\Client\PendingRequest->send()
#21 /home/1230133.cloudwaysapps.com/uqrqhwsyhk/public_html/app/Jobs/Sync/TransactionJob.php(62): Illuminate\Http\Client\PendingRequest->get()
#22 /home/1230133.cloudwaysapps.com/uqrqhwsyhk/public_html/vendor/laravel/framework/src/Illuminate/Container/BoundMethod.php(36): App\Jobs\Sync\TransactionJob->handle()
#23 /home/1230133.cloudwaysapps.com/uqrqhwsyhk/public_html/vendor/laravel/framework/src/Illuminate/Container/Util.php(41): Illuminate\Container\BoundMethod::Illuminate\Container\{closure}()
#24 /home/1230133.cloudwaysapps.com/uqrqhwsyhk/public_html/vendor/laravel/framework/src/Illuminate/Container/BoundMethod.php(93): Illuminate\Container\Util::unwrapIfClosure()
#25 /home/1230133.cloudwaysapps.com/uqrqhwsyhk/public_html/vendor/laravel/framework/src/Illuminate/Container/BoundMethod.php(35): Illuminate\Container\BoundMethod::callBoundMethod()
#26 /home/1230133.cloudwaysapps.com/uqrqhwsyhk/public_html/vendor/laravel/framework/src/Illuminate/Container/Container.php(661): Illuminate\Container\BoundMethod::call()
#27 /home/1230133.cloudwaysapps.com/uqrqhwsyhk/public_html/vendor/laravel/framework/src/Illuminate/Bus/Dispatcher.php(128): Illuminate\Container\Container->call()
#28 /home/1230133.cloudwaysapps.com/uqrqhwsyhk/public_html/vendor/laravel/framework/src/Illuminate/Pipeline/Pipeline.php(141): Illuminate\Bus\Dispatcher->Illuminate\Bus\{closure}()
#29 /home/1230133.cloudwaysapps.com/uqrqhwsyhk/public_html/vendor/laravel/framework/src/Illuminate/Pipeline/Pipeline.php(116): Illuminate\Pipeline\Pipeline->Illuminate\Pipeline\{closure}()
#30 /home/1230133.cloudwaysapps.com/uqrqhwsyhk/public_html/vendor/laravel/framework/src/Illuminate/Bus/Dispatcher.php(132): Illuminate\Pipeline\Pipeline->then()
#31 /home/1230133.cloudwaysapps.com/uqrqhwsyhk/public_html/vendor/laravel/framework/src/Illuminate/Queue/CallQueuedHandler.php(123): Illuminate\Bus\Dispatcher->dispatchNow()
#32 /home/1230133.cloudwaysapps.com/uqrqhwsyhk/public_html/vendor/laravel/framework/src/Illuminate/Pipeline/Pipeline.php(141): Illuminate\Queue\CallQueuedHandler->Illuminate\Queue\{closure}()
#33 /home/1230133.cloudwaysapps.com/uqrqhwsyhk/public_html/vendor/laravel/framework/src/Illuminate/Pipeline/Pipeline.php(116): Illuminate\Pipeline\Pipeline->Illuminate\Pipeline\{closure}()
#34 /home/1230133.cloudwaysapps.com/uqrqhwsyhk/public_html/vendor/laravel/framework/src/Illuminate/Queue/CallQueuedHandler.php(122): Illuminate\Pipeline\Pipeline->then()
#35 /home/1230133.cloudwaysapps.com/uqrqhwsyhk/public_html/vendor/laravel/framework/src/Illuminate/Queue/CallQueuedHandler.php(70): Illuminate\Queue\CallQueuedHandler->dispatchThroughMiddleware()
#36 /home/1230133.cloudwaysapps.com/uqrqhwsyhk/public_html/vendor/laravel/framework/src/Illuminate/Queue/Jobs/Job.php(98): Illuminate\Queue\CallQueuedHandler->call()
#37 /home/1230133.cloudwaysapps.com/uqrqhwsyhk/public_html/vendor/laravel/framework/src/Illuminate/Queue/SyncQueue.php(43): Illuminate\Queue\Jobs\Job->fire()
#38 /home/1230133.cloudwaysapps.com/uqrqhwsyhk/public_html/vendor/laravel/framework/src/Illuminate/Queue/Queue.php(57): Illuminate\Queue\SyncQueue->push()
#39 /home/1230133.cloudwaysapps.com/uqrqhwsyhk/public_html/vendor/laravel/framework/src/Illuminate/Bus/Dispatcher.php(246): Illuminate\Queue\Queue->pushOn()
#40 /home/1230133.cloudwaysapps.com/uqrqhwsyhk/public_html/vendor/laravel/framework/src/Illuminate/Bus/Dispatcher.php(229): Illuminate\Bus\Dispatcher->pushCommandToQueue()
#41 /home/1230133.cloudwaysapps.com/uqrqhwsyhk/public_html/vendor/laravel/framework/src/Illuminate/Bus/Dispatcher.php(77): Illuminate\Bus\Dispatcher->dispatchToQueue()
#42 /home/1230133.cloudwaysapps.com/uqrqhwsyhk/public_html/vendor/laravel/framework/src/Illuminate/Foundation/Bus/PendingDispatch.php(193): Illuminate\Bus\Dispatcher->dispatch()
#43 /home/1230133.cloudwaysapps.com/uqrqhwsyhk/public_html/app/Console/Commands/Global/DailyDataTransactionFetchCommand.php(95): Illuminate\Foundation\Bus\PendingDispatch->__destruct()
#44 /home/1230133.cloudwaysapps.com/uqrqhwsyhk/public_html/vendor/laravel/framework/src/Illuminate/Container/BoundMethod.php(36): App\Console\Commands\Global\DailyDataTransactionFetchCommand->handle()
#45 /home/1230133.cloudwaysapps.com/uqrqhwsyhk/public_html/vendor/laravel/framework/src/Illuminate/Container/Util.php(41): Illuminate\Container\BoundMethod::Illuminate\Container\{closure}()
#46 /home/1230133.cloudwaysapps.com/uqrqhwsyhk/public_html/vendor/laravel/framework/src/Illuminate/Container/BoundMethod.php(93): Illuminate\Container\Util::unwrapIfClosure()
#47 /home/1230133.cloudwaysapps.com/uqrqhwsyhk/public_html/vendor/laravel/framework/src/Illuminate/Container/BoundMethod.php(35): Illuminate\Container\BoundMethod::callBoundMethod()
#48 /home/1230133.cloudwaysapps.com/uqrqhwsyhk/public_html/vendor/laravel/framework/src/Illuminate/Container/Container.php(661): Illuminate\Container\BoundMethod::call()
#49 /home/1230133.cloudwaysapps.com/uqrqhwsyhk/public_html/vendor/laravel/framework/src/Illuminate/Console/Command.php(183): Illuminate\Container\Container->call()
#50 /home/1230133.cloudwaysapps.com/uqrqhwsyhk/public_html/vendor/symfony/console/Command/Command.php(326): Illuminate\Console\Command->execute()
#51 /home/1230133.cloudwaysapps.com/uqrqhwsyhk/public_html/vendor/laravel/framework/src/Illuminate/Console/Command.php(152): Symfony\Component\Console\Command\Command->run()
#52 /home/1230133.cloudwaysapps.com/uqrqhwsyhk/public_html/vendor/symfony/console/Application.php(1063): Illuminate\Console\Command->run()
#53 /home/1230133.cloudwaysapps.com/uqrqhwsyhk/public_html/vendor/symfony/console/Application.php(320): Symfony\Component\Console\Application->doRunCommand()
#54 /home/1230133.cloudwaysapps.com/uqrqhwsyhk/public_html/vendor/symfony/console/Application.php(174): Symfony\Component\Console\Application->doRun()
#55 /home/1230133.cloudwaysapps.com/uqrqhwsyhk/public_html/vendor/laravel/framework/src/Illuminate/Console/Application.php(102): Symfony\Component\Console\Application->run()
#56 /home/1230133.cloudwaysapps.com/uqrqhwsyhk/public_html/vendor/laravel/framework/src/Illuminate/Foundation/Console/Kernel.php(155): Illuminate\Console\Application->run()
#57 /home/1230133.cloudwaysapps.com/uqrqhwsyhk/public_html/artisan(35): Illuminate\Foundation\Console\Kernel->handle()
#58 {main}

Next Illuminate\Http\Client\ConnectionException: cURL error 28: Connection timed out after 10001 milliseconds (see https://curl.haxx.se/libcurl/c/libcurl-errors.html) for https://server.linkscircle.com/api/sync-transactions?source=Awin&page=15&start_date=2025-10-22&end_date=2025-10-28 in /home/1230133.cloudwaysapps.com/uqrqhwsyhk/public_html/vendor/laravel/framework/src/Illuminate/Http/Client/PendingRequest.php:855
Stack trace:
#0 /home/1230133.cloudwaysapps.com/uqrqhwsyhk/public_html/vendor/laravel/framework/src/Illuminate/Support/helpers.php(247): Illuminate\Http\Client\PendingRequest->Illuminate\Http\Client\{closure}()
#1 /home/1230133.cloudwaysapps.com/uqrqhwsyhk/public_html/vendor/laravel/framework/src/Illuminate/Http/Client/PendingRequest.php(821): retry()
#2 /home/1230133.cloudwaysapps.com/uqrqhwsyhk/public_html/vendor/laravel/framework/src/Illuminate/Http/Client/PendingRequest.php(699): Illuminate\Http\Client\PendingRequest->send()
#3 /home/1230133.cloudwaysapps.com/uqrqhwsyhk/public_html/app/Jobs/Sync/TransactionJob.php(62): Illuminate\Http\Client\PendingRequest->get()
#4 /home/1230133.cloudwaysapps.com/uqrqhwsyhk/public_html/vendor/laravel/framework/src/Illuminate/Container/BoundMethod.php(36): App\Jobs\Sync\TransactionJob->handle()
#5 /home/1230133.cloudwaysapps.com/uqrqhwsyhk/public_html/vendor/laravel/framework/src/Illuminate/Container/Util.php(41): Illuminate\Container\BoundMethod::Illuminate\Container\{closure}()
#6 /home/1230133.cloudwaysapps.com/uqrqhwsyhk/public_html/vendor/laravel/framework/src/Illuminate/Container/BoundMethod.php(93): Illuminate\Container\Util::unwrapIfClosure()
#7 /home/1230133.cloudwaysapps.com/uqrqhwsyhk/public_html/vendor/laravel/framework/src/Illuminate/Container/BoundMethod.php(35): Illuminate\Container\BoundMethod::callBoundMethod()
#8 /home/1230133.cloudwaysapps.com/uqrqhwsyhk/public_html/vendor/laravel/framework/src/Illuminate/Container/Container.php(661): Illuminate\Container\BoundMethod::call()
#9 /home/1230133.cloudwaysapps.com/uqrqhwsyhk/public_html/vendor/laravel/framework/src/Illuminate/Bus/Dispatcher.php(128): Illuminate\Container\Container->call()
#10 /home/1230133.cloudwaysapps.com/uqrqhwsyhk/public_html/vendor/laravel/framework/src/Illuminate/Pipeline/Pipeline.php(141): Illuminate\Bus\Dispatcher->Illuminate\Bus\{closure}()
#11 /home/1230133.cloudwaysapps.com/uqrqhwsyhk/public_html/vendor/laravel/framework/src/Illuminate/Pipeline/Pipeline.php(116): Illuminate\Pipeline\Pipeline->Illuminate\Pipeline\{closure}()
#12 /home/1230133.cloudwaysapps.com/uqrqhwsyhk/public_html/vendor/laravel/framework/src/Illuminate/Bus/Dispatcher.php(132): Illuminate\Pipeline\Pipeline->then()
#13 /home/1230133.cloudwaysapps.com/uqrqhwsyhk/public_html/vendor/laravel/framework/src/Illuminate/Queue/CallQueuedHandler.php(123): Illuminate\Bus\Dispatcher->dispatchNow()
#14 /home/1230133.cloudwaysapps.com/uqrqhwsyhk/public_html/vendor/laravel/framework/src/Illuminate/Pipeline/Pipeline.php(141): Illuminate\Queue\CallQueuedHandler->Illuminate\Queue\{closure}()
#15 /home/1230133.cloudwaysapps.com/uqrqhwsyhk/public_html/vendor/laravel/framework/src/Illuminate/Pipeline/Pipeline.php(116): Illuminate\Pipeline\Pipeline->Illuminate\Pipeline\{closure}()
#16 /home/1230133.cloudwaysapps.com/uqrqhwsyhk/public_html/vendor/laravel/framework/src/Illuminate/Queue/CallQueuedHandler.php(122): Illuminate\Pipeline\Pipeline->then()
#17 /home/1230133.cloudwaysapps.com/uqrqhwsyhk/public_html/vendor/laravel/framework/src/Illuminate/Queue/CallQueuedHandler.php(70): Illuminate\Queue\CallQueuedHandler->dispatchThroughMiddleware()
#18 /home/1230133.cloudwaysapps.com/uqrqhwsyhk/public_html/vendor/laravel/framework/src/Illuminate/Queue/Jobs/Job.php(98): Illuminate\Queue\CallQueuedHandler->call()
#19 /home/1230133.cloudwaysapps.com/uqrqhwsyhk/public_html/vendor/laravel/framework/src/Illuminate/Queue/SyncQueue.php(43): Illuminate\Queue\Jobs\Job->fire()
#20 /home/1230133.cloudwaysapps.com/uqrqhwsyhk/public_html/vendor/laravel/framework/src/Illuminate/Queue/Queue.php(57): Illuminate\Queue\SyncQueue->push()
#21 /home/1230133.cloudwaysapps.com/uqrqhwsyhk/public_html/vendor/laravel/framework/src/Illuminate/Bus/Dispatcher.php(246): Illuminate\Queue\Queue->pushOn()
#22 /home/1230133.cloudwaysapps.com/uqrqhwsyhk/public_html/vendor/laravel/framework/src/Illuminate/Bus/Dispatcher.php(229): Illuminate\Bus\Dispatcher->pushCommandToQueue()
#23 /home/1230133.cloudwaysapps.com/uqrqhwsyhk/public_html/vendor/laravel/framework/src/Illuminate/Bus/Dispatcher.php(77): Illuminate\Bus\Dispatcher->dispatchToQueue()
#24 /home/1230133.cloudwaysapps.com/uqrqhwsyhk/public_html/vendor/laravel/framework/src/Illuminate/Foundation/Bus/PendingDispatch.php(193): Illuminate\Bus\Dispatcher->dispatch()
#25 /home/1230133.cloudwaysapps.com/uqrqhwsyhk/public_html/app/Console/Commands/Global/DailyDataTransactionFetchCommand.php(95): Illuminate\Foundation\Bus\PendingDispatch->__destruct()
#26 /home/1230133.cloudwaysapps.com/uqrqhwsyhk/public_html/vendor/laravel/framework/src/Illuminate/Container/BoundMethod.php(36): App\Console\Commands\Global\DailyDataTransactionFetchCommand->handle()
#27 /home/1230133.cloudwaysapps.com/uqrqhwsyhk/public_html/vendor/laravel/framework/src/Illuminate/Container/Util.php(41): Illuminate\Container\BoundMethod::Illuminate\Container\{closure}()
#28 /home/1230133.cloudwaysapps.com/uqrqhwsyhk/public_html/vendor/laravel/framework/src/Illuminate/Container/BoundMethod.php(93): Illuminate\Container\Util::unwrapIfClosure()
#29 /home/1230133.cloudwaysapps.com/uqrqhwsyhk/public_html/vendor/laravel/framework/src/Illuminate/Container/BoundMethod.php(35): Illuminate\Container\BoundMethod::callBoundMethod()
#30 /home/1230133.cloudwaysapps.com/uqrqhwsyhk/public_html/vendor/laravel/framework/src/Illuminate/Container/Container.php(661): Illuminate\Container\BoundMethod::call()
#31 /home/1230133.cloudwaysapps.com/uqrqhwsyhk/public_html/vendor/laravel/framework/src/Illuminate/Console/Command.php(183): Illuminate\Container\Container->call()
#32 /home/1230133.cloudwaysapps.com/uqrqhwsyhk/public_html/vendor/symfony/console/Command/Command.php(326): Illuminate\Console\Command->execute()
#33 /home/1230133.cloudwaysapps.com/uqrqhwsyhk/public_html/vendor/laravel/framework/src/Illuminate/Console/Command.php(152): Symfony\Component\Console\Command\Command->run()
#34 /home/1230133.cloudwaysapps.com/uqrqhwsyhk/public_html/vendor/symfony/console/Application.php(1063): Illuminate\Console\Command->run()
#35 /home/1230133.cloudwaysapps.com/uqrqhwsyhk/public_html/vendor/symfony/console/Application.php(320): Symfony\Component\Console\Application->doRunCommand()
#36 /home/1230133.cloudwaysapps.com/uqrqhwsyhk/public_html/vendor/symfony/console/Application.php(174): Symfony\Component\Console\Application->doRun()
#37 /home/1230133.cloudwaysapps.com/uqrqhwsyhk/public_html/vendor/laravel/framework/src/Illuminate/Console/Application.php(102): Symfony\Component\Console\Application->run()
#38 /home/1230133.cloudwaysapps.com/uqrqhwsyhk/public_html/vendor/laravel/framework/src/Illuminate/Foundation/Console/Kernel.php(155): Illuminate\Console\Application->run()
#39 /home/1230133.cloudwaysapps.com/uqrqhwsyhk/public_html/artisan(35): Illuminate\Foundation\Console\Kernel->handle()
#40 {main}  
[2025-10-27 14:03:03] production.ERROR: MODULE NAME: SYNC TRANSACTIONS JOB  
[2025-10-27 14:03:03] production.ERROR: GuzzleHttp\Exception\ConnectException: cURL error 28: Connection timed out after 10001 milliseconds (see https://curl.haxx.se/libcurl/c/libcurl-errors.html) for https://server.linkscircle.com/api/sync-transactions?source=Awin&page=12&start_date=2025-10-22&end_date=2025-10-28 in /home/1230133.cloudwaysapps.com/uqrqhwsyhk/public_html/vendor/guzzlehttp/guzzle/src/Handler/CurlFactory.php:210
Stack trace:
#0 /home/1230133.cloudwaysapps.com/uqrqhwsyhk/public_html/vendor/guzzlehttp/guzzle/src/Handler/CurlFactory.php(158): GuzzleHttp\Handler\CurlFactory::createRejection()
#1 /home/1230133.cloudwaysapps.com/uqrqhwsyhk/public_html/vendor/guzzlehttp/guzzle/src/Handler/CurlFactory.php(110): GuzzleHttp\Handler\CurlFactory::finishError()
#2 /home/1230133.cloudwaysapps.com/uqrqhwsyhk/public_html/vendor/guzzlehttp/guzzle/src/Handler/CurlHandler.php(47): GuzzleHttp\Handler\CurlFactory::finish()
#3 /home/1230133.cloudwaysapps.com/uqrqhwsyhk/public_html/vendor/guzzlehttp/guzzle/src/Handler/Proxy.php(28): GuzzleHttp\Handler\CurlHandler->__invoke()
#4 /home/1230133.cloudwaysapps.com/uqrqhwsyhk/public_html/vendor/guzzlehttp/guzzle/src/Handler/Proxy.php(48): GuzzleHttp\Handler\Proxy::GuzzleHttp\Handler\{closure}()
#5 /home/1230133.cloudwaysapps.com/uqrqhwsyhk/public_html/vendor/laravel/framework/src/Illuminate/Http/Client/PendingRequest.php(1150): GuzzleHttp\Handler\Proxy::GuzzleHttp\Handler\{closure}()
#6 /home/1230133.cloudwaysapps.com/uqrqhwsyhk/public_html/vendor/laravel/framework/src/Illuminate/Http/Client/PendingRequest.php(1116): Illuminate\Http\Client\PendingRequest->Illuminate\Http\Client\{closure}()
#7 /home/1230133.cloudwaysapps.com/uqrqhwsyhk/public_html/vendor/laravel/framework/src/Illuminate/Http/Client/PendingRequest.php(1102): Illuminate\Http\Client\PendingRequest->Illuminate\Http\Client\{closure}()
#8 /home/1230133.cloudwaysapps.com/uqrqhwsyhk/public_html/vendor/guzzlehttp/guzzle/src/PrepareBodyMiddleware.php(35): Illuminate\Http\Client\PendingRequest->Illuminate\Http\Client\{closure}()
#9 /home/1230133.cloudwaysapps.com/uqrqhwsyhk/public_html/vendor/guzzlehttp/guzzle/src/Middleware.php(38): GuzzleHttp\PrepareBodyMiddleware->__invoke()
#10 /home/1230133.cloudwaysapps.com/uqrqhwsyhk/public_html/vendor/guzzlehttp/guzzle/src/RedirectMiddleware.php(71): GuzzleHttp\Middleware::GuzzleHttp\{closure}()
#11 /home/1230133.cloudwaysapps.com/uqrqhwsyhk/public_html/vendor/guzzlehttp/guzzle/src/Middleware.php(63): GuzzleHttp\RedirectMiddleware->__invoke()
#12 /home/1230133.cloudwaysapps.com/uqrqhwsyhk/public_html/vendor/guzzlehttp/guzzle/src/HandlerStack.php(75): GuzzleHttp\Middleware::GuzzleHttp\{closure}()
#13 /home/1230133.cloudwaysapps.com/uqrqhwsyhk/public_html/vendor/guzzlehttp/guzzle/src/Client.php(333): GuzzleHttp\HandlerStack->__invoke()
#14 /home/1230133.cloudwaysapps.com/uqrqhwsyhk/public_html/vendor/guzzlehttp/guzzle/src/Client.php(169): GuzzleHttp\Client->transfer()
#15 /home/1230133.cloudwaysapps.com/uqrqhwsyhk/public_html/vendor/guzzlehttp/guzzle/src/Client.php(189): GuzzleHttp\Client->requestAsync()
#16 /home/1230133.cloudwaysapps.com/uqrqhwsyhk/public_html/vendor/laravel/framework/src/Illuminate/Http/Client/PendingRequest.php(961): GuzzleHttp\Client->request()
#17 /home/1230133.cloudwaysapps.com/uqrqhwsyhk/public_html/vendor/laravel/framework/src/Illuminate/Http/Client/PendingRequest.php(823): Illuminate\Http\Client\PendingRequest->sendRequest()
#18 /home/1230133.cloudwaysapps.com/uqrqhwsyhk/public_html/vendor/laravel/framework/src/Illuminate/Support/helpers.php(247): Illuminate\Http\Client\PendingRequest->Illuminate\Http\Client\{closure}()
#19 /home/1230133.cloudwaysapps.com/uqrqhwsyhk/public_html/vendor/laravel/framework/src/Illuminate/Http/Client/PendingRequest.php(821): retry()
#20 /home/1230133.cloudwaysapps.com/uqrqhwsyhk/public_html/vendor/laravel/framework/src/Illuminate/Http/Client/PendingRequest.php(699): Illuminate\Http\Client\PendingRequest->send()
#21 /home/1230133.cloudwaysapps.com/uqrqhwsyhk/public_html/app/Jobs/Sync/TransactionJob.php(62): Illuminate\Http\Client\PendingRequest->get()
#22 /home/1230133.cloudwaysapps.com/uqrqhwsyhk/public_html/vendor/laravel/framework/src/Illuminate/Container/BoundMethod.php(36): App\Jobs\Sync\TransactionJob->handle()
#23 /home/1230133.cloudwaysapps.com/uqrqhwsyhk/public_html/vendor/laravel/framework/src/Illuminate/Container/Util.php(41): Illuminate\Container\BoundMethod::Illuminate\Container\{closure}()
#24 /home/1230133.cloudwaysapps.com/uqrqhwsyhk/public_html/vendor/laravel/framework/src/Illuminate/Container/BoundMethod.php(93): Illuminate\Container\Util::unwrapIfClosure()
#25 /home/1230133.cloudwaysapps.com/uqrqhwsyhk/public_html/vendor/laravel/framework/src/Illuminate/Container/BoundMethod.php(35): Illuminate\Container\BoundMethod::callBoundMethod()
#26 /home/1230133.cloudwaysapps.com/uqrqhwsyhk/public_html/vendor/laravel/framework/src/Illuminate/Container/Container.php(661): Illuminate\Container\BoundMethod::call()
#27 /home/1230133.cloudwaysapps.com/uqrqhwsyhk/public_html/vendor/laravel/framework/src/Illuminate/Bus/Dispatcher.php(128): Illuminate\Container\Container->call()
#28 /home/1230133.cloudwaysapps.com/uqrqhwsyhk/public_html/vendor/laravel/framework/src/Illuminate/Pipeline/Pipeline.php(141): Illuminate\Bus\Dispatcher->Illuminate\Bus\{closure}()
#29 /home/1230133.cloudwaysapps.com/uqrqhwsyhk/public_html/vendor/laravel/framework/src/Illuminate/Pipeline/Pipeline.php(116): Illuminate\Pipeline\Pipeline->Illuminate\Pipeline\{closure}()
#30 /home/1230133.cloudwaysapps.com/uqrqhwsyhk/public_html/vendor/laravel/framework/src/Illuminate/Bus/Dispatcher.php(132): Illuminate\Pipeline\Pipeline->then()
#31 /home/1230133.cloudwaysapps.com/uqrqhwsyhk/public_html/vendor/laravel/framework/src/Illuminate/Queue/CallQueuedHandler.php(123): Illuminate\Bus\Dispatcher->dispatchNow()
#32 /home/1230133.cloudwaysapps.com/uqrqhwsyhk/public_html/vendor/laravel/framework/src/Illuminate/Pipeline/Pipeline.php(141): Illuminate\Queue\CallQueuedHandler->Illuminate\Queue\{closure}()
#33 /home/1230133.cloudwaysapps.com/uqrqhwsyhk/public_html/vendor/laravel/framework/src/Illuminate/Pipeline/Pipeline.php(116): Illuminate\Pipeline\Pipeline->Illuminate\Pipeline\{closure}()
#34 /home/1230133.cloudwaysapps.com/uqrqhwsyhk/public_html/vendor/laravel/framework/src/Illuminate/Queue/CallQueuedHandler.php(122): Illuminate\Pipeline\Pipeline->then()
#35 /home/1230133.cloudwaysapps.com/uqrqhwsyhk/public_html/vendor/laravel/framework/src/Illuminate/Queue/CallQueuedHandler.php(70): Illuminate\Queue\CallQueuedHandler->dispatchThroughMiddleware()
#36 /home/1230133.cloudwaysapps.com/uqrqhwsyhk/public_html/vendor/laravel/framework/src/Illuminate/Queue/Jobs/Job.php(98): Illuminate\Queue\CallQueuedHandler->call()
#37 /home/1230133.cloudwaysapps.com/uqrqhwsyhk/public_html/vendor/laravel/framework/src/Illuminate/Queue/SyncQueue.php(43): Illuminate\Queue\Jobs\Job->fire()
#38 /home/1230133.cloudwaysapps.com/uqrqhwsyhk/public_html/vendor/laravel/framework/src/Illuminate/Queue/Queue.php(57): Illuminate\Queue\SyncQueue->push()
#39 /home/1230133.cloudwaysapps.com/uqrqhwsyhk/public_html/vendor/laravel/framework/src/Illuminate/Bus/Dispatcher.php(246): Illuminate\Queue\Queue->pushOn()
#40 /home/1230133.cloudwaysapps.com/uqrqhwsyhk/public_html/vendor/laravel/framework/src/Illuminate/Bus/Dispatcher.php(229): Illuminate\Bus\Dispatcher->pushCommandToQueue()
#41 /home/1230133.cloudwaysapps.com/uqrqhwsyhk/public_html/vendor/laravel/framework/src/Illuminate/Bus/Dispatcher.php(77): Illuminate\Bus\Dispatcher->dispatchToQueue()
#42 /home/1230133.cloudwaysapps.com/uqrqhwsyhk/public_html/vendor/laravel/framework/src/Illuminate/Foundation/Bus/PendingDispatch.php(193): Illuminate\Bus\Dispatcher->dispatch()
#43 /home/1230133.cloudwaysapps.com/uqrqhwsyhk/public_html/app/Console/Commands/Global/DailyDataTransactionFetchCommand.php(95): Illuminate\Foundation\Bus\PendingDispatch->__destruct()
#44 /home/1230133.cloudwaysapps.com/uqrqhwsyhk/public_html/vendor/laravel/framework/src/Illuminate/Container/BoundMethod.php(36): App\Console\Commands\Global\DailyDataTransactionFetchCommand->handle()
#45 /home/1230133.cloudwaysapps.com/uqrqhwsyhk/public_html/vendor/laravel/framework/src/Illuminate/Container/Util.php(41): Illuminate\Container\BoundMethod::Illuminate\Container\{closure}()
#46 /home/1230133.cloudwaysapps.com/uqrqhwsyhk/public_html/vendor/laravel/framework/src/Illuminate/Container/BoundMethod.php(93): Illuminate\Container\Util::unwrapIfClosure()
#47 /home/1230133.cloudwaysapps.com/uqrqhwsyhk/public_html/vendor/laravel/framework/src/Illuminate/Container/BoundMethod.php(35): Illuminate\Container\BoundMethod::callBoundMethod()
#48 /home/1230133.cloudwaysapps.com/uqrqhwsyhk/public_html/vendor/laravel/framework/src/Illuminate/Container/Container.php(661): Illuminate\Container\BoundMethod::call()
#49 /home/1230133.cloudwaysapps.com/uqrqhwsyhk/public_html/vendor/laravel/framework/src/Illuminate/Console/Command.php(183): Illuminate\Container\Container->call()
#50 /home/1230133.cloudwaysapps.com/uqrqhwsyhk/public_html/vendor/symfony/console/Command/Command.php(326): Illuminate\Console\Command->execute()
#51 /home/1230133.cloudwaysapps.com/uqrqhwsyhk/public_html/vendor/laravel/framework/src/Illuminate/Console/Command.php(152): Symfony\Component\Console\Command\Command->run()
#52 /home/1230133.cloudwaysapps.com/uqrqhwsyhk/public_html/vendor/symfony/console/Application.php(1063): Illuminate\Console\Command->run()
#53 /home/1230133.cloudwaysapps.com/uqrqhwsyhk/public_html/vendor/symfony/console/Application.php(320): Symfony\Component\Console\Application->doRunCommand()
#54 /home/1230133.cloudwaysapps.com/uqrqhwsyhk/public_html/vendor/symfony/console/Application.php(174): Symfony\Component\Console\Application->doRun()
#55 /home/1230133.cloudwaysapps.com/uqrqhwsyhk/public_html/vendor/laravel/framework/src/Illuminate/Console/Application.php(102): Symfony\Component\Console\Application->run()
#56 /home/1230133.cloudwaysapps.com/uqrqhwsyhk/public_html/vendor/laravel/framework/src/Illuminate/Foundation/Console/Kernel.php(155): Illuminate\Console\Application->run()
#57 /home/1230133.cloudwaysapps.com/uqrqhwsyhk/public_html/artisan(35): Illuminate\Foundation\Console\Kernel->handle()
#58 {main}

Next Illuminate\Http\Client\ConnectionException: cURL error 28: Connection timed out after 10001 milliseconds (see https://curl.haxx.se/libcurl/c/libcurl-errors.html) for https://server.linkscircle.com/api/sync-transactions?source=Awin&page=12&start_date=2025-10-22&end_date=2025-10-28 in /home/1230133.cloudwaysapps.com/uqrqhwsyhk/public_html/vendor/laravel/framework/src/Illuminate/Http/Client/PendingRequest.php:855
Stack trace:
#0 /home/1230133.cloudwaysapps.com/uqrqhwsyhk/public_html/vendor/laravel/framework/src/Illuminate/Support/helpers.php(247): Illuminate\Http\Client\PendingRequest->Illuminate\Http\Client\{closure}()
#1 /home/1230133.cloudwaysapps.com/uqrqhwsyhk/public_html/vendor/laravel/framework/src/Illuminate/Http/Client/PendingRequest.php(821): retry()
#2 /home/1230133.cloudwaysapps.com/uqrqhwsyhk/public_html/vendor/laravel/framework/src/Illuminate/Http/Client/PendingRequest.php(699): Illuminate\Http\Client\PendingRequest->send()
#3 /home/1230133.cloudwaysapps.com/uqrqhwsyhk/public_html/app/Jobs/Sync/TransactionJob.php(62): Illuminate\Http\Client\PendingRequest->get()
#4 /home/1230133.cloudwaysapps.com/uqrqhwsyhk/public_html/vendor/laravel/framework/src/Illuminate/Container/BoundMethod.php(36): App\Jobs\Sync\TransactionJob->handle()
#5 /home/1230133.cloudwaysapps.com/uqrqhwsyhk/public_html/vendor/laravel/framework/src/Illuminate/Container/Util.php(41): Illuminate\Container\BoundMethod::Illuminate\Container\{closure}()
#6 /home/1230133.cloudwaysapps.com/uqrqhwsyhk/public_html/vendor/laravel/framework/src/Illuminate/Container/BoundMethod.php(93): Illuminate\Container\Util::unwrapIfClosure()
#7 /home/1230133.cloudwaysapps.com/uqrqhwsyhk/public_html/vendor/laravel/framework/src/Illuminate/Container/BoundMethod.php(35): Illuminate\Container\BoundMethod::callBoundMethod()
#8 /home/1230133.cloudwaysapps.com/uqrqhwsyhk/public_html/vendor/laravel/framework/src/Illuminate/Container/Container.php(661): Illuminate\Container\BoundMethod::call()
#9 /home/1230133.cloudwaysapps.com/uqrqhwsyhk/public_html/vendor/laravel/framework/src/Illuminate/Bus/Dispatcher.php(128): Illuminate\Container\Container->call()
#10 /home/1230133.cloudwaysapps.com/uqrqhwsyhk/public_html/vendor/laravel/framework/src/Illuminate/Pipeline/Pipeline.php(141): Illuminate\Bus\Dispatcher->Illuminate\Bus\{closure}()
#11 /home/1230133.cloudwaysapps.com/uqrqhwsyhk/public_html/vendor/laravel/framework/src/Illuminate/Pipeline/Pipeline.php(116): Illuminate\Pipeline\Pipeline->Illuminate\Pipeline\{closure}()
#12 /home/1230133.cloudwaysapps.com/uqrqhwsyhk/public_html/vendor/laravel/framework/src/Illuminate/Bus/Dispatcher.php(132): Illuminate\Pipeline\Pipeline->then()
#13 /home/1230133.cloudwaysapps.com/uqrqhwsyhk/public_html/vendor/laravel/framework/src/Illuminate/Queue/CallQueuedHandler.php(123): Illuminate\Bus\Dispatcher->dispatchNow()
#14 /home/1230133.cloudwaysapps.com/uqrqhwsyhk/public_html/vendor/laravel/framework/src/Illuminate/Pipeline/Pipeline.php(141): Illuminate\Queue\CallQueuedHandler->Illuminate\Queue\{closure}()
#15 /home/1230133.cloudwaysapps.com/uqrqhwsyhk/public_html/vendor/laravel/framework/src/Illuminate/Pipeline/Pipeline.php(116): Illuminate\Pipeline\Pipeline->Illuminate\Pipeline\{closure}()
#16 /home/1230133.cloudwaysapps.com/uqrqhwsyhk/public_html/vendor/laravel/framework/src/Illuminate/Queue/CallQueuedHandler.php(122): Illuminate\Pipeline\Pipeline->then()
#17 /home/1230133.cloudwaysapps.com/uqrqhwsyhk/public_html/vendor/laravel/framework/src/Illuminate/Queue/CallQueuedHandler.php(70): Illuminate\Queue\CallQueuedHandler->dispatchThroughMiddleware()
#18 /home/1230133.cloudwaysapps.com/uqrqhwsyhk/public_html/vendor/laravel/framework/src/Illuminate/Queue/Jobs/Job.php(98): Illuminate\Queue\CallQueuedHandler->call()
#19 /home/1230133.cloudwaysapps.com/uqrqhwsyhk/public_html/vendor/laravel/framework/src/Illuminate/Queue/SyncQueue.php(43): Illuminate\Queue\Jobs\Job->fire()
#20 /home/1230133.cloudwaysapps.com/uqrqhwsyhk/public_html/vendor/laravel/framework/src/Illuminate/Queue/Queue.php(57): Illuminate\Queue\SyncQueue->push()
#21 /home/1230133.cloudwaysapps.com/uqrqhwsyhk/public_html/vendor/laravel/framework/src/Illuminate/Bus/Dispatcher.php(246): Illuminate\Queue\Queue->pushOn()
#22 /home/1230133.cloudwaysapps.com/uqrqhwsyhk/public_html/vendor/laravel/framework/src/Illuminate/Bus/Dispatcher.php(229): Illuminate\Bus\Dispatcher->pushCommandToQueue()
#23 /home/1230133.cloudwaysapps.com/uqrqhwsyhk/public_html/vendor/laravel/framework/src/Illuminate/Bus/Dispatcher.php(77): Illuminate\Bus\Dispatcher->dispatchToQueue()
#24 /home/1230133.cloudwaysapps.com/uqrqhwsyhk/public_html/vendor/laravel/framework/src/Illuminate/Foundation/Bus/PendingDispatch.php(193): Illuminate\Bus\Dispatcher->dispatch()
#25 /home/1230133.cloudwaysapps.com/uqrqhwsyhk/public_html/app/Console/Commands/Global/DailyDataTransactionFetchCommand.php(95): Illuminate\Foundation\Bus\PendingDispatch->__destruct()
#26 /home/1230133.cloudwaysapps.com/uqrqhwsyhk/public_html/vendor/laravel/framework/src/Illuminate/Container/BoundMethod.php(36): App\Console\Commands\Global\DailyDataTransactionFetchCommand->handle()
#27 /home/1230133.cloudwaysapps.com/uqrqhwsyhk/public_html/vendor/laravel/framework/src/Illuminate/Container/Util.php(41): Illuminate\Container\BoundMethod::Illuminate\Container\{closure}()
#28 /home/1230133.cloudwaysapps.com/uqrqhwsyhk/public_html/vendor/laravel/framework/src/Illuminate/Container/BoundMethod.php(93): Illuminate\Container\Util::unwrapIfClosure()
#29 /home/1230133.cloudwaysapps.com/uqrqhwsyhk/public_html/vendor/laravel/framework/src/Illuminate/Container/BoundMethod.php(35): Illuminate\Container\BoundMethod::callBoundMethod()
#30 /home/1230133.cloudwaysapps.com/uqrqhwsyhk/public_html/vendor/laravel/framework/src/Illuminate/Container/Container.php(661): Illuminate\Container\BoundMethod::call()
#31 /home/1230133.cloudwaysapps.com/uqrqhwsyhk/public_html/vendor/laravel/framework/src/Illuminate/Console/Command.php(183): Illuminate\Container\Container->call()
#32 /home/1230133.cloudwaysapps.com/uqrqhwsyhk/public_html/vendor/symfony/console/Command/Command.php(326): Illuminate\Console\Command->execute()
#33 /home/1230133.cloudwaysapps.com/uqrqhwsyhk/public_html/vendor/laravel/framework/src/Illuminate/Console/Command.php(152): Symfony\Component\Console\Command\Command->run()
#34 /home/1230133.cloudwaysapps.com/uqrqhwsyhk/public_html/vendor/symfony/console/Application.php(1063): Illuminate\Console\Command->run()
#35 /home/1230133.cloudwaysapps.com/uqrqhwsyhk/public_html/vendor/symfony/console/Application.php(320): Symfony\Component\Console\Application->doRunCommand()
#36 /home/1230133.cloudwaysapps.com/uqrqhwsyhk/public_html/vendor/symfony/console/Application.php(174): Symfony\Component\Console\Application->doRun()
#37 /home/1230133.cloudwaysapps.com/uqrqhwsyhk/public_html/vendor/laravel/framework/src/Illuminate/Console/Application.php(102): Symfony\Component\Console\Application->run()
#38 /home/1230133.cloudwaysapps.com/uqrqhwsyhk/public_html/vendor/laravel/framework/src/Illuminate/Foundation/Console/Kernel.php(155): Illuminate\Console\Application->run()
#39 /home/1230133.cloudwaysapps.com/uqrqhwsyhk/public_html/artisan(35): Illuminate\Foundation\Console\Kernel->handle()
#40 {main}  
[2025-10-27 14:03:17] production.ERROR: MODULE NAME: SYNC TRANSACTIONS JOB  
[2025-10-27 14:03:17] production.ERROR: GuzzleHttp\Exception\ConnectException: cURL error 28: Connection timed out after 10000 milliseconds (see https://curl.haxx.se/libcurl/c/libcurl-errors.html) for https://server.linkscircle.com/api/sync-transactions?source=Awin&page=15&start_date=2025-10-22&end_date=2025-10-28 in /home/1230133.cloudwaysapps.com/uqrqhwsyhk/public_html/vendor/guzzlehttp/guzzle/src/Handler/CurlFactory.php:210
Stack trace:
#0 /home/1230133.cloudwaysapps.com/uqrqhwsyhk/public_html/vendor/guzzlehttp/guzzle/src/Handler/CurlFactory.php(158): GuzzleHttp\Handler\CurlFactory::createRejection()
#1 /home/1230133.cloudwaysapps.com/uqrqhwsyhk/public_html/vendor/guzzlehttp/guzzle/src/Handler/CurlFactory.php(110): GuzzleHttp\Handler\CurlFactory::finishError()
#2 /home/1230133.cloudwaysapps.com/uqrqhwsyhk/public_html/vendor/guzzlehttp/guzzle/src/Handler/CurlHandler.php(47): GuzzleHttp\Handler\CurlFactory::finish()
#3 /home/1230133.cloudwaysapps.com/uqrqhwsyhk/public_html/vendor/guzzlehttp/guzzle/src/Handler/Proxy.php(28): GuzzleHttp\Handler\CurlHandler->__invoke()
#4 /home/1230133.cloudwaysapps.com/uqrqhwsyhk/public_html/vendor/guzzlehttp/guzzle/src/Handler/Proxy.php(48): GuzzleHttp\Handler\Proxy::GuzzleHttp\Handler\{closure}()
#5 /home/1230133.cloudwaysapps.com/uqrqhwsyhk/public_html/vendor/laravel/framework/src/Illuminate/Http/Client/PendingRequest.php(1150): GuzzleHttp\Handler\Proxy::GuzzleHttp\Handler\{closure}()
#6 /home/1230133.cloudwaysapps.com/uqrqhwsyhk/public_html/vendor/laravel/framework/src/Illuminate/Http/Client/PendingRequest.php(1116): Illuminate\Http\Client\PendingRequest->Illuminate\Http\Client\{closure}()
#7 /home/1230133.cloudwaysapps.com/uqrqhwsyhk/public_html/vendor/laravel/framework/src/Illuminate/Http/Client/PendingRequest.php(1102): Illuminate\Http\Client\PendingRequest->Illuminate\Http\Client\{closure}()
#8 /home/1230133.cloudwaysapps.com/uqrqhwsyhk/public_html/vendor/guzzlehttp/guzzle/src/PrepareBodyMiddleware.php(35): Illuminate\Http\Client\PendingRequest->Illuminate\Http\Client\{closure}()
#9 /home/1230133.cloudwaysapps.com/uqrqhwsyhk/public_html/vendor/guzzlehttp/guzzle/src/Middleware.php(38): GuzzleHttp\PrepareBodyMiddleware->__invoke()
#10 /home/1230133.cloudwaysapps.com/uqrqhwsyhk/public_html/vendor/guzzlehttp/guzzle/src/RedirectMiddleware.php(71): GuzzleHttp\Middleware::GuzzleHttp\{closure}()
#11 /home/1230133.cloudwaysapps.com/uqrqhwsyhk/public_html/vendor/guzzlehttp/guzzle/src/Middleware.php(63): GuzzleHttp\RedirectMiddleware->__invoke()
#12 /home/1230133.cloudwaysapps.com/uqrqhwsyhk/public_html/vendor/guzzlehttp/guzzle/src/HandlerStack.php(75): GuzzleHttp\Middleware::GuzzleHttp\{closure}()
#13 /home/1230133.cloudwaysapps.com/uqrqhwsyhk/public_html/vendor/guzzlehttp/guzzle/src/Client.php(333): GuzzleHttp\HandlerStack->__invoke()
#14 /home/1230133.cloudwaysapps.com/uqrqhwsyhk/public_html/vendor/guzzlehttp/guzzle/src/Client.php(169): GuzzleHttp\Client->transfer()
#15 /home/1230133.cloudwaysapps.com/uqrqhwsyhk/public_html/vendor/guzzlehttp/guzzle/src/Client.php(189): GuzzleHttp\Client->requestAsync()
#16 /home/1230133.cloudwaysapps.com/uqrqhwsyhk/public_html/vendor/laravel/framework/src/Illuminate/Http/Client/PendingRequest.php(961): GuzzleHttp\Client->request()
#17 /home/1230133.cloudwaysapps.com/uqrqhwsyhk/public_html/vendor/laravel/framework/src/Illuminate/Http/Client/PendingRequest.php(823): Illuminate\Http\Client\PendingRequest->sendRequest()
#18 /home/1230133.cloudwaysapps.com/uqrqhwsyhk/public_html/vendor/laravel/framework/src/Illuminate/Support/helpers.php(247): Illuminate\Http\Client\PendingRequest->Illuminate\Http\Client\{closure}()
#19 /home/1230133.cloudwaysapps.com/uqrqhwsyhk/public_html/vendor/laravel/framework/src/Illuminate/Http/Client/PendingRequest.php(821): retry()
#20 /home/1230133.cloudwaysapps.com/uqrqhwsyhk/public_html/vendor/laravel/framework/src/Illuminate/Http/Client/PendingRequest.php(699): Illuminate\Http\Client\PendingRequest->send()
#21 /home/1230133.cloudwaysapps.com/uqrqhwsyhk/public_html/app/Jobs/Sync/TransactionJob.php(62): Illuminate\Http\Client\PendingRequest->get()
#22 /home/1230133.cloudwaysapps.com/uqrqhwsyhk/public_html/vendor/laravel/framework/src/Illuminate/Container/BoundMethod.php(36): App\Jobs\Sync\TransactionJob->handle()
#23 /home/1230133.cloudwaysapps.com/uqrqhwsyhk/public_html/vendor/laravel/framework/src/Illuminate/Container/Util.php(41): Illuminate\Container\BoundMethod::Illuminate\Container\{closure}()
#24 /home/1230133.cloudwaysapps.com/uqrqhwsyhk/public_html/vendor/laravel/framework/src/Illuminate/Container/BoundMethod.php(93): Illuminate\Container\Util::unwrapIfClosure()
#25 /home/1230133.cloudwaysapps.com/uqrqhwsyhk/public_html/vendor/laravel/framework/src/Illuminate/Container/BoundMethod.php(35): Illuminate\Container\BoundMethod::callBoundMethod()
#26 /home/1230133.cloudwaysapps.com/uqrqhwsyhk/public_html/vendor/laravel/framework/src/Illuminate/Container/Container.php(661): Illuminate\Container\BoundMethod::call()
#27 /home/1230133.cloudwaysapps.com/uqrqhwsyhk/public_html/vendor/laravel/framework/src/Illuminate/Bus/Dispatcher.php(128): Illuminate\Container\Container->call()
#28 /home/1230133.cloudwaysapps.com/uqrqhwsyhk/public_html/vendor/laravel/framework/src/Illuminate/Pipeline/Pipeline.php(141): Illuminate\Bus\Dispatcher->Illuminate\Bus\{closure}()
#29 /home/1230133.cloudwaysapps.com/uqrqhwsyhk/public_html/vendor/laravel/framework/src/Illuminate/Pipeline/Pipeline.php(116): Illuminate\Pipeline\Pipeline->Illuminate\Pipeline\{closure}()
#30 /home/1230133.cloudwaysapps.com/uqrqhwsyhk/public_html/vendor/laravel/framework/src/Illuminate/Bus/Dispatcher.php(132): Illuminate\Pipeline\Pipeline->then()
#31 /home/1230133.cloudwaysapps.com/uqrqhwsyhk/public_html/vendor/laravel/framework/src/Illuminate/Queue/CallQueuedHandler.php(123): Illuminate\Bus\Dispatcher->dispatchNow()
#32 /home/1230133.cloudwaysapps.com/uqrqhwsyhk/public_html/vendor/laravel/framework/src/Illuminate/Pipeline/Pipeline.php(141): Illuminate\Queue\CallQueuedHandler->Illuminate\Queue\{closure}()
#33 /home/1230133.cloudwaysapps.com/uqrqhwsyhk/public_html/vendor/laravel/framework/src/Illuminate/Pipeline/Pipeline.php(116): Illuminate\Pipeline\Pipeline->Illuminate\Pipeline\{closure}()
#34 /home/1230133.cloudwaysapps.com/uqrqhwsyhk/public_html/vendor/laravel/framework/src/Illuminate/Queue/CallQueuedHandler.php(122): Illuminate\Pipeline\Pipeline->then()
#35 /home/1230133.cloudwaysapps.com/uqrqhwsyhk/public_html/vendor/laravel/framework/src/Illuminate/Queue/CallQueuedHandler.php(70): Illuminate\Queue\CallQueuedHandler->dispatchThroughMiddleware()
#36 /home/1230133.cloudwaysapps.com/uqrqhwsyhk/public_html/vendor/laravel/framework/src/Illuminate/Queue/Jobs/Job.php(98): Illuminate\Queue\CallQueuedHandler->call()
#37 /home/1230133.cloudwaysapps.com/uqrqhwsyhk/public_html/vendor/laravel/framework/src/Illuminate/Queue/SyncQueue.php(43): Illuminate\Queue\Jobs\Job->fire()
#38 /home/1230133.cloudwaysapps.com/uqrqhwsyhk/public_html/vendor/laravel/framework/src/Illuminate/Queue/Queue.php(57): Illuminate\Queue\SyncQueue->push()
#39 /home/1230133.cloudwaysapps.com/uqrqhwsyhk/public_html/vendor/laravel/framework/src/Illuminate/Bus/Dispatcher.php(246): Illuminate\Queue\Queue->pushOn()
#40 /home/1230133.cloudwaysapps.com/uqrqhwsyhk/public_html/vendor/laravel/framework/src/Illuminate/Bus/Dispatcher.php(229): Illuminate\Bus\Dispatcher->pushCommandToQueue()
#41 /home/1230133.cloudwaysapps.com/uqrqhwsyhk/public_html/vendor/laravel/framework/src/Illuminate/Bus/Dispatcher.php(77): Illuminate\Bus\Dispatcher->dispatchToQueue()
#42 /home/1230133.cloudwaysapps.com/uqrqhwsyhk/public_html/vendor/laravel/framework/src/Illuminate/Foundation/Bus/PendingDispatch.php(193): Illuminate\Bus\Dispatcher->dispatch()
#43 /home/1230133.cloudwaysapps.com/uqrqhwsyhk/public_html/app/Console/Commands/Global/DailyDataTransactionFetchCommand.php(95): Illuminate\Foundation\Bus\PendingDispatch->__destruct()
#44 /home/1230133.cloudwaysapps.com/uqrqhwsyhk/public_html/vendor/laravel/framework/src/Illuminate/Container/BoundMethod.php(36): App\Console\Commands\Global\DailyDataTransactionFetchCommand->handle()
#45 /home/1230133.cloudwaysapps.com/uqrqhwsyhk/public_html/vendor/laravel/framework/src/Illuminate/Container/Util.php(41): Illuminate\Container\BoundMethod::Illuminate\Container\{closure}()
#46 /home/1230133.cloudwaysapps.com/uqrqhwsyhk/public_html/vendor/laravel/framework/src/Illuminate/Container/BoundMethod.php(93): Illuminate\Container\Util::unwrapIfClosure()
#47 /home/1230133.cloudwaysapps.com/uqrqhwsyhk/public_html/vendor/laravel/framework/src/Illuminate/Container/BoundMethod.php(35): Illuminate\Container\BoundMethod::callBoundMethod()
#48 /home/1230133.cloudwaysapps.com/uqrqhwsyhk/public_html/vendor/laravel/framework/src/Illuminate/Container/Container.php(661): Illuminate\Container\BoundMethod::call()
#49 /home/1230133.cloudwaysapps.com/uqrqhwsyhk/public_html/vendor/laravel/framework/src/Illuminate/Console/Command.php(183): Illuminate\Container\Container->call()
#50 /home/1230133.cloudwaysapps.com/uqrqhwsyhk/public_html/vendor/symfony/console/Command/Command.php(326): Illuminate\Console\Command->execute()
#51 /home/1230133.cloudwaysapps.com/uqrqhwsyhk/public_html/vendor/laravel/framework/src/Illuminate/Console/Command.php(152): Symfony\Component\Console\Command\Command->run()
#52 /home/1230133.cloudwaysapps.com/uqrqhwsyhk/public_html/vendor/symfony/console/Application.php(1063): Illuminate\Console\Command->run()
#53 /home/1230133.cloudwaysapps.com/uqrqhwsyhk/public_html/vendor/symfony/console/Application.php(320): Symfony\Component\Console\Application->doRunCommand()
#54 /home/1230133.cloudwaysapps.com/uqrqhwsyhk/public_html/vendor/symfony/console/Application.php(174): Symfony\Component\Console\Application->doRun()
#55 /home/1230133.cloudwaysapps.com/uqrqhwsyhk/public_html/vendor/laravel/framework/src/Illuminate/Console/Application.php(102): Symfony\Component\Console\Application->run()
#56 /home/1230133.cloudwaysapps.com/uqrqhwsyhk/public_html/vendor/laravel/framework/src/Illuminate/Foundation/Console/Kernel.php(155): Illuminate\Console\Application->run()
#57 /home/1230133.cloudwaysapps.com/uqrqhwsyhk/public_html/artisan(35): Illuminate\Foundation\Console\Kernel->handle()
#58 {main}

Next Illuminate\Http\Client\ConnectionException: cURL error 28: Connection timed out after 10000 milliseconds (see https://curl.haxx.se/libcurl/c/libcurl-errors.html) for https://server.linkscircle.com/api/sync-transactions?source=Awin&page=15&start_date=2025-10-22&end_date=2025-10-28 in /home/1230133.cloudwaysapps.com/uqrqhwsyhk/public_html/vendor/laravel/framework/src/Illuminate/Http/Client/PendingRequest.php:855
Stack trace:
#0 /home/1230133.cloudwaysapps.com/uqrqhwsyhk/public_html/vendor/laravel/framework/src/Illuminate/Support/helpers.php(247): Illuminate\Http\Client\PendingRequest->Illuminate\Http\Client\{closure}()
#1 /home/1230133.cloudwaysapps.com/uqrqhwsyhk/public_html/vendor/laravel/framework/src/Illuminate/Http/Client/PendingRequest.php(821): retry()
#2 /home/1230133.cloudwaysapps.com/uqrqhwsyhk/public_html/vendor/laravel/framework/src/Illuminate/Http/Client/PendingRequest.php(699): Illuminate\Http\Client\PendingRequest->send()
#3 /home/1230133.cloudwaysapps.com/uqrqhwsyhk/public_html/app/Jobs/Sync/TransactionJob.php(62): Illuminate\Http\Client\PendingRequest->get()
#4 /home/1230133.cloudwaysapps.com/uqrqhwsyhk/public_html/vendor/laravel/framework/src/Illuminate/Container/BoundMethod.php(36): App\Jobs\Sync\TransactionJob->handle()
#5 /home/1230133.cloudwaysapps.com/uqrqhwsyhk/public_html/vendor/laravel/framework/src/Illuminate/Container/Util.php(41): Illuminate\Container\BoundMethod::Illuminate\Container\{closure}()
#6 /home/1230133.cloudwaysapps.com/uqrqhwsyhk/public_html/vendor/laravel/framework/src/Illuminate/Container/BoundMethod.php(93): Illuminate\Container\Util::unwrapIfClosure()
#7 /home/1230133.cloudwaysapps.com/uqrqhwsyhk/public_html/vendor/laravel/framework/src/Illuminate/Container/BoundMethod.php(35): Illuminate\Container\BoundMethod::callBoundMethod()
#8 /home/1230133.cloudwaysapps.com/uqrqhwsyhk/public_html/vendor/laravel/framework/src/Illuminate/Container/Container.php(661): Illuminate\Container\BoundMethod::call()
#9 /home/1230133.cloudwaysapps.com/uqrqhwsyhk/public_html/vendor/laravel/framework/src/Illuminate/Bus/Dispatcher.php(128): Illuminate\Container\Container->call()
#10 /home/1230133.cloudwaysapps.com/uqrqhwsyhk/public_html/vendor/laravel/framework/src/Illuminate/Pipeline/Pipeline.php(141): Illuminate\Bus\Dispatcher->Illuminate\Bus\{closure}()
#11 /home/1230133.cloudwaysapps.com/uqrqhwsyhk/public_html/vendor/laravel/framework/src/Illuminate/Pipeline/Pipeline.php(116): Illuminate\Pipeline\Pipeline->Illuminate\Pipeline\{closure}()
#12 /home/1230133.cloudwaysapps.com/uqrqhwsyhk/public_html/vendor/laravel/framework/src/Illuminate/Bus/Dispatcher.php(132): Illuminate\Pipeline\Pipeline->then()
#13 /home/1230133.cloudwaysapps.com/uqrqhwsyhk/public_html/vendor/laravel/framework/src/Illuminate/Queue/CallQueuedHandler.php(123): Illuminate\Bus\Dispatcher->dispatchNow()
#14 /home/1230133.cloudwaysapps.com/uqrqhwsyhk/public_html/vendor/laravel/framework/src/Illuminate/Pipeline/Pipeline.php(141): Illuminate\Queue\CallQueuedHandler->Illuminate\Queue\{closure}()
#15 /home/1230133.cloudwaysapps.com/uqrqhwsyhk/public_html/vendor/laravel/framework/src/Illuminate/Pipeline/Pipeline.php(116): Illuminate\Pipeline\Pipeline->Illuminate\Pipeline\{closure}()
#16 /home/1230133.cloudwaysapps.com/uqrqhwsyhk/public_html/vendor/laravel/framework/src/Illuminate/Queue/CallQueuedHandler.php(122): Illuminate\Pipeline\Pipeline->then()
#17 /home/1230133.cloudwaysapps.com/uqrqhwsyhk/public_html/vendor/laravel/framework/src/Illuminate/Queue/CallQueuedHandler.php(70): Illuminate\Queue\CallQueuedHandler->dispatchThroughMiddleware()
#18 /home/1230133.cloudwaysapps.com/uqrqhwsyhk/public_html/vendor/laravel/framework/src/Illuminate/Queue/Jobs/Job.php(98): Illuminate\Queue\CallQueuedHandler->call()
#19 /home/1230133.cloudwaysapps.com/uqrqhwsyhk/public_html/vendor/laravel/framework/src/Illuminate/Queue/SyncQueue.php(43): Illuminate\Queue\Jobs\Job->fire()
#20 /home/1230133.cloudwaysapps.com/uqrqhwsyhk/public_html/vendor/laravel/framework/src/Illuminate/Queue/Queue.php(57): Illuminate\Queue\SyncQueue->push()
#21 /home/1230133.cloudwaysapps.com/uqrqhwsyhk/public_html/vendor/laravel/framework/src/Illuminate/Bus/Dispatcher.php(246): Illuminate\Queue\Queue->pushOn()
#22 /home/1230133.cloudwaysapps.com/uqrqhwsyhk/public_html/vendor/laravel/framework/src/Illuminate/Bus/Dispatcher.php(229): Illuminate\Bus\Dispatcher->pushCommandToQueue()
#23 /home/1230133.cloudwaysapps.com/uqrqhwsyhk/public_html/vendor/laravel/framework/src/Illuminate/Bus/Dispatcher.php(77): Illuminate\Bus\Dispatcher->dispatchToQueue()
#24 /home/1230133.cloudwaysapps.com/uqrqhwsyhk/public_html/vendor/laravel/framework/src/Illuminate/Foundation/Bus/PendingDispatch.php(193): Illuminate\Bus\Dispatcher->dispatch()
#25 /home/1230133.cloudwaysapps.com/uqrqhwsyhk/public_html/app/Console/Commands/Global/DailyDataTransactionFetchCommand.php(95): Illuminate\Foundation\Bus\PendingDispatch->__destruct()
#26 /home/1230133.cloudwaysapps.com/uqrqhwsyhk/public_html/vendor/laravel/framework/src/Illuminate/Container/BoundMethod.php(36): App\Console\Commands\Global\DailyDataTransactionFetchCommand->handle()
#27 /home/1230133.cloudwaysapps.com/uqrqhwsyhk/public_html/vendor/laravel/framework/src/Illuminate/Container/Util.php(41): Illuminate\Container\BoundMethod::Illuminate\Container\{closure}()
#28 /home/1230133.cloudwaysapps.com/uqrqhwsyhk/public_html/vendor/laravel/framework/src/Illuminate/Container/BoundMethod.php(93): Illuminate\Container\Util::unwrapIfClosure()
#29 /home/1230133.cloudwaysapps.com/uqrqhwsyhk/public_html/vendor/laravel/framework/src/Illuminate/Container/BoundMethod.php(35): Illuminate\Container\BoundMethod::callBoundMethod()
#30 /home/1230133.cloudwaysapps.com/uqrqhwsyhk/public_html/vendor/laravel/framework/src/Illuminate/Container/Container.php(661): Illuminate\Container\BoundMethod::call()
#31 /home/1230133.cloudwaysapps.com/uqrqhwsyhk/public_html/vendor/laravel/framework/src/Illuminate/Console/Command.php(183): Illuminate\Container\Container->call()
#32 /home/1230133.cloudwaysapps.com/uqrqhwsyhk/public_html/vendor/symfony/console/Command/Command.php(326): Illuminate\Console\Command->execute()
#33 /home/1230133.cloudwaysapps.com/uqrqhwsyhk/public_html/vendor/laravel/framework/src/Illuminate/Console/Command.php(152): Symfony\Component\Console\Command\Command->run()
#34 /home/1230133.cloudwaysapps.com/uqrqhwsyhk/public_html/vendor/symfony/console/Application.php(1063): Illuminate\Console\Command->run()
#35 /home/1230133.cloudwaysapps.com/uqrqhwsyhk/public_html/vendor/symfony/console/Application.php(320): Symfony\Component\Console\Application->doRunCommand()
#36 /home/1230133.cloudwaysapps.com/uqrqhwsyhk/public_html/vendor/symfony/console/Application.php(174): Symfony\Component\Console\Application->doRun()
#37 /home/1230133.cloudwaysapps.com/uqrqhwsyhk/public_html/vendor/laravel/framework/src/Illuminate/Console/Application.php(102): Symfony\Component\Console\Application->run()
#38 /home/1230133.cloudwaysapps.com/uqrqhwsyhk/public_html/vendor/laravel/framework/src/Illuminate/Foundation/Console/Kernel.php(155): Illuminate\Console\Application->run()
#39 /home/1230133.cloudwaysapps.com/uqrqhwsyhk/public_html/artisan(35): Illuminate\Foundation\Console\Kernel->handle()
#40 {main}  
[2025-10-27 14:03:18] production.ERROR: MODULE NAME: SYNC TRANSACTIONS JOB  
[2025-10-27 14:03:18] production.ERROR: GuzzleHttp\Exception\ConnectException: cURL error 28: Connection timed out after 10000 milliseconds (see https://curl.haxx.se/libcurl/c/libcurl-errors.html) for https://server.linkscircle.com/api/sync-transactions?source=Awin&page=29&start_date=2025-10-22&end_date=2025-10-28 in /home/1230133.cloudwaysapps.com/uqrqhwsyhk/public_html/vendor/guzzlehttp/guzzle/src/Handler/CurlFactory.php:210
Stack trace:
#0 /home/1230133.cloudwaysapps.com/uqrqhwsyhk/public_html/vendor/guzzlehttp/guzzle/src/Handler/CurlFactory.php(158): GuzzleHttp\Handler\CurlFactory::createRejection()
#1 /home/1230133.cloudwaysapps.com/uqrqhwsyhk/public_html/vendor/guzzlehttp/guzzle/src/Handler/CurlFactory.php(110): GuzzleHttp\Handler\CurlFactory::finishError()
#2 /home/1230133.cloudwaysapps.com/uqrqhwsyhk/public_html/vendor/guzzlehttp/guzzle/src/Handler/CurlHandler.php(47): GuzzleHttp\Handler\CurlFactory::finish()
#3 /home/1230133.cloudwaysapps.com/uqrqhwsyhk/public_html/vendor/guzzlehttp/guzzle/src/Handler/Proxy.php(28): GuzzleHttp\Handler\CurlHandler->__invoke()
#4 /home/1230133.cloudwaysapps.com/uqrqhwsyhk/public_html/vendor/guzzlehttp/guzzle/src/Handler/Proxy.php(48): GuzzleHttp\Handler\Proxy::GuzzleHttp\Handler\{closure}()
#5 /home/1230133.cloudwaysapps.com/uqrqhwsyhk/public_html/vendor/laravel/framework/src/Illuminate/Http/Client/PendingRequest.php(1150): GuzzleHttp\Handler\Proxy::GuzzleHttp\Handler\{closure}()
#6 /home/1230133.cloudwaysapps.com/uqrqhwsyhk/public_html/vendor/laravel/framework/src/Illuminate/Http/Client/PendingRequest.php(1116): Illuminate\Http\Client\PendingRequest->Illuminate\Http\Client\{closure}()
#7 /home/1230133.cloudwaysapps.com/uqrqhwsyhk/public_html/vendor/laravel/framework/src/Illuminate/Http/Client/PendingRequest.php(1102): Illuminate\Http\Client\PendingRequest->Illuminate\Http\Client\{closure}()
#8 /home/1230133.cloudwaysapps.com/uqrqhwsyhk/public_html/vendor/guzzlehttp/guzzle/src/PrepareBodyMiddleware.php(35): Illuminate\Http\Client\PendingRequest->Illuminate\Http\Client\{closure}()
#9 /home/1230133.cloudwaysapps.com/uqrqhwsyhk/public_html/vendor/guzzlehttp/guzzle/src/Middleware.php(38): GuzzleHttp\PrepareBodyMiddleware->__invoke()
#10 /home/1230133.cloudwaysapps.com/uqrqhwsyhk/public_html/vendor/guzzlehttp/guzzle/src/RedirectMiddleware.php(71): GuzzleHttp\Middleware::GuzzleHttp\{closure}()
#11 /home/1230133.cloudwaysapps.com/uqrqhwsyhk/public_html/vendor/guzzlehttp/guzzle/src/Middleware.php(63): GuzzleHttp\RedirectMiddleware->__invoke()
#12 /home/1230133.cloudwaysapps.com/uqrqhwsyhk/public_html/vendor/guzzlehttp/guzzle/src/HandlerStack.php(75): GuzzleHttp\Middleware::GuzzleHttp\{closure}()
#13 /home/1230133.cloudwaysapps.com/uqrqhwsyhk/public_html/vendor/guzzlehttp/guzzle/src/Client.php(333): GuzzleHttp\HandlerStack->__invoke()
#14 /home/1230133.cloudwaysapps.com/uqrqhwsyhk/public_html/vendor/guzzlehttp/guzzle/src/Client.php(169): GuzzleHttp\Client->transfer()
#15 /home/1230133.cloudwaysapps.com/uqrqhwsyhk/public_html/vendor/guzzlehttp/guzzle/src/Client.php(189): GuzzleHttp\Client->requestAsync()
#16 /home/1230133.cloudwaysapps.com/uqrqhwsyhk/public_html/vendor/laravel/framework/src/Illuminate/Http/Client/PendingRequest.php(961): GuzzleHttp\Client->request()
#17 /home/1230133.cloudwaysapps.com/uqrqhwsyhk/public_html/vendor/laravel/framework/src/Illuminate/Http/Client/PendingRequest.php(823): Illuminate\Http\Client\PendingRequest->sendRequest()
#18 /home/1230133.cloudwaysapps.com/uqrqhwsyhk/public_html/vendor/laravel/framework/src/Illuminate/Support/helpers.php(247): Illuminate\Http\Client\PendingRequest->Illuminate\Http\Client\{closure}()
#19 /home/1230133.cloudwaysapps.com/uqrqhwsyhk/public_html/vendor/laravel/framework/src/Illuminate/Http/Client/PendingRequest.php(821): retry()
#20 /home/1230133.cloudwaysapps.com/uqrqhwsyhk/public_html/vendor/laravel/framework/src/Illuminate/Http/Client/PendingRequest.php(699): Illuminate\Http\Client\PendingRequest->send()
#21 /home/1230133.cloudwaysapps.com/uqrqhwsyhk/public_html/app/Jobs/Sync/TransactionJob.php(62): Illuminate\Http\Client\PendingRequest->get()
#22 /home/1230133.cloudwaysapps.com/uqrqhwsyhk/public_html/vendor/laravel/framework/src/Illuminate/Container/BoundMethod.php(36): App\Jobs\Sync\TransactionJob->handle()
#23 /home/1230133.cloudwaysapps.com/uqrqhwsyhk/public_html/vendor/laravel/framework/src/Illuminate/Container/Util.php(41): Illuminate\Container\BoundMethod::Illuminate\Container\{closure}()
#24 /home/1230133.cloudwaysapps.com/uqrqhwsyhk/public_html/vendor/laravel/framework/src/Illuminate/Container/BoundMethod.php(93): Illuminate\Container\Util::unwrapIfClosure()
#25 /home/1230133.cloudwaysapps.com/uqrqhwsyhk/public_html/vendor/laravel/framework/src/Illuminate/Container/BoundMethod.php(35): Illuminate\Container\BoundMethod::callBoundMethod()
#26 /home/1230133.cloudwaysapps.com/uqrqhwsyhk/public_html/vendor/laravel/framework/src/Illuminate/Container/Container.php(661): Illuminate\Container\BoundMethod::call()
#27 /home/1230133.cloudwaysapps.com/uqrqhwsyhk/public_html/vendor/laravel/framework/src/Illuminate/Bus/Dispatcher.php(128): Illuminate\Container\Container->call()
#28 /home/1230133.cloudwaysapps.com/uqrqhwsyhk/public_html/vendor/laravel/framework/src/Illuminate/Pipeline/Pipeline.php(141): Illuminate\Bus\Dispatcher->Illuminate\Bus\{closure}()
#29 /home/1230133.cloudwaysapps.com/uqrqhwsyhk/public_html/vendor/laravel/framework/src/Illuminate/Pipeline/Pipeline.php(116): Illuminate\Pipeline\Pipeline->Illuminate\Pipeline\{closure}()
#30 /home/1230133.cloudwaysapps.com/uqrqhwsyhk/public_html/vendor/laravel/framework/src/Illuminate/Bus/Dispatcher.php(132): Illuminate\Pipeline\Pipeline->then()
#31 /home/1230133.cloudwaysapps.com/uqrqhwsyhk/public_html/vendor/laravel/framework/src/Illuminate/Queue/CallQueuedHandler.php(123): Illuminate\Bus\Dispatcher->dispatchNow()
#32 /home/1230133.cloudwaysapps.com/uqrqhwsyhk/public_html/vendor/laravel/framework/src/Illuminate/Pipeline/Pipeline.php(141): Illuminate\Queue\CallQueuedHandler->Illuminate\Queue\{closure}()
#33 /home/1230133.cloudwaysapps.com/uqrqhwsyhk/public_html/vendor/laravel/framework/src/Illuminate/Pipeline/Pipeline.php(116): Illuminate\Pipeline\Pipeline->Illuminate\Pipeline\{closure}()
#34 /home/1230133.cloudwaysapps.com/uqrqhwsyhk/public_html/vendor/laravel/framework/src/Illuminate/Queue/CallQueuedHandler.php(122): Illuminate\Pipeline\Pipeline->then()
#35 /home/1230133.cloudwaysapps.com/uqrqhwsyhk/public_html/vendor/laravel/framework/src/Illuminate/Queue/CallQueuedHandler.php(70): Illuminate\Queue\CallQueuedHandler->dispatchThroughMiddleware()
#36 /home/1230133.cloudwaysapps.com/uqrqhwsyhk/public_html/vendor/laravel/framework/src/Illuminate/Queue/Jobs/Job.php(98): Illuminate\Queue\CallQueuedHandler->call()
#37 /home/1230133.cloudwaysapps.com/uqrqhwsyhk/public_html/vendor/laravel/framework/src/Illuminate/Queue/SyncQueue.php(43): Illuminate\Queue\Jobs\Job->fire()
#38 /home/1230133.cloudwaysapps.com/uqrqhwsyhk/public_html/vendor/laravel/framework/src/Illuminate/Queue/Queue.php(57): Illuminate\Queue\SyncQueue->push()
#39 /home/1230133.cloudwaysapps.com/uqrqhwsyhk/public_html/vendor/laravel/framework/src/Illuminate/Bus/Dispatcher.php(246): Illuminate\Queue\Queue->pushOn()
#40 /home/1230133.cloudwaysapps.com/uqrqhwsyhk/public_html/vendor/laravel/framework/src/Illuminate/Bus/Dispatcher.php(229): Illuminate\Bus\Dispatcher->pushCommandToQueue()
#41 /home/1230133.cloudwaysapps.com/uqrqhwsyhk/public_html/vendor/laravel/framework/src/Illuminate/Bus/Dispatcher.php(77): Illuminate\Bus\Dispatcher->dispatchToQueue()
#42 /home/1230133.cloudwaysapps.com/uqrqhwsyhk/public_html/vendor/laravel/framework/src/Illuminate/Foundation/Bus/PendingDispatch.php(193): Illuminate\Bus\Dispatcher->dispatch()
#43 /home/1230133.cloudwaysapps.com/uqrqhwsyhk/public_html/app/Console/Commands/Global/DailyDataTransactionFetchCommand.php(95): Illuminate\Foundation\Bus\PendingDispatch->__destruct()
#44 /home/1230133.cloudwaysapps.com/uqrqhwsyhk/public_html/vendor/laravel/framework/src/Illuminate/Container/BoundMethod.php(36): App\Console\Commands\Global\DailyDataTransactionFetchCommand->handle()
#45 /home/1230133.cloudwaysapps.com/uqrqhwsyhk/public_html/vendor/laravel/framework/src/Illuminate/Container/Util.php(41): Illuminate\Container\BoundMethod::Illuminate\Container\{closure}()
#46 /home/1230133.cloudwaysapps.com/uqrqhwsyhk/public_html/vendor/laravel/framework/src/Illuminate/Container/BoundMethod.php(93): Illuminate\Container\Util::unwrapIfClosure()
#47 /home/1230133.cloudwaysapps.com/uqrqhwsyhk/public_html/vendor/laravel/framework/src/Illuminate/Container/BoundMethod.php(35): Illuminate\Container\BoundMethod::callBoundMethod()
#48 /home/1230133.cloudwaysapps.com/uqrqhwsyhk/public_html/vendor/laravel/framework/src/Illuminate/Container/Container.php(661): Illuminate\Container\BoundMethod::call()
#49 /home/1230133.cloudwaysapps.com/uqrqhwsyhk/public_html/vendor/laravel/framework/src/Illuminate/Console/Command.php(183): Illuminate\Container\Container->call()
#50 /home/1230133.cloudwaysapps.com/uqrqhwsyhk/public_html/vendor/symfony/console/Command/Command.php(326): Illuminate\Console\Command->execute()
#51 /home/1230133.cloudwaysapps.com/uqrqhwsyhk/public_html/vendor/laravel/framework/src/Illuminate/Console/Command.php(152): Symfony\Component\Console\Command\Command->run()
#52 /home/1230133.cloudwaysapps.com/uqrqhwsyhk/public_html/vendor/symfony/console/Application.php(1063): Illuminate\Console\Command->run()
#53 /home/1230133.cloudwaysapps.com/uqrqhwsyhk/public_html/vendor/symfony/console/Application.php(320): Symfony\Component\Console\Application->doRunCommand()
#54 /home/1230133.cloudwaysapps.com/uqrqhwsyhk/public_html/vendor/symfony/console/Application.php(174): Symfony\Component\Console\Application->doRun()
#55 /home/1230133.cloudwaysapps.com/uqrqhwsyhk/public_html/vendor/laravel/framework/src/Illuminate/Console/Application.php(102): Symfony\Component\Console\Application->run()
#56 /home/1230133.cloudwaysapps.com/uqrqhwsyhk/public_html/vendor/laravel/framework/src/Illuminate/Foundation/Console/Kernel.php(155): Illuminate\Console\Application->run()
#57 /home/1230133.cloudwaysapps.com/uqrqhwsyhk/public_html/artisan(35): Illuminate\Foundation\Console\Kernel->handle()
#58 {main}

Next Illuminate\Http\Client\ConnectionException: cURL error 28: Connection timed out after 10000 milliseconds (see https://curl.haxx.se/libcurl/c/libcurl-errors.html) for https://server.linkscircle.com/api/sync-transactions?source=Awin&page=29&start_date=2025-10-22&end_date=2025-10-28 in /home/1230133.cloudwaysapps.com/uqrqhwsyhk/public_html/vendor/laravel/framework/src/Illuminate/Http/Client/PendingRequest.php:855
Stack trace:
#0 /home/1230133.cloudwaysapps.com/uqrqhwsyhk/public_html/vendor/laravel/framework/src/Illuminate/Support/helpers.php(247): Illuminate\Http\Client\PendingRequest->Illuminate\Http\Client\{closure}()
#1 /home/1230133.cloudwaysapps.com/uqrqhwsyhk/public_html/vendor/laravel/framework/src/Illuminate/Http/Client/PendingRequest.php(821): retry()
#2 /home/1230133.cloudwaysapps.com/uqrqhwsyhk/public_html/vendor/laravel/framework/src/Illuminate/Http/Client/PendingRequest.php(699): Illuminate\Http\Client\PendingRequest->send()
#3 /home/1230133.cloudwaysapps.com/uqrqhwsyhk/public_html/app/Jobs/Sync/TransactionJob.php(62): Illuminate\Http\Client\PendingRequest->get()
#4 /home/1230133.cloudwaysapps.com/uqrqhwsyhk/public_html/vendor/laravel/framework/src/Illuminate/Container/BoundMethod.php(36): App\Jobs\Sync\TransactionJob->handle()
#5 /home/1230133.cloudwaysapps.com/uqrqhwsyhk/public_html/vendor/laravel/framework/src/Illuminate/Container/Util.php(41): Illuminate\Container\BoundMethod::Illuminate\Container\{closure}()
#6 /home/1230133.cloudwaysapps.com/uqrqhwsyhk/public_html/vendor/laravel/framework/src/Illuminate/Container/BoundMethod.php(93): Illuminate\Container\Util::unwrapIfClosure()
#7 /home/1230133.cloudwaysapps.com/uqrqhwsyhk/public_html/vendor/laravel/framework/src/Illuminate/Container/BoundMethod.php(35): Illuminate\Container\BoundMethod::callBoundMethod()
#8 /home/1230133.cloudwaysapps.com/uqrqhwsyhk/public_html/vendor/laravel/framework/src/Illuminate/Container/Container.php(661): Illuminate\Container\BoundMethod::call()
#9 /home/1230133.cloudwaysapps.com/uqrqhwsyhk/public_html/vendor/laravel/framework/src/Illuminate/Bus/Dispatcher.php(128): Illuminate\Container\Container->call()
#10 /home/1230133.cloudwaysapps.com/uqrqhwsyhk/public_html/vendor/laravel/framework/src/Illuminate/Pipeline/Pipeline.php(141): Illuminate\Bus\Dispatcher->Illuminate\Bus\{closure}()
#11 /home/1230133.cloudwaysapps.com/uqrqhwsyhk/public_html/vendor/laravel/framework/src/Illuminate/Pipeline/Pipeline.php(116): Illuminate\Pipeline\Pipeline->Illuminate\Pipeline\{closure}()
#12 /home/1230133.cloudwaysapps.com/uqrqhwsyhk/public_html/vendor/laravel/framework/src/Illuminate/Bus/Dispatcher.php(132): Illuminate\Pipeline\Pipeline->then()
#13 /home/1230133.cloudwaysapps.com/uqrqhwsyhk/public_html/vendor/laravel/framework/src/Illuminate/Queue/CallQueuedHandler.php(123): Illuminate\Bus\Dispatcher->dispatchNow()
#14 /home/1230133.cloudwaysapps.com/uqrqhwsyhk/public_html/vendor/laravel/framework/src/Illuminate/Pipeline/Pipeline.php(141): Illuminate\Queue\CallQueuedHandler->Illuminate\Queue\{closure}()
#15 /home/1230133.cloudwaysapps.com/uqrqhwsyhk/public_html/vendor/laravel/framework/src/Illuminate/Pipeline/Pipeline.php(116): Illuminate\Pipeline\Pipeline->Illuminate\Pipeline\{closure}()
#16 /home/1230133.cloudwaysapps.com/uqrqhwsyhk/public_html/vendor/laravel/framework/src/Illuminate/Queue/CallQueuedHandler.php(122): Illuminate\Pipeline\Pipeline->then()
#17 /home/1230133.cloudwaysapps.com/uqrqhwsyhk/public_html/vendor/laravel/framework/src/Illuminate/Queue/CallQueuedHandler.php(70): Illuminate\Queue\CallQueuedHandler->dispatchThroughMiddleware()
#18 /home/1230133.cloudwaysapps.com/uqrqhwsyhk/public_html/vendor/laravel/framework/src/Illuminate/Queue/Jobs/Job.php(98): Illuminate\Queue\CallQueuedHandler->call()
#19 /home/1230133.cloudwaysapps.com/uqrqhwsyhk/public_html/vendor/laravel/framework/src/Illuminate/Queue/SyncQueue.php(43): Illuminate\Queue\Jobs\Job->fire()
#20 /home/1230133.cloudwaysapps.com/uqrqhwsyhk/public_html/vendor/laravel/framework/src/Illuminate/Queue/Queue.php(57): Illuminate\Queue\SyncQueue->push()
#21 /home/1230133.cloudwaysapps.com/uqrqhwsyhk/public_html/vendor/laravel/framework/src/Illuminate/Bus/Dispatcher.php(246): Illuminate\Queue\Queue->pushOn()
#22 /home/1230133.cloudwaysapps.com/uqrqhwsyhk/public_html/vendor/laravel/framework/src/Illuminate/Bus/Dispatcher.php(229): Illuminate\Bus\Dispatcher->pushCommandToQueue()
#23 /home/1230133.cloudwaysapps.com/uqrqhwsyhk/public_html/vendor/laravel/framework/src/Illuminate/Bus/Dispatcher.php(77): Illuminate\Bus\Dispatcher->dispatchToQueue()
#24 /home/1230133.cloudwaysapps.com/uqrqhwsyhk/public_html/vendor/laravel/framework/src/Illuminate/Foundation/Bus/PendingDispatch.php(193): Illuminate\Bus\Dispatcher->dispatch()
#25 /home/1230133.cloudwaysapps.com/uqrqhwsyhk/public_html/app/Console/Commands/Global/DailyDataTransactionFetchCommand.php(95): Illuminate\Foundation\Bus\PendingDispatch->__destruct()
#26 /home/1230133.cloudwaysapps.com/uqrqhwsyhk/public_html/vendor/laravel/framework/src/Illuminate/Container/BoundMethod.php(36): App\Console\Commands\Global\DailyDataTransactionFetchCommand->handle()
#27 /home/1230133.cloudwaysapps.com/uqrqhwsyhk/public_html/vendor/laravel/framework/src/Illuminate/Container/Util.php(41): Illuminate\Container\BoundMethod::Illuminate\Container\{closure}()
#28 /home/1230133.cloudwaysapps.com/uqrqhwsyhk/public_html/vendor/laravel/framework/src/Illuminate/Container/BoundMethod.php(93): Illuminate\Container\Util::unwrapIfClosure()
#29 /home/1230133.cloudwaysapps.com/uqrqhwsyhk/public_html/vendor/laravel/framework/src/Illuminate/Container/BoundMethod.php(35): Illuminate\Container\BoundMethod::callBoundMethod()
#30 /home/1230133.cloudwaysapps.com/uqrqhwsyhk/public_html/vendor/laravel/framework/src/Illuminate/Container/Container.php(661): Illuminate\Container\BoundMethod::call()
#31 /home/1230133.cloudwaysapps.com/uqrqhwsyhk/public_html/vendor/laravel/framework/src/Illuminate/Console/Command.php(183): Illuminate\Container\Container->call()
#32 /home/1230133.cloudwaysapps.com/uqrqhwsyhk/public_html/vendor/symfony/console/Command/Command.php(326): Illuminate\Console\Command->execute()
#33 /home/1230133.cloudwaysapps.com/uqrqhwsyhk/public_html/vendor/laravel/framework/src/Illuminate/Console/Command.php(152): Symfony\Component\Console\Command\Command->run()
#34 /home/1230133.cloudwaysapps.com/uqrqhwsyhk/public_html/vendor/symfony/console/Application.php(1063): Illuminate\Console\Command->run()
#35 /home/1230133.cloudwaysapps.com/uqrqhwsyhk/public_html/vendor/symfony/console/Application.php(320): Symfony\Component\Console\Application->doRunCommand()
#36 /home/1230133.cloudwaysapps.com/uqrqhwsyhk/public_html/vendor/symfony/console/Application.php(174): Symfony\Component\Console\Application->doRun()
#37 /home/1230133.cloudwaysapps.com/uqrqhwsyhk/public_html/vendor/laravel/framework/src/Illuminate/Console/Application.php(102): Symfony\Component\Console\Application->run()
#38 /home/1230133.cloudwaysapps.com/uqrqhwsyhk/public_html/vendor/laravel/framework/src/Illuminate/Foundation/Console/Kernel.php(155): Illuminate\Console\Application->run()
#39 /home/1230133.cloudwaysapps.com/uqrqhwsyhk/public_html/artisan(35): Illuminate\Foundation\Console\Kernel->handle()
#40 {main}  
[2025-10-27 14:03:32] production.ERROR: MODULE NAME: SYNC TRANSACTIONS JOB  
[2025-10-27 14:03:32] production.ERROR: GuzzleHttp\Exception\ConnectException: cURL error 28: Connection timed out after 10000 milliseconds (see https://curl.haxx.se/libcurl/c/libcurl-errors.html) for https://server.linkscircle.com/api/sync-transactions?source=Awin&page=12&start_date=2025-10-22&end_date=2025-10-28 in /home/1230133.cloudwaysapps.com/uqrqhwsyhk/public_html/vendor/guzzlehttp/guzzle/src/Handler/CurlFactory.php:210
Stack trace:
#0 /home/1230133.cloudwaysapps.com/uqrqhwsyhk/public_html/vendor/guzzlehttp/guzzle/src/Handler/CurlFactory.php(158): GuzzleHttp\Handler\CurlFactory::createRejection()
#1 /home/1230133.cloudwaysapps.com/uqrqhwsyhk/public_html/vendor/guzzlehttp/guzzle/src/Handler/CurlFactory.php(110): GuzzleHttp\Handler\CurlFactory::finishError()
#2 /home/1230133.cloudwaysapps.com/uqrqhwsyhk/public_html/vendor/guzzlehttp/guzzle/src/Handler/CurlHandler.php(47): GuzzleHttp\Handler\CurlFactory::finish()
#3 /home/1230133.cloudwaysapps.com/uqrqhwsyhk/public_html/vendor/guzzlehttp/guzzle/src/Handler/Proxy.php(28): GuzzleHttp\Handler\CurlHandler->__invoke()
#4 /home/1230133.cloudwaysapps.com/uqrqhwsyhk/public_html/vendor/guzzlehttp/guzzle/src/Handler/Proxy.php(48): GuzzleHttp\Handler\Proxy::GuzzleHttp\Handler\{closure}()
#5 /home/1230133.cloudwaysapps.com/uqrqhwsyhk/public_html/vendor/laravel/framework/src/Illuminate/Http/Client/PendingRequest.php(1150): GuzzleHttp\Handler\Proxy::GuzzleHttp\Handler\{closure}()
#6 /home/1230133.cloudwaysapps.com/uqrqhwsyhk/public_html/vendor/laravel/framework/src/Illuminate/Http/Client/PendingRequest.php(1116): Illuminate\Http\Client\PendingRequest->Illuminate\Http\Client\{closure}()
#7 /home/1230133.cloudwaysapps.com/uqrqhwsyhk/public_html/vendor/laravel/framework/src/Illuminate/Http/Client/PendingRequest.php(1102): Illuminate\Http\Client\PendingRequest->Illuminate\Http\Client\{closure}()
#8 /home/1230133.cloudwaysapps.com/uqrqhwsyhk/public_html/vendor/guzzlehttp/guzzle/src/PrepareBodyMiddleware.php(35): Illuminate\Http\Client\PendingRequest->Illuminate\Http\Client\{closure}()
#9 /home/1230133.cloudwaysapps.com/uqrqhwsyhk/public_html/vendor/guzzlehttp/guzzle/src/Middleware.php(38): GuzzleHttp\PrepareBodyMiddleware->__invoke()
#10 /home/1230133.cloudwaysapps.com/uqrqhwsyhk/public_html/vendor/guzzlehttp/guzzle/src/RedirectMiddleware.php(71): GuzzleHttp\Middleware::GuzzleHttp\{closure}()
#11 /home/1230133.cloudwaysapps.com/uqrqhwsyhk/public_html/vendor/guzzlehttp/guzzle/src/Middleware.php(63): GuzzleHttp\RedirectMiddleware->__invoke()
#12 /home/1230133.cloudwaysapps.com/uqrqhwsyhk/public_html/vendor/guzzlehttp/guzzle/src/HandlerStack.php(75): GuzzleHttp\Middleware::GuzzleHttp\{closure}()
#13 /home/1230133.cloudwaysapps.com/uqrqhwsyhk/public_html/vendor/guzzlehttp/guzzle/src/Client.php(333): GuzzleHttp\HandlerStack->__invoke()
#14 /home/1230133.cloudwaysapps.com/uqrqhwsyhk/public_html/vendor/guzzlehttp/guzzle/src/Client.php(169): GuzzleHttp\Client->transfer()
#15 /home/1230133.cloudwaysapps.com/uqrqhwsyhk/public_html/vendor/guzzlehttp/guzzle/src/Client.php(189): GuzzleHttp\Client->requestAsync()
#16 /home/1230133.cloudwaysapps.com/uqrqhwsyhk/public_html/vendor/laravel/framework/src/Illuminate/Http/Client/PendingRequest.php(961): GuzzleHttp\Client->request()
#17 /home/1230133.cloudwaysapps.com/uqrqhwsyhk/public_html/vendor/laravel/framework/src/Illuminate/Http/Client/PendingRequest.php(823): Illuminate\Http\Client\PendingRequest->sendRequest()
#18 /home/1230133.cloudwaysapps.com/uqrqhwsyhk/public_html/vendor/laravel/framework/src/Illuminate/Support/helpers.php(247): Illuminate\Http\Client\PendingRequest->Illuminate\Http\Client\{closure}()
#19 /home/1230133.cloudwaysapps.com/uqrqhwsyhk/public_html/vendor/laravel/framework/src/Illuminate/Http/Client/PendingRequest.php(821): retry()
#20 /home/1230133.cloudwaysapps.com/uqrqhwsyhk/public_html/vendor/laravel/framework/src/Illuminate/Http/Client/PendingRequest.php(699): Illuminate\Http\Client\PendingRequest->send()
#21 /home/1230133.cloudwaysapps.com/uqrqhwsyhk/public_html/app/Jobs/Sync/TransactionJob.php(62): Illuminate\Http\Client\PendingRequest->get()
#22 /home/1230133.cloudwaysapps.com/uqrqhwsyhk/public_html/vendor/laravel/framework/src/Illuminate/Container/BoundMethod.php(36): App\Jobs\Sync\TransactionJob->handle()
#23 /home/1230133.cloudwaysapps.com/uqrqhwsyhk/public_html/vendor/laravel/framework/src/Illuminate/Container/Util.php(41): Illuminate\Container\BoundMethod::Illuminate\Container\{closure}()
#24 /home/1230133.cloudwaysapps.com/uqrqhwsyhk/public_html/vendor/laravel/framework/src/Illuminate/Container/BoundMethod.php(93): Illuminate\Container\Util::unwrapIfClosure()
#25 /home/1230133.cloudwaysapps.com/uqrqhwsyhk/public_html/vendor/laravel/framework/src/Illuminate/Container/BoundMethod.php(35): Illuminate\Container\BoundMethod::callBoundMethod()
#26 /home/1230133.cloudwaysapps.com/uqrqhwsyhk/public_html/vendor/laravel/framework/src/Illuminate/Container/Container.php(661): Illuminate\Container\BoundMethod::call()
#27 /home/1230133.cloudwaysapps.com/uqrqhwsyhk/public_html/vendor/laravel/framework/src/Illuminate/Bus/Dispatcher.php(128): Illuminate\Container\Container->call()
#28 /home/1230133.cloudwaysapps.com/uqrqhwsyhk/public_html/vendor/laravel/framework/src/Illuminate/Pipeline/Pipeline.php(141): Illuminate\Bus\Dispatcher->Illuminate\Bus\{closure}()
#29 /home/1230133.cloudwaysapps.com/uqrqhwsyhk/public_html/vendor/laravel/framework/src/Illuminate/Pipeline/Pipeline.php(116): Illuminate\Pipeline\Pipeline->Illuminate\Pipeline\{closure}()
#30 /home/1230133.cloudwaysapps.com/uqrqhwsyhk/public_html/vendor/laravel/framework/src/Illuminate/Bus/Dispatcher.php(132): Illuminate\Pipeline\Pipeline->then()
#31 /home/1230133.cloudwaysapps.com/uqrqhwsyhk/public_html/vendor/laravel/framework/src/Illuminate/Queue/CallQueuedHandler.php(123): Illuminate\Bus\Dispatcher->dispatchNow()
#32 /home/1230133.cloudwaysapps.com/uqrqhwsyhk/public_html/vendor/laravel/framework/src/Illuminate/Pipeline/Pipeline.php(141): Illuminate\Queue\CallQueuedHandler->Illuminate\Queue\{closure}()
#33 /home/1230133.cloudwaysapps.com/uqrqhwsyhk/public_html/vendor/laravel/framework/src/Illuminate/Pipeline/Pipeline.php(116): Illuminate\Pipeline\Pipeline->Illuminate\Pipeline\{closure}()
#34 /home/1230133.cloudwaysapps.com/uqrqhwsyhk/public_html/vendor/laravel/framework/src/Illuminate/Queue/CallQueuedHandler.php(122): Illuminate\Pipeline\Pipeline->then()
#35 /home/1230133.cloudwaysapps.com/uqrqhwsyhk/public_html/vendor/laravel/framework/src/Illuminate/Queue/CallQueuedHandler.php(70): Illuminate\Queue\CallQueuedHandler->dispatchThroughMiddleware()
#36 /home/1230133.cloudwaysapps.com/uqrqhwsyhk/public_html/vendor/laravel/framework/src/Illuminate/Queue/Jobs/Job.php(98): Illuminate\Queue\CallQueuedHandler->call()
#37 /home/1230133.cloudwaysapps.com/uqrqhwsyhk/public_html/vendor/laravel/framework/src/Illuminate/Queue/SyncQueue.php(43): Illuminate\Queue\Jobs\Job->fire()
#38 /home/1230133.cloudwaysapps.com/uqrqhwsyhk/public_html/vendor/laravel/framework/src/Illuminate/Queue/Queue.php(57): Illuminate\Queue\SyncQueue->push()
#39 /home/1230133.cloudwaysapps.com/uqrqhwsyhk/public_html/vendor/laravel/framework/src/Illuminate/Bus/Dispatcher.php(246): Illuminate\Queue\Queue->pushOn()
#40 /home/1230133.cloudwaysapps.com/uqrqhwsyhk/public_html/vendor/laravel/framework/src/Illuminate/Bus/Dispatcher.php(229): Illuminate\Bus\Dispatcher->pushCommandToQueue()
#41 /home/1230133.cloudwaysapps.com/uqrqhwsyhk/public_html/vendor/laravel/framework/src/Illuminate/Bus/Dispatcher.php(77): Illuminate\Bus\Dispatcher->dispatchToQueue()
#42 /home/1230133.cloudwaysapps.com/uqrqhwsyhk/public_html/vendor/laravel/framework/src/Illuminate/Foundation/Bus/PendingDispatch.php(193): Illuminate\Bus\Dispatcher->dispatch()
#43 /home/1230133.cloudwaysapps.com/uqrqhwsyhk/public_html/app/Console/Commands/Global/DailyDataTransactionFetchCommand.php(95): Illuminate\Foundation\Bus\PendingDispatch->__destruct()
#44 /home/1230133.cloudwaysapps.com/uqrqhwsyhk/public_html/vendor/laravel/framework/src/Illuminate/Container/BoundMethod.php(36): App\Console\Commands\Global\DailyDataTransactionFetchCommand->handle()
#45 /home/1230133.cloudwaysapps.com/uqrqhwsyhk/public_html/vendor/laravel/framework/src/Illuminate/Container/Util.php(41): Illuminate\Container\BoundMethod::Illuminate\Container\{closure}()
#46 /home/1230133.cloudwaysapps.com/uqrqhwsyhk/public_html/vendor/laravel/framework/src/Illuminate/Container/BoundMethod.php(93): Illuminate\Container\Util::unwrapIfClosure()
#47 /home/1230133.cloudwaysapps.com/uqrqhwsyhk/public_html/vendor/laravel/framework/src/Illuminate/Container/BoundMethod.php(35): Illuminate\Container\BoundMethod::callBoundMethod()
#48 /home/1230133.cloudwaysapps.com/uqrqhwsyhk/public_html/vendor/laravel/framework/src/Illuminate/Container/Container.php(661): Illuminate\Container\BoundMethod::call()
#49 /home/1230133.cloudwaysapps.com/uqrqhwsyhk/public_html/vendor/laravel/framework/src/Illuminate/Console/Command.php(183): Illuminate\Container\Container->call()
#50 /home/1230133.cloudwaysapps.com/uqrqhwsyhk/public_html/vendor/symfony/console/Command/Command.php(326): Illuminate\Console\Command->execute()
#51 /home/1230133.cloudwaysapps.com/uqrqhwsyhk/public_html/vendor/laravel/framework/src/Illuminate/Console/Command.php(152): Symfony\Component\Console\Command\Command->run()
#52 /home/1230133.cloudwaysapps.com/uqrqhwsyhk/public_html/vendor/symfony/console/Application.php(1063): Illuminate\Console\Command->run()
#53 /home/1230133.cloudwaysapps.com/uqrqhwsyhk/public_html/vendor/symfony/console/Application.php(320): Symfony\Component\Console\Application->doRunCommand()
#54 /home/1230133.cloudwaysapps.com/uqrqhwsyhk/public_html/vendor/symfony/console/Application.php(174): Symfony\Component\Console\Application->doRun()
#55 /home/1230133.cloudwaysapps.com/uqrqhwsyhk/public_html/vendor/laravel/framework/src/Illuminate/Console/Application.php(102): Symfony\Component\Console\Application->run()
#56 /home/1230133.cloudwaysapps.com/uqrqhwsyhk/public_html/vendor/laravel/framework/src/Illuminate/Foundation/Console/Kernel.php(155): Illuminate\Console\Application->run()
#57 /home/1230133.cloudwaysapps.com/uqrqhwsyhk/public_html/artisan(35): Illuminate\Foundation\Console\Kernel->handle()
#58 {main}

Next Illuminate\Http\Client\ConnectionException: cURL error 28: Connection timed out after 10000 milliseconds (see https://curl.haxx.se/libcurl/c/libcurl-errors.html) for https://server.linkscircle.com/api/sync-transactions?source=Awin&page=12&start_date=2025-10-22&end_date=2025-10-28 in /home/1230133.cloudwaysapps.com/uqrqhwsyhk/public_html/vendor/laravel/framework/src/Illuminate/Http/Client/PendingRequest.php:855
Stack trace:
#0 /home/1230133.cloudwaysapps.com/uqrqhwsyhk/public_html/vendor/laravel/framework/src/Illuminate/Support/helpers.php(247): Illuminate\Http\Client\PendingRequest->Illuminate\Http\Client\{closure}()
#1 /home/1230133.cloudwaysapps.com/uqrqhwsyhk/public_html/vendor/laravel/framework/src/Illuminate/Http/Client/PendingRequest.php(821): retry()
#2 /home/1230133.cloudwaysapps.com/uqrqhwsyhk/public_html/vendor/laravel/framework/src/Illuminate/Http/Client/PendingRequest.php(699): Illuminate\Http\Client\PendingRequest->send()
#3 /home/1230133.cloudwaysapps.com/uqrqhwsyhk/public_html/app/Jobs/Sync/TransactionJob.php(62): Illuminate\Http\Client\PendingRequest->get()
#4 /home/1230133.cloudwaysapps.com/uqrqhwsyhk/public_html/vendor/laravel/framework/src/Illuminate/Container/BoundMethod.php(36): App\Jobs\Sync\TransactionJob->handle()
#5 /home/1230133.cloudwaysapps.com/uqrqhwsyhk/public_html/vendor/laravel/framework/src/Illuminate/Container/Util.php(41): Illuminate\Container\BoundMethod::Illuminate\Container\{closure}()
#6 /home/1230133.cloudwaysapps.com/uqrqhwsyhk/public_html/vendor/laravel/framework/src/Illuminate/Container/BoundMethod.php(93): Illuminate\Container\Util::unwrapIfClosure()
#7 /home/1230133.cloudwaysapps.com/uqrqhwsyhk/public_html/vendor/laravel/framework/src/Illuminate/Container/BoundMethod.php(35): Illuminate\Container\BoundMethod::callBoundMethod()
#8 /home/1230133.cloudwaysapps.com/uqrqhwsyhk/public_html/vendor/laravel/framework/src/Illuminate/Container/Container.php(661): Illuminate\Container\BoundMethod::call()
#9 /home/1230133.cloudwaysapps.com/uqrqhwsyhk/public_html/vendor/laravel/framework/src/Illuminate/Bus/Dispatcher.php(128): Illuminate\Container\Container->call()
#10 /home/1230133.cloudwaysapps.com/uqrqhwsyhk/public_html/vendor/laravel/framework/src/Illuminate/Pipeline/Pipeline.php(141): Illuminate\Bus\Dispatcher->Illuminate\Bus\{closure}()
#11 /home/1230133.cloudwaysapps.com/uqrqhwsyhk/public_html/vendor/laravel/framework/src/Illuminate/Pipeline/Pipeline.php(116): Illuminate\Pipeline\Pipeline->Illuminate\Pipeline\{closure}()
#12 /home/1230133.cloudwaysapps.com/uqrqhwsyhk/public_html/vendor/laravel/framework/src/Illuminate/Bus/Dispatcher.php(132): Illuminate\Pipeline\Pipeline->then()
#13 /home/1230133.cloudwaysapps.com/uqrqhwsyhk/public_html/vendor/laravel/framework/src/Illuminate/Queue/CallQueuedHandler.php(123): Illuminate\Bus\Dispatcher->dispatchNow()
#14 /home/1230133.cloudwaysapps.com/uqrqhwsyhk/public_html/vendor/laravel/framework/src/Illuminate/Pipeline/Pipeline.php(141): Illuminate\Queue\CallQueuedHandler->Illuminate\Queue\{closure}()
#15 /home/1230133.cloudwaysapps.com/uqrqhwsyhk/public_html/vendor/laravel/framework/src/Illuminate/Pipeline/Pipeline.php(116): Illuminate\Pipeline\Pipeline->Illuminate\Pipeline\{closure}()
#16 /home/1230133.cloudwaysapps.com/uqrqhwsyhk/public_html/vendor/laravel/framework/src/Illuminate/Queue/CallQueuedHandler.php(122): Illuminate\Pipeline\Pipeline->then()
#17 /home/1230133.cloudwaysapps.com/uqrqhwsyhk/public_html/vendor/laravel/framework/src/Illuminate/Queue/CallQueuedHandler.php(70): Illuminate\Queue\CallQueuedHandler->dispatchThroughMiddleware()
#18 /home/1230133.cloudwaysapps.com/uqrqhwsyhk/public_html/vendor/laravel/framework/src/Illuminate/Queue/Jobs/Job.php(98): Illuminate\Queue\CallQueuedHandler->call()
#19 /home/1230133.cloudwaysapps.com/uqrqhwsyhk/public_html/vendor/laravel/framework/src/Illuminate/Queue/SyncQueue.php(43): Illuminate\Queue\Jobs\Job->fire()
#20 /home/1230133.cloudwaysapps.com/uqrqhwsyhk/public_html/vendor/laravel/framework/src/Illuminate/Queue/Queue.php(57): Illuminate\Queue\SyncQueue->push()
#21 /home/1230133.cloudwaysapps.com/uqrqhwsyhk/public_html/vendor/laravel/framework/src/Illuminate/Bus/Dispatcher.php(246): Illuminate\Queue\Queue->pushOn()
#22 /home/1230133.cloudwaysapps.com/uqrqhwsyhk/public_html/vendor/laravel/framework/src/Illuminate/Bus/Dispatcher.php(229): Illuminate\Bus\Dispatcher->pushCommandToQueue()
#23 /home/1230133.cloudwaysapps.com/uqrqhwsyhk/public_html/vendor/laravel/framework/src/Illuminate/Bus/Dispatcher.php(77): Illuminate\Bus\Dispatcher->dispatchToQueue()
#24 /home/1230133.cloudwaysapps.com/uqrqhwsyhk/public_html/vendor/laravel/framework/src/Illuminate/Foundation/Bus/PendingDispatch.php(193): Illuminate\Bus\Dispatcher->dispatch()
#25 /home/1230133.cloudwaysapps.com/uqrqhwsyhk/public_html/app/Console/Commands/Global/DailyDataTransactionFetchCommand.php(95): Illuminate\Foundation\Bus\PendingDispatch->__destruct()
#26 /home/1230133.cloudwaysapps.com/uqrqhwsyhk/public_html/vendor/laravel/framework/src/Illuminate/Container/BoundMethod.php(36): App\Console\Commands\Global\DailyDataTransactionFetchCommand->handle()
#27 /home/1230133.cloudwaysapps.com/uqrqhwsyhk/public_html/vendor/laravel/framework/src/Illuminate/Container/Util.php(41): Illuminate\Container\BoundMethod::Illuminate\Container\{closure}()
#28 /home/1230133.cloudwaysapps.com/uqrqhwsyhk/public_html/vendor/laravel/framework/src/Illuminate/Container/BoundMethod.php(93): Illuminate\Container\Util::unwrapIfClosure()
#29 /home/1230133.cloudwaysapps.com/uqrqhwsyhk/public_html/vendor/laravel/framework/src/Illuminate/Container/BoundMethod.php(35): Illuminate\Container\BoundMethod::callBoundMethod()
#30 /home/1230133.cloudwaysapps.com/uqrqhwsyhk/public_html/vendor/laravel/framework/src/Illuminate/Container/Container.php(661): Illuminate\Container\BoundMethod::call()
#31 /home/1230133.cloudwaysapps.com/uqrqhwsyhk/public_html/vendor/laravel/framework/src/Illuminate/Console/Command.php(183): Illuminate\Container\Container->call()
#32 /home/1230133.cloudwaysapps.com/uqrqhwsyhk/public_html/vendor/symfony/console/Command/Command.php(326): Illuminate\Console\Command->execute()
#33 /home/1230133.cloudwaysapps.com/uqrqhwsyhk/public_html/vendor/laravel/framework/src/Illuminate/Console/Command.php(152): Symfony\Component\Console\Command\Command->run()
#34 /home/1230133.cloudwaysapps.com/uqrqhwsyhk/public_html/vendor/symfony/console/Application.php(1063): Illuminate\Console\Command->run()
#35 /home/1230133.cloudwaysapps.com/uqrqhwsyhk/public_html/vendor/symfony/console/Application.php(320): Symfony\Component\Console\Application->doRunCommand()
#36 /home/1230133.cloudwaysapps.com/uqrqhwsyhk/public_html/vendor/symfony/console/Application.php(174): Symfony\Component\Console\Application->doRun()
#37 /home/1230133.cloudwaysapps.com/uqrqhwsyhk/public_html/vendor/laravel/framework/src/Illuminate/Console/Application.php(102): Symfony\Component\Console\Application->run()
#38 /home/1230133.cloudwaysapps.com/uqrqhwsyhk/public_html/vendor/laravel/framework/src/Illuminate/Foundation/Console/Kernel.php(155): Illuminate\Console\Application->run()
#39 /home/1230133.cloudwaysapps.com/uqrqhwsyhk/public_html/artisan(35): Illuminate\Foundation\Console\Kernel->handle()
#40 {main}  
