[2025-11-19 15:04:08] production.ERROR: MODULE NAME: MAKE HISTORY JOB  
[2025-11-19 15:04:08] production.ERROR: PDOException: SQLSTATE[HY000] [2002] Connection refused in /home/1230133.cloudwaysapps.com/uqrqhwsyhk/public_html/vendor/laravel/framework/src/Illuminate/Database/Connectors/Connector.php:70
Stack trace:
#0 /home/1230133.cloudwaysapps.com/uqrqhwsyhk/public_html/vendor/laravel/framework/src/Illuminate/Database/Connectors/Connector.php(70): PDO->__construct()
#1 /home/1230133.cloudwaysapps.com/uqrqhwsyhk/public_html/vendor/laravel/framework/src/Illuminate/Database/Connectors/Connector.php(100): Illuminate\Database\Connectors\Connector->createPdoConnection()
#2 /home/1230133.cloudwaysapps.com/uqrqhwsyhk/public_html/vendor/laravel/framework/src/Illuminate/Database/Connectors/Connector.php(49): Illuminate\Database\Connectors\Connector->tryAgainIfCausedByLostConnection()
#3 /home/1230133.cloudwaysapps.com/uqrqhwsyhk/public_html/vendor/laravel/framework/src/Illuminate/Database/Connectors/MySqlConnector.php(24): Illuminate\Database\Connectors\Connector->createConnection()
#4 /home/1230133.cloudwaysapps.com/uqrqhwsyhk/public_html/vendor/laravel/framework/src/Illuminate/Database/Connectors/ConnectionFactory.php(184): Illuminate\Database\Connectors\MySqlConnector->connect()
#5 [internal function]: Illuminate\Database\Connectors\ConnectionFactory->Illuminate\Database\Connectors\{closure}()
#6 /home/1230133.cloudwaysapps.com/uqrqhwsyhk/public_html/vendor/laravel/framework/src/Illuminate/Database/Connection.php(1181): call_user_func()
#7 /home/1230133.cloudwaysapps.com/uqrqhwsyhk/public_html/vendor/laravel/framework/src/Illuminate/Database/Connection.php(1217): Illuminate\Database\Connection->getPdo()
#8 /home/1230133.cloudwaysapps.com/uqrqhwsyhk/public_html/vendor/laravel/framework/src/Illuminate/Database/Connection.php(486): Illuminate\Database\Connection->getReadPdo()
#9 /home/1230133.cloudwaysapps.com/uqrqhwsyhk/public_html/vendor/laravel/framework/src/Illuminate/Database/Connection.php(414): Illuminate\Database\Connection->getPdoForSelect()
#10 /home/1230133.cloudwaysapps.com/uqrqhwsyhk/public_html/vendor/laravel/framework/src/Illuminate/Database/Connection.php(753): Illuminate\Database\Connection->Illuminate\Database\{closure}()
#11 /home/1230133.cloudwaysapps.com/uqrqhwsyhk/public_html/vendor/laravel/framework/src/Illuminate/Database/Connection.php(899): Illuminate\Database\Connection->runQueryCallback()
#12 /home/1230133.cloudwaysapps.com/uqrqhwsyhk/public_html/vendor/laravel/framework/src/Illuminate/Database/Connection.php(878): Illuminate\Database\Connection->tryAgainIfCausedByLostConnection()
#13 /home/1230133.cloudwaysapps.com/uqrqhwsyhk/public_html/vendor/laravel/framework/src/Illuminate/Database/Connection.php(722): Illuminate\Database\Connection->handleQueryException()
#14 /home/1230133.cloudwaysapps.com/uqrqhwsyhk/public_html/vendor/laravel/framework/src/Illuminate/Database/Connection.php(405): Illuminate\Database\Connection->run()
#15 /home/1230133.cloudwaysapps.com/uqrqhwsyhk/public_html/vendor/laravel/framework/src/Illuminate/Database/Query/Builder.php(2705): Illuminate\Database\Connection->select()
#16 /home/1230133.cloudwaysapps.com/uqrqhwsyhk/public_html/vendor/laravel/framework/src/Illuminate/Database/Query/Builder.php(2694): Illuminate\Database\Query\Builder->runSelect()
#17 /home/1230133.cloudwaysapps.com/uqrqhwsyhk/public_html/vendor/laravel/framework/src/Illuminate/Database/Query/Builder.php(3230): Illuminate\Database\Query\Builder->Illuminate\Database\Query\{closure}()
#18 /home/1230133.cloudwaysapps.com/uqrqhwsyhk/public_html/vendor/laravel/framework/src/Illuminate/Database/Query/Builder.php(2693): Illuminate\Database\Query\Builder->onceWithColumns()
#19 /home/1230133.cloudwaysapps.com/uqrqhwsyhk/public_html/vendor/laravel/framework/src/Illuminate/Database/Query/Builder.php(3157): Illuminate\Database\Query\Builder->get()
#20 /home/1230133.cloudwaysapps.com/uqrqhwsyhk/public_html/vendor/laravel/framework/src/Illuminate/Database/Query/Builder.php(3085): Illuminate\Database\Query\Builder->aggregate()
#21 /home/1230133.cloudwaysapps.com/uqrqhwsyhk/public_html/vendor/laravel/framework/src/Illuminate/Database/Eloquent/Builder.php(1869): Illuminate\Database\Query\Builder->count()
#22 /home/1230133.cloudwaysapps.com/uqrqhwsyhk/public_html/app/Jobs/MakeHistory.php(95): Illuminate\Database\Eloquent\Builder->__call()
#23 /home/1230133.cloudwaysapps.com/uqrqhwsyhk/public_html/vendor/laravel/framework/src/Illuminate/Container/BoundMethod.php(36): App\Jobs\MakeHistory->handle()
#24 /home/1230133.cloudwaysapps.com/uqrqhwsyhk/public_html/vendor/laravel/framework/src/Illuminate/Container/Util.php(41): Illuminate\Container\BoundMethod::Illuminate\Container\{closure}()
#25 /home/1230133.cloudwaysapps.com/uqrqhwsyhk/public_html/vendor/laravel/framework/src/Illuminate/Container/BoundMethod.php(93): Illuminate\Container\Util::unwrapIfClosure()
#26 /home/1230133.cloudwaysapps.com/uqrqhwsyhk/public_html/vendor/laravel/framework/src/Illuminate/Container/BoundMethod.php(35): Illuminate\Container\BoundMethod::callBoundMethod()
#27 /home/1230133.cloudwaysapps.com/uqrqhwsyhk/public_html/vendor/laravel/framework/src/Illuminate/Container/Container.php(661): Illuminate\Container\BoundMethod::call()
#28 /home/1230133.cloudwaysapps.com/uqrqhwsyhk/public_html/vendor/laravel/framework/src/Illuminate/Bus/Dispatcher.php(128): Illuminate\Container\Container->call()
#29 /home/1230133.cloudwaysapps.com/uqrqhwsyhk/public_html/vendor/laravel/framework/src/Illuminate/Pipeline/Pipeline.php(141): Illuminate\Bus\Dispatcher->Illuminate\Bus\{closure}()
#30 /home/1230133.cloudwaysapps.com/uqrqhwsyhk/public_html/vendor/laravel/framework/src/Illuminate/Pipeline/Pipeline.php(116): Illuminate\Pipeline\Pipeline->Illuminate\Pipeline\{closure}()
#31 /home/1230133.cloudwaysapps.com/uqrqhwsyhk/public_html/vendor/laravel/framework/src/Illuminate/Bus/Dispatcher.php(132): Illuminate\Pipeline\Pipeline->then()
#32 /home/1230133.cloudwaysapps.com/uqrqhwsyhk/public_html/vendor/laravel/framework/src/Illuminate/Queue/CallQueuedHandler.php(123): Illuminate\Bus\Dispatcher->dispatchNow()
#33 /home/1230133.cloudwaysapps.com/uqrqhwsyhk/public_html/vendor/laravel/framework/src/Illuminate/Pipeline/Pipeline.php(141): Illuminate\Queue\CallQueuedHandler->Illuminate\Queue\{closure}()
#34 /home/1230133.cloudwaysapps.com/uqrqhwsyhk/public_html/vendor/laravel/framework/src/Illuminate/Pipeline/Pipeline.php(116): Illuminate\Pipeline\Pipeline->Illuminate\Pipeline\{closure}()
#35 /home/1230133.cloudwaysapps.com/uqrqhwsyhk/public_html/vendor/laravel/framework/src/Illuminate/Queue/CallQueuedHandler.php(122): Illuminate\Pipeline\Pipeline->then()
#36 /home/1230133.cloudwaysapps.com/uqrqhwsyhk/public_html/vendor/laravel/framework/src/Illuminate/Queue/CallQueuedHandler.php(70): Illuminate\Queue\CallQueuedHandler->dispatchThroughMiddleware()
#37 /home/1230133.cloudwaysapps.com/uqrqhwsyhk/public_html/vendor/laravel/framework/src/Illuminate/Queue/Jobs/Job.php(98): Illuminate\Queue\CallQueuedHandler->call()
#38 /home/1230133.cloudwaysapps.com/uqrqhwsyhk/public_html/vendor/laravel/framework/src/Illuminate/Queue/SyncQueue.php(43): Illuminate\Queue\Jobs\Job->fire()
#39 /home/1230133.cloudwaysapps.com/uqrqhwsyhk/public_html/vendor/laravel/framework/src/Illuminate/Queue/Queue.php(57): Illuminate\Queue\SyncQueue->push()
#40 /home/1230133.cloudwaysapps.com/uqrqhwsyhk/public_html/vendor/laravel/framework/src/Illuminate/Bus/Dispatcher.php(246): Illuminate\Queue\Queue->pushOn()
#41 /home/1230133.cloudwaysapps.com/uqrqhwsyhk/public_html/vendor/laravel/framework/src/Illuminate/Bus/Dispatcher.php(229): Illuminate\Bus\Dispatcher->pushCommandToQueue()
#42 /home/1230133.cloudwaysapps.com/uqrqhwsyhk/public_html/vendor/laravel/framework/src/Illuminate/Bus/Dispatcher.php(77): Illuminate\Bus\Dispatcher->dispatchToQueue()
#43 /home/1230133.cloudwaysapps.com/uqrqhwsyhk/public_html/vendor/laravel/framework/src/Illuminate/Foundation/Bus/PendingDispatch.php(193): Illuminate\Bus\Dispatcher->dispatch()
#44 /home/1230133.cloudwaysapps.com/uqrqhwsyhk/public_html/app/Console/Commands/Global/DailyMakeHistoryCommand.php(80): Illuminate\Foundation\Bus\PendingDispatch->__destruct()
#45 /home/1230133.cloudwaysapps.com/uqrqhwsyhk/public_html/vendor/laravel/framework/src/Illuminate/Container/BoundMethod.php(36): App\Console\Commands\Global\DailyMakeHistoryCommand->handle()
#46 /home/1230133.cloudwaysapps.com/uqrqhwsyhk/public_html/vendor/laravel/framework/src/Illuminate/Container/Util.php(41): Illuminate\Container\BoundMethod::Illuminate\Container\{closure}()
#47 /home/1230133.cloudwaysapps.com/uqrqhwsyhk/public_html/vendor/laravel/framework/src/Illuminate/Container/BoundMethod.php(93): Illuminate\Container\Util::unwrapIfClosure()
#48 /home/1230133.cloudwaysapps.com/uqrqhwsyhk/public_html/vendor/laravel/framework/src/Illuminate/Container/BoundMethod.php(35): Illuminate\Container\BoundMethod::callBoundMethod()
#49 /home/1230133.cloudwaysapps.com/uqrqhwsyhk/public_html/vendor/laravel/framework/src/Illuminate/Container/Container.php(661): Illuminate\Container\BoundMethod::call()
#50 /home/1230133.cloudwaysapps.com/uqrqhwsyhk/public_html/vendor/laravel/framework/src/Illuminate/Console/Command.php(183): Illuminate\Container\Container->call()
#51 /home/1230133.cloudwaysapps.com/uqrqhwsyhk/public_html/vendor/symfony/console/Command/Command.php(326): Illuminate\Console\Command->execute()
#52 /home/1230133.cloudwaysapps.com/uqrqhwsyhk/public_html/vendor/laravel/framework/src/Illuminate/Console/Command.php(152): Symfony\Component\Console\Command\Command->run()
#53 /home/1230133.cloudwaysapps.com/uqrqhwsyhk/public_html/vendor/symfony/console/Application.php(1063): Illuminate\Console\Command->run()
#54 /home/1230133.cloudwaysapps.com/uqrqhwsyhk/public_html/vendor/symfony/console/Application.php(320): Symfony\Component\Console\Application->doRunCommand()
#55 /home/1230133.cloudwaysapps.com/uqrqhwsyhk/public_html/vendor/symfony/console/Application.php(174): Symfony\Component\Console\Application->doRun()
#56 /home/1230133.cloudwaysapps.com/uqrqhwsyhk/public_html/vendor/laravel/framework/src/Illuminate/Console/Application.php(102): Symfony\Component\Console\Application->run()
#57 /home/1230133.cloudwaysapps.com/uqrqhwsyhk/public_html/vendor/laravel/framework/src/Illuminate/Foundation/Console/Kernel.php(155): Illuminate\Console\Application->run()
#58 /home/1230133.cloudwaysapps.com/uqrqhwsyhk/public_html/artisan(35): Illuminate\Foundation\Console\Kernel->handle()
#59 {main}

Next Illuminate\Database\QueryException: SQLSTATE[HY000] [2002] Connection refused (SQL: select count(*) as aggregate from `deeplink_tracking_details` where `ip_address` = 95.214.228.132 and `tracking_id` = 3eec5532-f3d1-403e-84a0-da9ba96184bb) in /home/1230133.cloudwaysapps.com/uqrqhwsyhk/public_html/vendor/laravel/framework/src/Illuminate/Database/Connection.php:760
Stack trace:
#0 /home/1230133.cloudwaysapps.com/uqrqhwsyhk/public_html/vendor/laravel/framework/src/Illuminate/Database/Connection.php(899): Illuminate\Database\Connection->runQueryCallback()
#1 /home/1230133.cloudwaysapps.com/uqrqhwsyhk/public_html/vendor/laravel/framework/src/Illuminate/Database/Connection.php(878): Illuminate\Database\Connection->tryAgainIfCausedByLostConnection()
#2 /home/1230133.cloudwaysapps.com/uqrqhwsyhk/public_html/vendor/laravel/framework/src/Illuminate/Database/Connection.php(722): Illuminate\Database\Connection->handleQueryException()
#3 /home/1230133.cloudwaysapps.com/uqrqhwsyhk/public_html/vendor/laravel/framework/src/Illuminate/Database/Connection.php(405): Illuminate\Database\Connection->run()
#4 /home/1230133.cloudwaysapps.com/uqrqhwsyhk/public_html/vendor/laravel/framework/src/Illuminate/Database/Query/Builder.php(2705): Illuminate\Database\Connection->select()
#5 /home/1230133.cloudwaysapps.com/uqrqhwsyhk/public_html/vendor/laravel/framework/src/Illuminate/Database/Query/Builder.php(2694): Illuminate\Database\Query\Builder->runSelect()
#6 /home/1230133.cloudwaysapps.com/uqrqhwsyhk/public_html/vendor/laravel/framework/src/Illuminate/Database/Query/Builder.php(3230): Illuminate\Database\Query\Builder->Illuminate\Database\Query\{closure}()
#7 /home/1230133.cloudwaysapps.com/uqrqhwsyhk/public_html/vendor/laravel/framework/src/Illuminate/Database/Query/Builder.php(2693): Illuminate\Database\Query\Builder->onceWithColumns()
#8 /home/1230133.cloudwaysapps.com/uqrqhwsyhk/public_html/vendor/laravel/framework/src/Illuminate/Database/Query/Builder.php(3157): Illuminate\Database\Query\Builder->get()
#9 /home/1230133.cloudwaysapps.com/uqrqhwsyhk/public_html/vendor/laravel/framework/src/Illuminate/Database/Query/Builder.php(3085): Illuminate\Database\Query\Builder->aggregate()
#10 /home/1230133.cloudwaysapps.com/uqrqhwsyhk/public_html/vendor/laravel/framework/src/Illuminate/Database/Eloquent/Builder.php(1869): Illuminate\Database\Query\Builder->count()
#11 /home/1230133.cloudwaysapps.com/uqrqhwsyhk/public_html/app/Jobs/MakeHistory.php(95): Illuminate\Database\Eloquent\Builder->__call()
#12 /home/1230133.cloudwaysapps.com/uqrqhwsyhk/public_html/vendor/laravel/framework/src/Illuminate/Container/BoundMethod.php(36): App\Jobs\MakeHistory->handle()
#13 /home/1230133.cloudwaysapps.com/uqrqhwsyhk/public_html/vendor/laravel/framework/src/Illuminate/Container/Util.php(41): Illuminate\Container\BoundMethod::Illuminate\Container\{closure}()
#14 /home/1230133.cloudwaysapps.com/uqrqhwsyhk/public_html/vendor/laravel/framework/src/Illuminate/Container/BoundMethod.php(93): Illuminate\Container\Util::unwrapIfClosure()
#15 /home/1230133.cloudwaysapps.com/uqrqhwsyhk/public_html/vendor/laravel/framework/src/Illuminate/Container/BoundMethod.php(35): Illuminate\Container\BoundMethod::callBoundMethod()
#16 /home/1230133.cloudwaysapps.com/uqrqhwsyhk/public_html/vendor/laravel/framework/src/Illuminate/Container/Container.php(661): Illuminate\Container\BoundMethod::call()
#17 /home/1230133.cloudwaysapps.com/uqrqhwsyhk/public_html/vendor/laravel/framework/src/Illuminate/Bus/Dispatcher.php(128): Illuminate\Container\Container->call()
#18 /home/1230133.cloudwaysapps.com/uqrqhwsyhk/public_html/vendor/laravel/framework/src/Illuminate/Pipeline/Pipeline.php(141): Illuminate\Bus\Dispatcher->Illuminate\Bus\{closure}()
#19 /home/1230133.cloudwaysapps.com/uqrqhwsyhk/public_html/vendor/laravel/framework/src/Illuminate/Pipeline/Pipeline.php(116): Illuminate\Pipeline\Pipeline->Illuminate\Pipeline\{closure}()
#20 /home/1230133.cloudwaysapps.com/uqrqhwsyhk/public_html/vendor/laravel/framework/src/Illuminate/Bus/Dispatcher.php(132): Illuminate\Pipeline\Pipeline->then()
#21 /home/1230133.cloudwaysapps.com/uqrqhwsyhk/public_html/vendor/laravel/framework/src/Illuminate/Queue/CallQueuedHandler.php(123): Illuminate\Bus\Dispatcher->dispatchNow()
#22 /home/1230133.cloudwaysapps.com/uqrqhwsyhk/public_html/vendor/laravel/framework/src/Illuminate/Pipeline/Pipeline.php(141): Illuminate\Queue\CallQueuedHandler->Illuminate\Queue\{closure}()
#23 /home/1230133.cloudwaysapps.com/uqrqhwsyhk/public_html/vendor/laravel/framework/src/Illuminate/Pipeline/Pipeline.php(116): Illuminate\Pipeline\Pipeline->Illuminate\Pipeline\{closure}()
#24 /home/1230133.cloudwaysapps.com/uqrqhwsyhk/public_html/vendor/laravel/framework/src/Illuminate/Queue/CallQueuedHandler.php(122): Illuminate\Pipeline\Pipeline->then()
#25 /home/1230133.cloudwaysapps.com/uqrqhwsyhk/public_html/vendor/laravel/framework/src/Illuminate/Queue/CallQueuedHandler.php(70): Illuminate\Queue\CallQueuedHandler->dispatchThroughMiddleware()
#26 /home/1230133.cloudwaysapps.com/uqrqhwsyhk/public_html/vendor/laravel/framework/src/Illuminate/Queue/Jobs/Job.php(98): Illuminate\Queue\CallQueuedHandler->call()
#27 /home/1230133.cloudwaysapps.com/uqrqhwsyhk/public_html/vendor/laravel/framework/src/Illuminate/Queue/SyncQueue.php(43): Illuminate\Queue\Jobs\Job->fire()
#28 /home/1230133.cloudwaysapps.com/uqrqhwsyhk/public_html/vendor/laravel/framework/src/Illuminate/Queue/Queue.php(57): Illuminate\Queue\SyncQueue->push()
#29 /home/1230133.cloudwaysapps.com/uqrqhwsyhk/public_html/vendor/laravel/framework/src/Illuminate/Bus/Dispatcher.php(246): Illuminate\Queue\Queue->pushOn()
#30 /home/1230133.cloudwaysapps.com/uqrqhwsyhk/public_html/vendor/laravel/framework/src/Illuminate/Bus/Dispatcher.php(229): Illuminate\Bus\Dispatcher->pushCommandToQueue()
#31 /home/1230133.cloudwaysapps.com/uqrqhwsyhk/public_html/vendor/laravel/framework/src/Illuminate/Bus/Dispatcher.php(77): Illuminate\Bus\Dispatcher->dispatchToQueue()
#32 /home/1230133.cloudwaysapps.com/uqrqhwsyhk/public_html/vendor/laravel/framework/src/Illuminate/Foundation/Bus/PendingDispatch.php(193): Illuminate\Bus\Dispatcher->dispatch()
#33 /home/1230133.cloudwaysapps.com/uqrqhwsyhk/public_html/app/Console/Commands/Global/DailyMakeHistoryCommand.php(80): Illuminate\Foundation\Bus\PendingDispatch->__destruct()
#34 /home/1230133.cloudwaysapps.com/uqrqhwsyhk/public_html/vendor/laravel/framework/src/Illuminate/Container/BoundMethod.php(36): App\Console\Commands\Global\DailyMakeHistoryCommand->handle()
#35 /home/1230133.cloudwaysapps.com/uqrqhwsyhk/public_html/vendor/laravel/framework/src/Illuminate/Container/Util.php(41): Illuminate\Container\BoundMethod::Illuminate\Container\{closure}()
#36 /home/1230133.cloudwaysapps.com/uqrqhwsyhk/public_html/vendor/laravel/framework/src/Illuminate/Container/BoundMethod.php(93): Illuminate\Container\Util::unwrapIfClosure()
#37 /home/1230133.cloudwaysapps.com/uqrqhwsyhk/public_html/vendor/laravel/framework/src/Illuminate/Container/BoundMethod.php(35): Illuminate\Container\BoundMethod::callBoundMethod()
#38 /home/1230133.cloudwaysapps.com/uqrqhwsyhk/public_html/vendor/laravel/framework/src/Illuminate/Container/Container.php(661): Illuminate\Container\BoundMethod::call()
#39 /home/1230133.cloudwaysapps.com/uqrqhwsyhk/public_html/vendor/laravel/framework/src/Illuminate/Console/Command.php(183): Illuminate\Container\Container->call()
#40 /home/1230133.cloudwaysapps.com/uqrqhwsyhk/public_html/vendor/symfony/console/Command/Command.php(326): Illuminate\Console\Command->execute()
#41 /home/1230133.cloudwaysapps.com/uqrqhwsyhk/public_html/vendor/laravel/framework/src/Illuminate/Console/Command.php(152): Symfony\Component\Console\Command\Command->run()
#42 /home/1230133.cloudwaysapps.com/uqrqhwsyhk/public_html/vendor/symfony/console/Application.php(1063): Illuminate\Console\Command->run()
#43 /home/1230133.cloudwaysapps.com/uqrqhwsyhk/public_html/vendor/symfony/console/Application.php(320): Symfony\Component\Console\Application->doRunCommand()
#44 /home/1230133.cloudwaysapps.com/uqrqhwsyhk/public_html/vendor/symfony/console/Application.php(174): Symfony\Component\Console\Application->doRun()
#45 /home/1230133.cloudwaysapps.com/uqrqhwsyhk/public_html/vendor/laravel/framework/src/Illuminate/Console/Application.php(102): Symfony\Component\Console\Application->run()
#46 /home/1230133.cloudwaysapps.com/uqrqhwsyhk/public_html/vendor/laravel/framework/src/Illuminate/Foundation/Console/Kernel.php(155): Illuminate\Console\Application->run()
#47 /home/1230133.cloudwaysapps.com/uqrqhwsyhk/public_html/artisan(35): Illuminate\Foundation\Console\Kernel->handle()
#48 {main}  
[2025-11-19 15:04:12] production.ERROR: MODULE NAME: SYNC TRANSACTIONS JOB  
[2025-11-19 15:04:12] production.ERROR: PDOException: SQLSTATE[HY000] [2002] Connection refused in /home/1230133.cloudwaysapps.com/uqrqhwsyhk/public_html/vendor/laravel/framework/src/Illuminate/Database/Connectors/Connector.php:70
Stack trace:
#0 /home/1230133.cloudwaysapps.com/uqrqhwsyhk/public_html/vendor/laravel/framework/src/Illuminate/Database/Connectors/Connector.php(70): PDO->__construct()
#1 /home/1230133.cloudwaysapps.com/uqrqhwsyhk/public_html/vendor/laravel/framework/src/Illuminate/Database/Connectors/Connector.php(100): Illuminate\Database\Connectors\Connector->createPdoConnection()
#2 /home/1230133.cloudwaysapps.com/uqrqhwsyhk/public_html/vendor/laravel/framework/src/Illuminate/Database/Connectors/Connector.php(49): Illuminate\Database\Connectors\Connector->tryAgainIfCausedByLostConnection()
#3 /home/1230133.cloudwaysapps.com/uqrqhwsyhk/public_html/vendor/laravel/framework/src/Illuminate/Database/Connectors/MySqlConnector.php(24): Illuminate\Database\Connectors\Connector->createConnection()
#4 /home/1230133.cloudwaysapps.com/uqrqhwsyhk/public_html/vendor/laravel/framework/src/Illuminate/Database/Connectors/ConnectionFactory.php(184): Illuminate\Database\Connectors\MySqlConnector->connect()
#5 [internal function]: Illuminate\Database\Connectors\ConnectionFactory->Illuminate\Database\Connectors\{closure}()
#6 /home/1230133.cloudwaysapps.com/uqrqhwsyhk/public_html/vendor/laravel/framework/src/Illuminate/Database/Connection.php(1181): call_user_func()
#7 /home/1230133.cloudwaysapps.com/uqrqhwsyhk/public_html/vendor/laravel/framework/src/Illuminate/Database/Connection.php(1217): Illuminate\Database\Connection->getPdo()
#8 /home/1230133.cloudwaysapps.com/uqrqhwsyhk/public_html/vendor/laravel/framework/src/Illuminate/Database/Connection.php(486): Illuminate\Database\Connection->getReadPdo()
#9 /home/1230133.cloudwaysapps.com/uqrqhwsyhk/public_html/vendor/laravel/framework/src/Illuminate/Database/Connection.php(414): Illuminate\Database\Connection->getPdoForSelect()
#10 /home/1230133.cloudwaysapps.com/uqrqhwsyhk/public_html/vendor/laravel/framework/src/Illuminate/Database/Connection.php(753): Illuminate\Database\Connection->Illuminate\Database\{closure}()
#11 /home/1230133.cloudwaysapps.com/uqrqhwsyhk/public_html/vendor/laravel/framework/src/Illuminate/Database/Connection.php(899): Illuminate\Database\Connection->runQueryCallback()
#12 /home/1230133.cloudwaysapps.com/uqrqhwsyhk/public_html/vendor/laravel/framework/src/Illuminate/Database/Connection.php(878): Illuminate\Database\Connection->tryAgainIfCausedByLostConnection()
#13 /home/1230133.cloudwaysapps.com/uqrqhwsyhk/public_html/vendor/laravel/framework/src/Illuminate/Database/Connection.php(722): Illuminate\Database\Connection->handleQueryException()
#14 /home/1230133.cloudwaysapps.com/uqrqhwsyhk/public_html/vendor/laravel/framework/src/Illuminate/Database/Connection.php(405): Illuminate\Database\Connection->run()
#15 /home/1230133.cloudwaysapps.com/uqrqhwsyhk/public_html/vendor/laravel/framework/src/Illuminate/Database/Query/Builder.php(2705): Illuminate\Database\Connection->select()
#16 /home/1230133.cloudwaysapps.com/uqrqhwsyhk/public_html/vendor/laravel/framework/src/Illuminate/Database/Query/Builder.php(2694): Illuminate\Database\Query\Builder->runSelect()
#17 /home/1230133.cloudwaysapps.com/uqrqhwsyhk/public_html/vendor/laravel/framework/src/Illuminate/Database/Query/Builder.php(3230): Illuminate\Database\Query\Builder->Illuminate\Database\Query\{closure}()
#18 /home/1230133.cloudwaysapps.com/uqrqhwsyhk/public_html/vendor/laravel/framework/src/Illuminate/Database/Query/Builder.php(2693): Illuminate\Database\Query\Builder->onceWithColumns()
#19 /home/1230133.cloudwaysapps.com/uqrqhwsyhk/public_html/vendor/laravel/framework/src/Illuminate/Database/Eloquent/Builder.php(710): Illuminate\Database\Query\Builder->get()
#20 /home/1230133.cloudwaysapps.com/uqrqhwsyhk/public_html/vendor/laravel/framework/src/Illuminate/Database/Eloquent/Builder.php(694): Illuminate\Database\Eloquent\Builder->getModels()
#21 /home/1230133.cloudwaysapps.com/uqrqhwsyhk/public_html/vendor/laravel/framework/src/Illuminate/Database/Concerns/BuildsQueries.php(296): Illuminate\Database\Eloquent\Builder->get()
#22 /home/1230133.cloudwaysapps.com/uqrqhwsyhk/public_html/app/Jobs/Sync/TransactionJob.php(70): Illuminate\Database\Eloquent\Builder->first()
#23 /home/1230133.cloudwaysapps.com/uqrqhwsyhk/public_html/vendor/laravel/framework/src/Illuminate/Container/BoundMethod.php(36): App\Jobs\Sync\TransactionJob->handle()
#24 /home/1230133.cloudwaysapps.com/uqrqhwsyhk/public_html/vendor/laravel/framework/src/Illuminate/Container/Util.php(41): Illuminate\Container\BoundMethod::Illuminate\Container\{closure}()
#25 /home/1230133.cloudwaysapps.com/uqrqhwsyhk/public_html/vendor/laravel/framework/src/Illuminate/Container/BoundMethod.php(93): Illuminate\Container\Util::unwrapIfClosure()
#26 /home/1230133.cloudwaysapps.com/uqrqhwsyhk/public_html/vendor/laravel/framework/src/Illuminate/Container/BoundMethod.php(35): Illuminate\Container\BoundMethod::callBoundMethod()
#27 /home/1230133.cloudwaysapps.com/uqrqhwsyhk/public_html/vendor/laravel/framework/src/Illuminate/Container/Container.php(661): Illuminate\Container\BoundMethod::call()
#28 /home/1230133.cloudwaysapps.com/uqrqhwsyhk/public_html/vendor/laravel/framework/src/Illuminate/Bus/Dispatcher.php(128): Illuminate\Container\Container->call()
#29 /home/1230133.cloudwaysapps.com/uqrqhwsyhk/public_html/vendor/laravel/framework/src/Illuminate/Pipeline/Pipeline.php(141): Illuminate\Bus\Dispatcher->Illuminate\Bus\{closure}()
#30 /home/1230133.cloudwaysapps.com/uqrqhwsyhk/public_html/vendor/laravel/framework/src/Illuminate/Pipeline/Pipeline.php(116): Illuminate\Pipeline\Pipeline->Illuminate\Pipeline\{closure}()
#31 /home/1230133.cloudwaysapps.com/uqrqhwsyhk/public_html/vendor/laravel/framework/src/Illuminate/Bus/Dispatcher.php(132): Illuminate\Pipeline\Pipeline->then()
#32 /home/1230133.cloudwaysapps.com/uqrqhwsyhk/public_html/vendor/laravel/framework/src/Illuminate/Queue/CallQueuedHandler.php(123): Illuminate\Bus\Dispatcher->dispatchNow()
#33 /home/1230133.cloudwaysapps.com/uqrqhwsyhk/public_html/vendor/laravel/framework/src/Illuminate/Pipeline/Pipeline.php(141): Illuminate\Queue\CallQueuedHandler->Illuminate\Queue\{closure}()
#34 /home/1230133.cloudwaysapps.com/uqrqhwsyhk/public_html/vendor/laravel/framework/src/Illuminate/Pipeline/Pipeline.php(116): Illuminate\Pipeline\Pipeline->Illuminate\Pipeline\{closure}()
#35 /home/1230133.cloudwaysapps.com/uqrqhwsyhk/public_html/vendor/laravel/framework/src/Illuminate/Queue/CallQueuedHandler.php(122): Illuminate\Pipeline\Pipeline->then()
#36 /home/1230133.cloudwaysapps.com/uqrqhwsyhk/public_html/vendor/laravel/framework/src/Illuminate/Queue/CallQueuedHandler.php(70): Illuminate\Queue\CallQueuedHandler->dispatchThroughMiddleware()
#37 /home/1230133.cloudwaysapps.com/uqrqhwsyhk/public_html/vendor/laravel/framework/src/Illuminate/Queue/Jobs/Job.php(98): Illuminate\Queue\CallQueuedHandler->call()
#38 /home/1230133.cloudwaysapps.com/uqrqhwsyhk/public_html/vendor/laravel/framework/src/Illuminate/Queue/SyncQueue.php(43): Illuminate\Queue\Jobs\Job->fire()
#39 /home/1230133.cloudwaysapps.com/uqrqhwsyhk/public_html/vendor/laravel/framework/src/Illuminate/Queue/Queue.php(57): Illuminate\Queue\SyncQueue->push()
#40 /home/1230133.cloudwaysapps.com/uqrqhwsyhk/public_html/vendor/laravel/framework/src/Illuminate/Bus/Dispatcher.php(246): Illuminate\Queue\Queue->pushOn()
#41 /home/1230133.cloudwaysapps.com/uqrqhwsyhk/public_html/vendor/laravel/framework/src/Illuminate/Bus/Dispatcher.php(229): Illuminate\Bus\Dispatcher->pushCommandToQueue()
#42 /home/1230133.cloudwaysapps.com/uqrqhwsyhk/public_html/vendor/laravel/framework/src/Illuminate/Bus/Dispatcher.php(77): Illuminate\Bus\Dispatcher->dispatchToQueue()
#43 /home/1230133.cloudwaysapps.com/uqrqhwsyhk/public_html/vendor/laravel/framework/src/Illuminate/Foundation/Bus/PendingDispatch.php(193): Illuminate\Bus\Dispatcher->dispatch()
#44 /home/1230133.cloudwaysapps.com/uqrqhwsyhk/public_html/app/Console/Commands/Global/DailyDataTransactionFetchCommand.php(95): Illuminate\Foundation\Bus\PendingDispatch->__destruct()
#45 /home/1230133.cloudwaysapps.com/uqrqhwsyhk/public_html/vendor/laravel/framework/src/Illuminate/Container/BoundMethod.php(36): App\Console\Commands\Global\DailyDataTransactionFetchCommand->handle()
#46 /home/1230133.cloudwaysapps.com/uqrqhwsyhk/public_html/vendor/laravel/framework/src/Illuminate/Container/Util.php(41): Illuminate\Container\BoundMethod::Illuminate\Container\{closure}()
#47 /home/1230133.cloudwaysapps.com/uqrqhwsyhk/public_html/vendor/laravel/framework/src/Illuminate/Container/BoundMethod.php(93): Illuminate\Container\Util::unwrapIfClosure()
#48 /home/1230133.cloudwaysapps.com/uqrqhwsyhk/public_html/vendor/laravel/framework/src/Illuminate/Container/BoundMethod.php(35): Illuminate\Container\BoundMethod::callBoundMethod()
#49 /home/1230133.cloudwaysapps.com/uqrqhwsyhk/public_html/vendor/laravel/framework/src/Illuminate/Container/Container.php(661): Illuminate\Container\BoundMethod::call()
#50 /home/1230133.cloudwaysapps.com/uqrqhwsyhk/public_html/vendor/laravel/framework/src/Illuminate/Console/Command.php(183): Illuminate\Container\Container->call()
#51 /home/1230133.cloudwaysapps.com/uqrqhwsyhk/public_html/vendor/symfony/console/Command/Command.php(326): Illuminate\Console\Command->execute()
#52 /home/1230133.cloudwaysapps.com/uqrqhwsyhk/public_html/vendor/laravel/framework/src/Illuminate/Console/Command.php(152): Symfony\Component\Console\Command\Command->run()
#53 /home/1230133.cloudwaysapps.com/uqrqhwsyhk/public_html/vendor/symfony/console/Application.php(1063): Illuminate\Console\Command->run()
#54 /home/1230133.cloudwaysapps.com/uqrqhwsyhk/public_html/vendor/symfony/console/Application.php(320): Symfony\Component\Console\Application->doRunCommand()
#55 /home/1230133.cloudwaysapps.com/uqrqhwsyhk/public_html/vendor/symfony/console/Application.php(174): Symfony\Component\Console\Application->doRun()
#56 /home/1230133.cloudwaysapps.com/uqrqhwsyhk/public_html/vendor/laravel/framework/src/Illuminate/Console/Application.php(102): Symfony\Component\Console\Application->run()
#57 /home/1230133.cloudwaysapps.com/uqrqhwsyhk/public_html/vendor/laravel/framework/src/Illuminate/Foundation/Console/Kernel.php(155): Illuminate\Console\Application->run()
#58 /home/1230133.cloudwaysapps.com/uqrqhwsyhk/public_html/artisan(35): Illuminate\Foundation\Console\Kernel->handle()
#59 {main}

Next Illuminate\Database\QueryException: SQLSTATE[HY000] [2002] Connection refused (SQL: select * from `transactions` where `transaction_id` = 17999.6528.635264 and `source` = Impact limit 1) in /home/1230133.cloudwaysapps.com/uqrqhwsyhk/public_html/vendor/laravel/framework/src/Illuminate/Database/Connection.php:760
Stack trace:
#0 /home/1230133.cloudwaysapps.com/uqrqhwsyhk/public_html/vendor/laravel/framework/src/Illuminate/Database/Connection.php(899): Illuminate\Database\Connection->runQueryCallback()
#1 /home/1230133.cloudwaysapps.com/uqrqhwsyhk/public_html/vendor/laravel/framework/src/Illuminate/Database/Connection.php(878): Illuminate\Database\Connection->tryAgainIfCausedByLostConnection()
#2 /home/1230133.cloudwaysapps.com/uqrqhwsyhk/public_html/vendor/laravel/framework/src/Illuminate/Database/Connection.php(722): Illuminate\Database\Connection->handleQueryException()
#3 /home/1230133.cloudwaysapps.com/uqrqhwsyhk/public_html/vendor/laravel/framework/src/Illuminate/Database/Connection.php(405): Illuminate\Database\Connection->run()
#4 /home/1230133.cloudwaysapps.com/uqrqhwsyhk/public_html/vendor/laravel/framework/src/Illuminate/Database/Query/Builder.php(2705): Illuminate\Database\Connection->select()
#5 /home/1230133.cloudwaysapps.com/uqrqhwsyhk/public_html/vendor/laravel/framework/src/Illuminate/Database/Query/Builder.php(2694): Illuminate\Database\Query\Builder->runSelect()
#6 /home/1230133.cloudwaysapps.com/uqrqhwsyhk/public_html/vendor/laravel/framework/src/Illuminate/Database/Query/Builder.php(3230): Illuminate\Database\Query\Builder->Illuminate\Database\Query\{closure}()
#7 /home/1230133.cloudwaysapps.com/uqrqhwsyhk/public_html/vendor/laravel/framework/src/Illuminate/Database/Query/Builder.php(2693): Illuminate\Database\Query\Builder->onceWithColumns()
#8 /home/1230133.cloudwaysapps.com/uqrqhwsyhk/public_html/vendor/laravel/framework/src/Illuminate/Database/Eloquent/Builder.php(710): Illuminate\Database\Query\Builder->get()
#9 /home/1230133.cloudwaysapps.com/uqrqhwsyhk/public_html/vendor/laravel/framework/src/Illuminate/Database/Eloquent/Builder.php(694): Illuminate\Database\Eloquent\Builder->getModels()
#10 /home/1230133.cloudwaysapps.com/uqrqhwsyhk/public_html/vendor/laravel/framework/src/Illuminate/Database/Concerns/BuildsQueries.php(296): Illuminate\Database\Eloquent\Builder->get()
#11 /home/1230133.cloudwaysapps.com/uqrqhwsyhk/public_html/app/Jobs/Sync/TransactionJob.php(70): Illuminate\Database\Eloquent\Builder->first()
#12 /home/1230133.cloudwaysapps.com/uqrqhwsyhk/public_html/vendor/laravel/framework/src/Illuminate/Container/BoundMethod.php(36): App\Jobs\Sync\TransactionJob->handle()
#13 /home/1230133.cloudwaysapps.com/uqrqhwsyhk/public_html/vendor/laravel/framework/src/Illuminate/Container/Util.php(41): Illuminate\Container\BoundMethod::Illuminate\Container\{closure}()
#14 /home/1230133.cloudwaysapps.com/uqrqhwsyhk/public_html/vendor/laravel/framework/src/Illuminate/Container/BoundMethod.php(93): Illuminate\Container\Util::unwrapIfClosure()
#15 /home/1230133.cloudwaysapps.com/uqrqhwsyhk/public_html/vendor/laravel/framework/src/Illuminate/Container/BoundMethod.php(35): Illuminate\Container\BoundMethod::callBoundMethod()
#16 /home/1230133.cloudwaysapps.com/uqrqhwsyhk/public_html/vendor/laravel/framework/src/Illuminate/Container/Container.php(661): Illuminate\Container\BoundMethod::call()
#17 /home/1230133.cloudwaysapps.com/uqrqhwsyhk/public_html/vendor/laravel/framework/src/Illuminate/Bus/Dispatcher.php(128): Illuminate\Container\Container->call()
#18 /home/1230133.cloudwaysapps.com/uqrqhwsyhk/public_html/vendor/laravel/framework/src/Illuminate/Pipeline/Pipeline.php(141): Illuminate\Bus\Dispatcher->Illuminate\Bus\{closure}()
#19 /home/1230133.cloudwaysapps.com/uqrqhwsyhk/public_html/vendor/laravel/framework/src/Illuminate/Pipeline/Pipeline.php(116): Illuminate\Pipeline\Pipeline->Illuminate\Pipeline\{closure}()
#20 /home/1230133.cloudwaysapps.com/uqrqhwsyhk/public_html/vendor/laravel/framework/src/Illuminate/Bus/Dispatcher.php(132): Illuminate\Pipeline\Pipeline->then()
#21 /home/1230133.cloudwaysapps.com/uqrqhwsyhk/public_html/vendor/laravel/framework/src/Illuminate/Queue/CallQueuedHandler.php(123): Illuminate\Bus\Dispatcher->dispatchNow()
#22 /home/1230133.cloudwaysapps.com/uqrqhwsyhk/public_html/vendor/laravel/framework/src/Illuminate/Pipeline/Pipeline.php(141): Illuminate\Queue\CallQueuedHandler->Illuminate\Queue\{closure}()
#23 /home/1230133.cloudwaysapps.com/uqrqhwsyhk/public_html/vendor/laravel/framework/src/Illuminate/Pipeline/Pipeline.php(116): Illuminate\Pipeline\Pipeline->Illuminate\Pipeline\{closure}()
#24 /home/1230133.cloudwaysapps.com/uqrqhwsyhk/public_html/vendor/laravel/framework/src/Illuminate/Queue/CallQueuedHandler.php(122): Illuminate\Pipeline\Pipeline->then()
#25 /home/1230133.cloudwaysapps.com/uqrqhwsyhk/public_html/vendor/laravel/framework/src/Illuminate/Queue/CallQueuedHandler.php(70): Illuminate\Queue\CallQueuedHandler->dispatchThroughMiddleware()
#26 /home/1230133.cloudwaysapps.com/uqrqhwsyhk/public_html/vendor/laravel/framework/src/Illuminate/Queue/Jobs/Job.php(98): Illuminate\Queue\CallQueuedHandler->call()
#27 /home/1230133.cloudwaysapps.com/uqrqhwsyhk/public_html/vendor/laravel/framework/src/Illuminate/Queue/SyncQueue.php(43): Illuminate\Queue\Jobs\Job->fire()
#28 /home/1230133.cloudwaysapps.com/uqrqhwsyhk/public_html/vendor/laravel/framework/src/Illuminate/Queue/Queue.php(57): Illuminate\Queue\SyncQueue->push()
#29 /home/1230133.cloudwaysapps.com/uqrqhwsyhk/public_html/vendor/laravel/framework/src/Illuminate/Bus/Dispatcher.php(246): Illuminate\Queue\Queue->pushOn()
#30 /home/1230133.cloudwaysapps.com/uqrqhwsyhk/public_html/vendor/laravel/framework/src/Illuminate/Bus/Dispatcher.php(229): Illuminate\Bus\Dispatcher->pushCommandToQueue()
#31 /home/1230133.cloudwaysapps.com/uqrqhwsyhk/public_html/vendor/laravel/framework/src/Illuminate/Bus/Dispatcher.php(77): Illuminate\Bus\Dispatcher->dispatchToQueue()
#32 /home/1230133.cloudwaysapps.com/uqrqhwsyhk/public_html/vendor/laravel/framework/src/Illuminate/Foundation/Bus/PendingDispatch.php(193): Illuminate\Bus\Dispatcher->dispatch()
#33 /home/1230133.cloudwaysapps.com/uqrqhwsyhk/public_html/app/Console/Commands/Global/DailyDataTransactionFetchCommand.php(95): Illuminate\Foundation\Bus\PendingDispatch->__destruct()
#34 /home/1230133.cloudwaysapps.com/uqrqhwsyhk/public_html/vendor/laravel/framework/src/Illuminate/Container/BoundMethod.php(36): App\Console\Commands\Global\DailyDataTransactionFetchCommand->handle()
#35 /home/1230133.cloudwaysapps.com/uqrqhwsyhk/public_html/vendor/laravel/framework/src/Illuminate/Container/Util.php(41): Illuminate\Container\BoundMethod::Illuminate\Container\{closure}()
#36 /home/1230133.cloudwaysapps.com/uqrqhwsyhk/public_html/vendor/laravel/framework/src/Illuminate/Container/BoundMethod.php(93): Illuminate\Container\Util::unwrapIfClosure()
#37 /home/1230133.cloudwaysapps.com/uqrqhwsyhk/public_html/vendor/laravel/framework/src/Illuminate/Container/BoundMethod.php(35): Illuminate\Container\BoundMethod::callBoundMethod()
#38 /home/1230133.cloudwaysapps.com/uqrqhwsyhk/public_html/vendor/laravel/framework/src/Illuminate/Container/Container.php(661): Illuminate\Container\BoundMethod::call()
#39 /home/1230133.cloudwaysapps.com/uqrqhwsyhk/public_html/vendor/laravel/framework/src/Illuminate/Console/Command.php(183): Illuminate\Container\Container->call()
#40 /home/1230133.cloudwaysapps.com/uqrqhwsyhk/public_html/vendor/symfony/console/Command/Command.php(326): Illuminate\Console\Command->execute()
#41 /home/1230133.cloudwaysapps.com/uqrqhwsyhk/public_html/vendor/laravel/framework/src/Illuminate/Console/Command.php(152): Symfony\Component\Console\Command\Command->run()
#42 /home/1230133.cloudwaysapps.com/uqrqhwsyhk/public_html/vendor/symfony/console/Application.php(1063): Illuminate\Console\Command->run()
#43 /home/1230133.cloudwaysapps.com/uqrqhwsyhk/public_html/vendor/symfony/console/Application.php(320): Symfony\Component\Console\Application->doRunCommand()
#44 /home/1230133.cloudwaysapps.com/uqrqhwsyhk/public_html/vendor/symfony/console/Application.php(174): Symfony\Component\Console\Application->doRun()
#45 /home/1230133.cloudwaysapps.com/uqrqhwsyhk/public_html/vendor/laravel/framework/src/Illuminate/Console/Application.php(102): Symfony\Component\Console\Application->run()
#46 /home/1230133.cloudwaysapps.com/uqrqhwsyhk/public_html/vendor/laravel/framework/src/Illuminate/Foundation/Console/Kernel.php(155): Illuminate\Console\Application->run()
#47 /home/1230133.cloudwaysapps.com/uqrqhwsyhk/public_html/artisan(35): Illuminate\Foundation\Console\Kernel->handle()
#48 {main}  
