[2025-12-04 03:32:02] production.INFO: MODULE NAME: GENERATE DEEP LINK  
[2025-12-04 03:32:02] production.INFO: GENERATE LINK ID: 1831596 || PROCESS START || STARTING  
[2025-12-04 03:32:02] production.INFO: MODULE NAME: Awin GENERATE DEEP LINK  
[2025-12-04 03:32:02] production.INFO: PROCESSING START  
[2025-12-04 03:32:02] production.INFO: TRACKING URL: https://www.awin1.com/awclick.php?mid=84245&id=1263017&campaign=Vossagin&clickref=90cbb48a-9652-48f5-b3a4-c2402540f6b2&clickref2=8056da06-5e49-4b4b-b565-e6743ab17e69&clickref3=&clickref4=&clickref5=&clickref6=&ued=https%3A%2F%2Fvossagin.com%2Fproducts%2F6ctw-created-moissanite-tennis-bracelet%3F_pos%3D1%26_sid%3D365c28dc2%26_ss%3Dr%26variant%3D44954969997511&platform=pl  
[2025-12-04 03:32:02] production.INFO: SHORT URL: https://go.linkscircle.com/deeplink/5c4xmz9X  
[2025-12-04 03:32:02] production.INFO: MODULE NAME: Awin GENERATE DEEP LINK  
[2025-12-04 03:32:02] production.INFO: PROCESSING END  
[2025-12-04 03:32:02] production.INFO: MODULE NAME: Awin GENERATE DEEP LINK  
[2025-12-04 03:32:02] production.INFO: GENERATE LINK ID: 1831596 || PROCESS START  
[2025-12-04 03:32:02] production.INFO: MODULE NAME: Awin GENERATE DEEP LINK  
[2025-12-04 03:32:02] production.INFO: GENERATE LINK ID: 1831596 || PROCESS END  
[2025-12-04 03:32:02] production.INFO: MODULE NAME: GENERATE DEEP LINK  
[2025-12-04 03:32:02] production.INFO: GENERATE LINK ID: 1831596 || PROCESS END || COMPLETED  
[2025-12-04 03:35:09] production.INFO: MODULE NAME: GENERATE DEEP LINK  
[2025-12-04 03:35:09] production.INFO: GENERATE LINK ID: 1831597 || PROCESS START || STARTING  
[2025-12-04 03:35:09] production.INFO: MODULE NAME: Awin GENERATE DEEP LINK  
[2025-12-04 03:35:09] production.INFO: PROCESSING START  
[2025-12-04 03:35:09] production.INFO: TRACKING URL: https://www.awin1.com/awclick.php?mid=84245&id=1263017&campaign=Vossagin&clickref=90cbb48a-9652-48f5-b3a4-c2402540f6b2&clickref2=8056da06-5e49-4b4b-b565-e6743ab17e69&clickref3=&clickref4=&clickref5=&clickref6=&ued=https%3A%2F%2Fvossagin.com%2Fproducts%2F20-ct-created-white-sapphire-graduated-tennis-necklace%3F_pos%3D1%26_sid%3D5eb44178e%26_ss%3Dr&platform=pl  
[2025-12-04 03:35:09] production.INFO: SHORT URL: https://go.linkscircle.com/deeplink/nhgYCB212Ay  
[2025-12-04 03:35:09] production.INFO: MODULE NAME: Awin GENERATE DEEP LINK  
[2025-12-04 03:35:09] production.INFO: PROCESSING END  
[2025-12-04 03:35:09] production.INFO: MODULE NAME: Awin GENERATE DEEP LINK  
[2025-12-04 03:35:09] production.INFO: GENERATE LINK ID: 1831597 || PROCESS START  
[2025-12-04 03:35:09] production.INFO: MODULE NAME: Awin GENERATE DEEP LINK  
[2025-12-04 03:35:09] production.INFO: GENERATE LINK ID: 1831597 || PROCESS END  
[2025-12-04 03:35:09] production.INFO: MODULE NAME: GENERATE DEEP LINK  
[2025-12-04 03:35:09] production.INFO: GENERATE LINK ID: 1831597 || PROCESS END || COMPLETED  
[2025-12-04 03:42:02] production.INFO: MODULE NAME: GENERATE DEEP LINK  
[2025-12-04 03:42:02] production.INFO: GENERATE LINK ID: 1831598 || PROCESS START || STARTING  
[2025-12-04 03:42:02] production.INFO: MODULE NAME: Awin GENERATE DEEP LINK  
[2025-12-04 03:42:02] production.INFO: PROCESSING START  
[2025-12-04 03:42:02] production.INFO: TRACKING URL: https://www.awin1.com/awclick.php?mid=84245&id=1263017&campaign=Vossagin&clickref=90cbb48a-9652-48f5-b3a4-c2402540f6b2&clickref2=8056da06-5e49-4b4b-b565-e6743ab17e69&clickref3=&clickref4=&clickref5=&clickref6=&ued=https%3A%2F%2Fvossagin.com%2Fproducts%2F4-00-ctw-lab-grown-diamond-bezel-martini-stud-earrings-in-14k-gold%3F_pos%3D5%26_sid%3Dc10078f36%26_ss%3Dr%26variant%3D44832279331015&platform=pl  
[2025-12-04 03:42:02] production.INFO: SHORT URL: https://go.linkscircle.com/deeplink/KOUof4  
[2025-12-04 03:42:02] production.INFO: MODULE NAME: Awin GENERATE DEEP LINK  
[2025-12-04 03:42:02] production.INFO: PROCESSING END  
[2025-12-04 03:42:02] production.INFO: MODULE NAME: Awin GENERATE DEEP LINK  
[2025-12-04 03:42:02] production.INFO: GENERATE LINK ID: 1831598 || PROCESS START  
[2025-12-04 03:42:02] production.INFO: MODULE NAME: Awin GENERATE DEEP LINK  
[2025-12-04 03:42:02] production.INFO: GENERATE LINK ID: 1831598 || PROCESS END  
[2025-12-04 03:42:02] production.INFO: MODULE NAME: GENERATE DEEP LINK  
[2025-12-04 03:42:02] production.INFO: GENERATE LINK ID: 1831598 || PROCESS END || COMPLETED  
[2025-12-04 10:44:02] production.INFO: MODULE NAME: GENERATE DEEP LINK  
[2025-12-04 10:44:02] production.INFO: GENERATE LINK ID: 1831629 || PROCESS START || STARTING  
[2025-12-04 10:44:02] production.INFO: MODULE NAME: Awin GENERATE DEEP LINK  
[2025-12-04 10:44:02] production.INFO: PROCESSING START  
[2025-12-04 10:44:02] production.INFO: TRACKING URL: https://www.awin1.com/awclick.php?mid=62319&id=1263017&campaign=Trotec+-+FR&clickref=bb6d491d-7a37-4019-bb28-157ccf274fb3&clickref2=c0064891-bb25-445c-b859-f9369af36b7b&clickref3=&clickref4=&clickref5=&clickref6=&ued=https%3A%2F%2Ffr.trotec.com%2Fshop%2Fidees-cadeaux&platform=pl  
[2025-12-04 10:44:02] production.INFO: SHORT URL: https://go.linkscircle.com/deeplink/PVqzj0  
[2025-12-04 10:44:02] production.INFO: MODULE NAME: Awin GENERATE DEEP LINK  
[2025-12-04 10:44:02] production.INFO: PROCESSING END  
[2025-12-04 10:44:02] production.INFO: MODULE NAME: Awin GENERATE DEEP LINK  
[2025-12-04 10:44:02] production.INFO: GENERATE LINK ID: 1831629 || PROCESS START  
[2025-12-04 10:44:02] production.INFO: MODULE NAME: Awin GENERATE DEEP LINK  
[2025-12-04 10:44:02] production.INFO: GENERATE LINK ID: 1831629 || PROCESS END  
[2025-12-04 10:44:02] production.INFO: MODULE NAME: GENERATE DEEP LINK  
[2025-12-04 10:44:02] production.INFO: GENERATE LINK ID: 1831629 || PROCESS END || COMPLETED  
