[2025-11-22 14:58:02] production.INFO: MODULE NAME: GENERATE DEEP LINK  
[2025-11-22 14:58:02] production.INFO: GENERATE LINK ID: 1779324 || PROCESS START || STARTING  
[2025-11-22 14:58:02] production.INFO: MODULE NAME: FatCoupon GENERATE DEEP LINK  
[2025-11-22 14:58:02] production.INFO: PROCESSING START  
[2025-11-22 14:58:02] production.INFO: TRACKING URL: https://redirect.partner.fatcoupon.com/go?cid=349&mid=69397&url=https%3A%2F%2Fwww.megabad.com%2F&subId1=b4fb0b08-a8b5-4bcd-9e8f-d9df7c8f447e&subId2=789634bc-7d66-4108-bf5f-2e3a31c67a93  
[2025-11-22 14:58:02] production.INFO: SHORT URL: https://go.linkscircle.com/deeplink/9G6iveZ3n  
[2025-11-22 14:58:02] production.INFO: MODULE NAME: FatCoupon GENERATE DEEP LINK  
[2025-11-22 14:58:02] production.INFO: PROCESSING END  
[2025-11-22 14:58:02] production.INFO: MODULE NAME: FatCoupon GENERATE DEEP LINK  
[2025-11-22 14:58:02] production.INFO: GENERATE LINK ID: 1779324 || PROCESS START  
[2025-11-22 14:58:02] production.INFO: MODULE NAME: FatCoupon GENERATE DEEP LINK  
[2025-11-22 14:58:02] production.INFO: GENERATE LINK ID: 1779324 || PROCESS END  
[2025-11-22 14:58:02] production.INFO: MODULE NAME: GENERATE DEEP LINK  
[2025-11-22 14:58:02] production.INFO: GENERATE LINK ID: 1779324 || PROCESS END || COMPLETED  
[2025-11-22 15:04:02] production.INFO: MODULE NAME: GENERATE DEEP LINK  
[2025-11-22 15:04:02] production.INFO: GENERATE LINK ID: 1779325 || PROCESS START || STARTING  
[2025-11-22 15:04:02] production.INFO: MODULE NAME: FatCoupon GENERATE DEEP LINK  
[2025-11-22 15:04:02] production.INFO: PROCESSING START  
[2025-11-22 15:04:02] production.INFO: TRACKING URL: https://redirect.partner.fatcoupon.com/go?cid=349&mid=7586&url=https%3A%2F%2Fwww.neuesbad.de%2F&subId1=b4fb0b08-a8b5-4bcd-9e8f-d9df7c8f447e&subId2=789634bc-7d66-4108-bf5f-2e3a31c67a93  
[2025-11-22 15:04:02] production.INFO: SHORT URL: https://go.linkscircle.com/deeplink/UWFBtq14272  
[2025-11-22 15:04:02] production.INFO: MODULE NAME: FatCoupon GENERATE DEEP LINK  
[2025-11-22 15:04:02] production.INFO: PROCESSING END  
[2025-11-22 15:04:02] production.INFO: MODULE NAME: FatCoupon GENERATE DEEP LINK  
[2025-11-22 15:04:02] production.INFO: GENERATE LINK ID: 1779325 || PROCESS START  
[2025-11-22 15:04:02] production.INFO: MODULE NAME: FatCoupon GENERATE DEEP LINK  
[2025-11-22 15:04:02] production.INFO: GENERATE LINK ID: 1779325 || PROCESS END  
[2025-11-22 15:04:02] production.INFO: MODULE NAME: GENERATE DEEP LINK  
[2025-11-22 15:04:02] production.INFO: GENERATE LINK ID: 1779325 || PROCESS END || COMPLETED  
[2025-11-22 15:05:08] production.INFO: MODULE NAME: GENERATE DEEP LINK  
[2025-11-22 15:05:08] production.INFO: GENERATE LINK ID: 1779326 || PROCESS START || STARTING  
[2025-11-22 15:05:08] production.INFO: MODULE NAME: FatCoupon GENERATE DEEP LINK  
[2025-11-22 15:05:08] production.INFO: PROCESSING START  
[2025-11-22 15:05:08] production.INFO: TRACKING URL: https://redirect.partner.fatcoupon.com/go?cid=349&mid=69397&url=https%3A%2F%2Fwww.megabad.com%2F&subId1=b4fb0b08-a8b5-4bcd-9e8f-d9df7c8f447e&subId2=789634bc-7d66-4108-bf5f-2e3a31c67a93  
[2025-11-22 15:05:08] production.INFO: SHORT URL: https://go.linkscircle.com/deeplink/9G6iveZ3n  
[2025-11-22 15:05:08] production.INFO: MODULE NAME: FatCoupon GENERATE DEEP LINK  
[2025-11-22 15:05:08] production.INFO: PROCESSING END  
[2025-11-22 15:05:08] production.INFO: MODULE NAME: FatCoupon GENERATE DEEP LINK  
[2025-11-22 15:05:08] production.INFO: GENERATE LINK ID: 1779326 || PROCESS START  
[2025-11-22 15:05:08] production.INFO: MODULE NAME: FatCoupon GENERATE DEEP LINK  
[2025-11-22 15:05:08] production.INFO: GENERATE LINK ID: 1779326 || PROCESS END  
[2025-11-22 15:05:08] production.INFO: MODULE NAME: GENERATE DEEP LINK  
[2025-11-22 15:05:08] production.INFO: GENERATE LINK ID: 1779326 || PROCESS END || COMPLETED  
[2025-11-22 15:07:02] production.INFO: MODULE NAME: GENERATE DEEP LINK  
[2025-11-22 15:07:02] production.INFO: GENERATE LINK ID: 1779327 || PROCESS START || STARTING  
[2025-11-22 15:07:02] production.INFO: MODULE NAME: FatCoupon GENERATE DEEP LINK  
[2025-11-22 15:07:02] production.INFO: PROCESSING START  
[2025-11-22 15:07:02] production.INFO: TRACKING URL: https://redirect.partner.fatcoupon.com/go?cid=349&mid=69497&url=https%3A%2F%2Fmatratzen.discount%2F&subId1=b4fb0b08-a8b5-4bcd-9e8f-d9df7c8f447e&subId2=789634bc-7d66-4108-bf5f-2e3a31c67a93  
[2025-11-22 15:07:02] production.INFO: SHORT URL: https://go.linkscircle.com/deeplink/3eOMyhL1  
[2025-11-22 15:07:02] production.INFO: MODULE NAME: FatCoupon GENERATE DEEP LINK  
[2025-11-22 15:07:02] production.INFO: PROCESSING END  
[2025-11-22 15:07:02] production.INFO: MODULE NAME: FatCoupon GENERATE DEEP LINK  
[2025-11-22 15:07:02] production.INFO: GENERATE LINK ID: 1779327 || PROCESS START  
[2025-11-22 15:07:02] production.INFO: MODULE NAME: FatCoupon GENERATE DEEP LINK  
[2025-11-22 15:07:02] production.INFO: GENERATE LINK ID: 1779327 || PROCESS END  
[2025-11-22 15:07:02] production.INFO: MODULE NAME: GENERATE DEEP LINK  
[2025-11-22 15:07:02] production.INFO: GENERATE LINK ID: 1779327 || PROCESS END || COMPLETED  
[2025-11-22 15:08:02] production.INFO: MODULE NAME: GENERATE DEEP LINK  
[2025-11-22 15:08:02] production.INFO: GENERATE LINK ID: 1779328 || PROCESS START || STARTING  
[2025-11-22 15:08:02] production.INFO: MODULE NAME: FatCoupon GENERATE DEEP LINK  
[2025-11-22 15:08:02] production.INFO: PROCESSING START  
[2025-11-22 15:08:02] production.INFO: TRACKING URL: https://redirect.partner.fatcoupon.com/go?cid=349&mid=69497&url=https%3A%2F%2Fmatratzen.discount%2F&subId1=b4fb0b08-a8b5-4bcd-9e8f-d9df7c8f447e&subId2=789634bc-7d66-4108-bf5f-2e3a31c67a93&subId3=https%3A%2F%2Fmatratzen.discount%2F  
[2025-11-22 15:08:02] production.INFO: SHORT URL: https://go.linkscircle.com/deeplink/MZas9sd  
[2025-11-22 15:08:02] production.INFO: MODULE NAME: FatCoupon GENERATE DEEP LINK  
[2025-11-22 15:08:02] production.INFO: PROCESSING END  
[2025-11-22 15:08:02] production.INFO: MODULE NAME: FatCoupon GENERATE DEEP LINK  
[2025-11-22 15:08:02] production.INFO: GENERATE LINK ID: 1779328 || PROCESS START  
[2025-11-22 15:08:02] production.INFO: MODULE NAME: FatCoupon GENERATE DEEP LINK  
[2025-11-22 15:08:02] production.INFO: GENERATE LINK ID: 1779328 || PROCESS END  
[2025-11-22 15:08:02] production.INFO: MODULE NAME: GENERATE DEEP LINK  
[2025-11-22 15:08:02] production.INFO: GENERATE LINK ID: 1779328 || PROCESS END || COMPLETED  
[2025-11-22 15:10:13] production.INFO: MODULE NAME: GENERATE DEEP LINK  
[2025-11-22 15:10:13] production.INFO: GENERATE LINK ID: 1779329 || PROCESS START || STARTING  
[2025-11-22 15:10:13] production.INFO: MODULE NAME: FatCoupon GENERATE DEEP LINK  
[2025-11-22 15:10:13] production.INFO: PROCESSING START  
[2025-11-22 15:10:13] production.INFO: TRACKING URL: https://redirect.partner.fatcoupon.com/go?cid=349&mid=69497&url=https%3A%2F%2Fmatratzen.discount%2F&subId1=b4fb0b08-a8b5-4bcd-9e8f-d9df7c8f447e&subId2=789634bc-7d66-4108-bf5f-2e3a31c67a93  
[2025-11-22 15:10:13] production.INFO: SHORT URL: https://go.linkscircle.com/deeplink/3eOMyhL1  
[2025-11-22 15:10:13] production.INFO: MODULE NAME: FatCoupon GENERATE DEEP LINK  
[2025-11-22 15:10:13] production.INFO: PROCESSING END  
[2025-11-22 15:10:13] production.INFO: MODULE NAME: FatCoupon GENERATE DEEP LINK  
[2025-11-22 15:10:13] production.INFO: GENERATE LINK ID: 1779329 || PROCESS START  
[2025-11-22 15:10:13] production.INFO: MODULE NAME: FatCoupon GENERATE DEEP LINK  
[2025-11-22 15:10:13] production.INFO: GENERATE LINK ID: 1779329 || PROCESS END  
[2025-11-22 15:10:13] production.INFO: MODULE NAME: GENERATE DEEP LINK  
[2025-11-22 15:10:13] production.INFO: GENERATE LINK ID: 1779329 || PROCESS END || COMPLETED  
[2025-11-22 15:10:13] production.INFO: MODULE NAME: GENERATE DEEP LINK  
[2025-11-22 15:10:13] production.INFO: GENERATE LINK ID: 1779330 || PROCESS START || STARTING  
[2025-11-22 15:10:13] production.INFO: MODULE NAME: FatCoupon GENERATE DEEP LINK  
[2025-11-22 15:10:13] production.INFO: PROCESSING START  
[2025-11-22 15:10:13] production.INFO: TRACKING URL: https://redirect.partner.fatcoupon.com/go?cid=349&mid=7586&url=https%3A%2F%2Fwww.neuesbad.de%2F&subId1=b4fb0b08-a8b5-4bcd-9e8f-d9df7c8f447e&subId2=789634bc-7d66-4108-bf5f-2e3a31c67a93  
[2025-11-22 15:10:13] production.INFO: SHORT URL: https://go.linkscircle.com/deeplink/UWFBtq14272  
[2025-11-22 15:10:13] production.INFO: MODULE NAME: FatCoupon GENERATE DEEP LINK  
[2025-11-22 15:10:13] production.INFO: PROCESSING END  
[2025-11-22 15:10:13] production.INFO: MODULE NAME: FatCoupon GENERATE DEEP LINK  
[2025-11-22 15:10:13] production.INFO: GENERATE LINK ID: 1779330 || PROCESS START  
[2025-11-22 15:10:13] production.INFO: MODULE NAME: FatCoupon GENERATE DEEP LINK  
[2025-11-22 15:10:13] production.INFO: GENERATE LINK ID: 1779330 || PROCESS END  
[2025-11-22 15:10:13] production.INFO: MODULE NAME: GENERATE DEEP LINK  
[2025-11-22 15:10:13] production.INFO: GENERATE LINK ID: 1779330 || PROCESS END || COMPLETED  
[2025-11-22 15:10:13] production.INFO: MODULE NAME: GENERATE DEEP LINK  
[2025-11-22 15:10:13] production.INFO: GENERATE LINK ID: 1779331 || PROCESS START || STARTING  
[2025-11-22 15:10:13] production.INFO: MODULE NAME: FatCoupon GENERATE DEEP LINK  
[2025-11-22 15:10:13] production.INFO: PROCESSING START  
[2025-11-22 15:10:13] production.INFO: TRACKING URL: https://redirect.partner.fatcoupon.com/go?cid=349&mid=69497&url=https%3A%2F%2Fmatratzen.discount%2F&subId1=b4fb0b08-a8b5-4bcd-9e8f-d9df7c8f447e&subId2=789634bc-7d66-4108-bf5f-2e3a31c67a93&subId3=https%3A%2F%2Fmatratzen.discount%2F  
[2025-11-22 15:10:13] production.INFO: SHORT URL: https://go.linkscircle.com/deeplink/MZas9sd  
[2025-11-22 15:10:13] production.INFO: MODULE NAME: FatCoupon GENERATE DEEP LINK  
[2025-11-22 15:10:13] production.INFO: PROCESSING END  
[2025-11-22 15:10:13] production.INFO: MODULE NAME: FatCoupon GENERATE DEEP LINK  
[2025-11-22 15:10:13] production.INFO: GENERATE LINK ID: 1779331 || PROCESS START  
[2025-11-22 15:10:13] production.INFO: MODULE NAME: FatCoupon GENERATE DEEP LINK  
[2025-11-22 15:10:13] production.INFO: GENERATE LINK ID: 1779331 || PROCESS END  
[2025-11-22 15:10:13] production.INFO: MODULE NAME: GENERATE DEEP LINK  
[2025-11-22 15:10:13] production.INFO: GENERATE LINK ID: 1779331 || PROCESS END || COMPLETED  
[2025-11-22 17:17:02] production.INFO: MODULE NAME: GENERATE DEEP LINK  
[2025-11-22 17:17:02] production.INFO: GENERATE LINK ID: 1779347 || PROCESS START || STARTING  
[2025-11-22 17:17:02] production.INFO: MODULE NAME: Flex Offers GENERATE DEEP LINK  
[2025-11-22 17:17:02] production.INFO: PROCESSING START  
[2025-11-22 17:17:02] production.INFO: TRACKING URL: https://track.flexlinkspro.com/g.ashx?foid=1.50486&trid=1472827.232486&foc=17&fot=9999&fos=1&URL=https%3A%2F%2Fjamesmichelle.com%2Fpages%2Fbridal-for-the-bridal-party&fobs=90cbb48a-9652-48f5-b3a4-c2402540f6b2&fobs2=8056da06-5e49-4b4b-b565-e6743ab17e69&fobs3=  
[2025-11-22 17:17:02] production.INFO: SHORT URL: https://go.linkscircle.com/deeplink/JDUe1hm0uZh  
[2025-11-22 17:17:02] production.INFO: MODULE NAME: Flex Offers GENERATE DEEP LINK  
[2025-11-22 17:17:02] production.INFO: PROCESSING END  
[2025-11-22 17:17:02] production.INFO: MODULE NAME: Flex Offers GENERATE DEEP LINK  
[2025-11-22 17:17:02] production.INFO: GENERATE LINK ID: 1779347 || PROCESS START  
[2025-11-22 17:17:02] production.INFO: MODULE NAME: Flex Offers GENERATE DEEP LINK  
[2025-11-22 17:17:02] production.INFO: GENERATE LINK ID: 1779347 || PROCESS END  
[2025-11-22 17:17:02] production.INFO: MODULE NAME: GENERATE DEEP LINK  
[2025-11-22 17:17:02] production.INFO: GENERATE LINK ID: 1779347 || PROCESS END || COMPLETED  
[2025-11-22 17:21:02] production.INFO: MODULE NAME: GENERATE DEEP LINK  
[2025-11-22 17:21:02] production.INFO: GENERATE LINK ID: 1779348 || PROCESS START || STARTING  
[2025-11-22 17:21:02] production.INFO: MODULE NAME: Impact GENERATE DEEP LINK  
[2025-11-22 17:21:02] production.INFO: PROCESSING START  
[2025-11-22 17:21:02] production.INFO: TRACKING URL: https://kemimoto.sjv.io/c/4101692/1967094/24058?DeepLink=https%3A%2F%2Fwww.kemimoto.com%2Fproducts%2Funisex-heated-hoodie-with-battery-pack%3Fvariant%3D43669055406271&subId1=90cbb48a-9652-48f5-b3a4-c2402540f6b2&subId2=8056da06-5e49-4b4b-b565-e6743ab17e69&subId3=  
[2025-11-22 17:21:02] production.INFO: SHORT URL: https://go.linkscircle.com/deeplink/9jtW0Wt  
[2025-11-22 17:21:02] production.INFO: MODULE NAME: Impact GENERATE DEEP LINK  
[2025-11-22 17:21:02] production.INFO: PROCESSING END  
[2025-11-22 17:21:02] production.INFO: MODULE NAME: Impact GENERATE DEEP LINK  
[2025-11-22 17:21:02] production.INFO: GENERATE LINK ID: 1779348 || PROCESS START  
[2025-11-22 17:21:02] production.INFO: MODULE NAME: Impact GENERATE DEEP LINK  
[2025-11-22 17:21:02] production.INFO: GENERATE LINK ID: 1779348 || PROCESS END  
[2025-11-22 17:21:02] production.INFO: MODULE NAME: GENERATE DEEP LINK  
[2025-11-22 17:21:02] production.INFO: GENERATE LINK ID: 1779348 || PROCESS END || COMPLETED  
[2025-11-22 18:59:02] production.INFO: MODULE NAME: GENERATE DEEP LINK  
[2025-11-22 18:59:02] production.INFO: GENERATE LINK ID: 1779349 || PROCESS START || STARTING  
[2025-11-22 18:59:02] production.INFO: MODULE NAME: Awin GENERATE DEEP LINK  
[2025-11-22 18:59:02] production.INFO: PROCESSING START  
[2025-11-22 18:59:02] production.INFO: TRACKING URL: https://www.awin1.com/awclick.php?mid=9010&id=1263017&campaign=Volcom+FR&clickref=b4fb0b08-a8b5-4bcd-9e8f-d9df7c8f447e&clickref2=789634bc-7d66-4108-bf5f-2e3a31c67a93&clickref3=&clickref4=&clickref5=&clickref6=&ued=https%3A%2F%2Fwww.volcom.fr%2F&platform=pl  
[2025-11-22 18:59:02] production.INFO: SHORT URL: https://go.linkscircle.com/deeplink/714XuYexHIBq  
[2025-11-22 18:59:02] production.INFO: MODULE NAME: Awin GENERATE DEEP LINK  
[2025-11-22 18:59:02] production.INFO: PROCESSING END  
[2025-11-22 18:59:02] production.INFO: MODULE NAME: Awin GENERATE DEEP LINK  
[2025-11-22 18:59:02] production.INFO: GENERATE LINK ID: 1779349 || PROCESS START  
[2025-11-22 18:59:02] production.INFO: MODULE NAME: Awin GENERATE DEEP LINK  
[2025-11-22 18:59:02] production.INFO: GENERATE LINK ID: 1779349 || PROCESS END  
[2025-11-22 18:59:02] production.INFO: MODULE NAME: GENERATE DEEP LINK  
[2025-11-22 18:59:02] production.INFO: GENERATE LINK ID: 1779349 || PROCESS END || COMPLETED  
[2025-11-22 19:03:02] production.INFO: MODULE NAME: GENERATE DEEP LINK  
[2025-11-22 19:03:02] production.INFO: GENERATE LINK ID: 1779350 || PROCESS START || STARTING  
[2025-11-22 19:03:02] production.INFO: MODULE NAME: Flex Offers GENERATE DEEP LINK  
[2025-11-22 19:03:02] production.INFO: PROCESSING START  
[2025-11-22 19:03:02] production.INFO: TRACKING URL: https://track.flexlinkspro.com/g.ashx?foid=1.48019&trid=1472827.159887&foc=17&fot=9999&fos=1&URL=https%3A%2F%2Fwww.allenedmonds.com%2Fbrowse%2Ffeatured%2Fblack-friday%3Ficid%3DTopNav_Sale_Black-Friday-Sale_Black-Friday-Deals%23sortCriteria%3Drelevance&fobs=90cbb48a-9652-48f5-b3a4-c2402540f6b2&fobs2=8056da06-5e49-4b4b-b565-e6743ab17e69&fobs3=  
[2025-11-22 19:03:02] production.INFO: SHORT URL: https://go.linkscircle.com/deeplink/zv111Vf2  
[2025-11-22 19:03:02] production.INFO: MODULE NAME: Flex Offers GENERATE DEEP LINK  
[2025-11-22 19:03:02] production.INFO: PROCESSING END  
[2025-11-22 19:03:02] production.INFO: MODULE NAME: Flex Offers GENERATE DEEP LINK  
[2025-11-22 19:03:02] production.INFO: GENERATE LINK ID: 1779350 || PROCESS START  
[2025-11-22 19:03:02] production.INFO: MODULE NAME: Flex Offers GENERATE DEEP LINK  
[2025-11-22 19:03:02] production.INFO: GENERATE LINK ID: 1779350 || PROCESS END  
[2025-11-22 19:03:02] production.INFO: MODULE NAME: GENERATE DEEP LINK  
[2025-11-22 19:03:02] production.INFO: GENERATE LINK ID: 1779350 || PROCESS END || COMPLETED  
[2025-11-22 19:27:02] production.INFO: MODULE NAME: GENERATE DEEP LINK  
[2025-11-22 19:27:02] production.INFO: GENERATE LINK ID: 1779351 || PROCESS START || STARTING  
[2025-11-22 19:27:02] production.INFO: MODULE NAME: Awin GENERATE DEEP LINK  
[2025-11-22 19:27:02] production.INFO: PROCESSING START  
[2025-11-22 19:27:02] production.INFO: TRACKING URL: https://www.awin1.com/awclick.php?mid=9010&id=1263017&campaign=Volcom+FR&clickref=b4fb0b08-a8b5-4bcd-9e8f-d9df7c8f447e&clickref2=789634bc-7d66-4108-bf5f-2e3a31c67a93&clickref3=&clickref4=&clickref5=&clickref6=&ued=https%3A%2F%2Fwww.volcom.fr%2Fcollections%2Fblackdays25&platform=pl  
[2025-11-22 19:27:02] production.INFO: SHORT URL: https://go.linkscircle.com/deeplink/n1YBF2Z9ID9q  
[2025-11-22 19:27:02] production.INFO: MODULE NAME: Awin GENERATE DEEP LINK  
[2025-11-22 19:27:02] production.INFO: PROCESSING END  
[2025-11-22 19:27:02] production.INFO: MODULE NAME: Awin GENERATE DEEP LINK  
[2025-11-22 19:27:02] production.INFO: GENERATE LINK ID: 1779351 || PROCESS START  
[2025-11-22 19:27:02] production.INFO: MODULE NAME: Awin GENERATE DEEP LINK  
[2025-11-22 19:27:02] production.INFO: GENERATE LINK ID: 1779351 || PROCESS END  
[2025-11-22 19:27:02] production.INFO: MODULE NAME: GENERATE DEEP LINK  
[2025-11-22 19:27:02] production.INFO: GENERATE LINK ID: 1779351 || PROCESS END || COMPLETED  
[2025-11-22 19:29:02] production.INFO: MODULE NAME: GENERATE DEEP LINK  
[2025-11-22 19:29:02] production.INFO: GENERATE LINK ID: 1779352 || PROCESS START || STARTING  
[2025-11-22 19:29:02] production.INFO: MODULE NAME: Awin GENERATE DEEP LINK  
[2025-11-22 19:29:02] production.INFO: PROCESSING START  
[2025-11-22 19:29:02] production.INFO: TRACKING URL: https://www.awin1.com/awclick.php?mid=9010&id=1263017&campaign=Volcom+FR&clickref=b4fb0b08-a8b5-4bcd-9e8f-d9df7c8f447e&clickref2=789634bc-7d66-4108-bf5f-2e3a31c67a93&clickref3=&clickref4=&clickref5=&clickref6=&ued=https%3A%2F%2Fwww.volcom.fr%2Fcollections%2Ffemme-vetements-vestes-manteaux&platform=pl  
[2025-11-22 19:29:02] production.INFO: SHORT URL: https://go.linkscircle.com/deeplink/DgZAT1q1a  
[2025-11-22 19:29:02] production.INFO: MODULE NAME: Awin GENERATE DEEP LINK  
[2025-11-22 19:29:02] production.INFO: PROCESSING END  
[2025-11-22 19:29:02] production.INFO: MODULE NAME: Awin GENERATE DEEP LINK  
[2025-11-22 19:29:02] production.INFO: GENERATE LINK ID: 1779352 || PROCESS START  
[2025-11-22 19:29:02] production.INFO: MODULE NAME: Awin GENERATE DEEP LINK  
[2025-11-22 19:29:02] production.INFO: GENERATE LINK ID: 1779352 || PROCESS END  
[2025-11-22 19:29:02] production.INFO: MODULE NAME: GENERATE DEEP LINK  
[2025-11-22 19:29:02] production.INFO: GENERATE LINK ID: 1779352 || PROCESS END || COMPLETED  
[2025-11-22 19:31:02] production.INFO: MODULE NAME: GENERATE DEEP LINK  
[2025-11-22 19:31:02] production.INFO: GENERATE LINK ID: 1779353 || PROCESS START || STARTING  
[2025-11-22 19:31:02] production.INFO: MODULE NAME: Awin GENERATE DEEP LINK  
[2025-11-22 19:31:02] production.INFO: PROCESSING START  
[2025-11-22 19:31:02] production.INFO: TRACKING URL: https://www.awin1.com/awclick.php?mid=9010&id=1263017&campaign=Volcom+FR&clickref=b4fb0b08-a8b5-4bcd-9e8f-d9df7c8f447e&clickref2=789634bc-7d66-4108-bf5f-2e3a31c67a93&clickref3=&clickref4=&clickref5=&clickref6=&ued=https%3A%2F%2Fwww.volcom.fr%2Fcollections%2Fhomme-vetements-vestes-manteaux&platform=pl  
[2025-11-22 19:31:02] production.INFO: SHORT URL: https://go.linkscircle.com/deeplink/v8kmqOglK  
[2025-11-22 19:31:02] production.INFO: MODULE NAME: Awin GENERATE DEEP LINK  
[2025-11-22 19:31:02] production.INFO: PROCESSING END  
[2025-11-22 19:31:02] production.INFO: MODULE NAME: Awin GENERATE DEEP LINK  
[2025-11-22 19:31:02] production.INFO: GENERATE LINK ID: 1779353 || PROCESS START  
[2025-11-22 19:31:02] production.INFO: MODULE NAME: Awin GENERATE DEEP LINK  
[2025-11-22 19:31:02] production.INFO: GENERATE LINK ID: 1779353 || PROCESS END  
[2025-11-22 19:31:02] production.INFO: MODULE NAME: GENERATE DEEP LINK  
[2025-11-22 19:31:02] production.INFO: GENERATE LINK ID: 1779353 || PROCESS END || COMPLETED  
