[2025-11-29 10:06:02] production.INFO: MODULE NAME: GENERATE DEEP LINK  
[2025-11-29 10:06:02] production.INFO: GENERATE LINK ID: 1824495 || PROCESS START || STARTING  
[2025-11-29 10:06:02] production.INFO: MODULE NAME: Awin GENERATE DEEP LINK  
[2025-11-29 10:06:02] production.INFO: PROCESSING START  
[2025-11-29 10:06:02] production.INFO: TRACKING URL: https://www.awin1.com/awclick.php?mid=31197&id=1263017&campaign=365+Rider+FR&clickref=0a706075-6a57-4cb9-a250-62e0eb7adcc5&clickref2=3ca7f205-0ec8-4ca1-9b05-27ac389526c2&clickref3=&clickref4=&clickref5=&clickref6=&ued=https%3A%2F%2Fwww.365rider.com%2Ffr%2Fcontent%2F136-black-week-2025&platform=pl  
[2025-11-29 10:06:02] production.INFO: SHORT URL: https://go.linkscircle.com/deeplink/o5R4gK  
[2025-11-29 10:06:02] production.INFO: MODULE NAME: Awin GENERATE DEEP LINK  
[2025-11-29 10:06:02] production.INFO: PROCESSING END  
[2025-11-29 10:06:02] production.INFO: MODULE NAME: Awin GENERATE DEEP LINK  
[2025-11-29 10:06:02] production.INFO: GENERATE LINK ID: 1824495 || PROCESS START  
[2025-11-29 10:06:02] production.INFO: MODULE NAME: Awin GENERATE DEEP LINK  
[2025-11-29 10:06:02] production.INFO: GENERATE LINK ID: 1824495 || PROCESS END  
[2025-11-29 10:06:02] production.INFO: MODULE NAME: GENERATE DEEP LINK  
[2025-11-29 10:06:02] production.INFO: GENERATE LINK ID: 1824495 || PROCESS END || COMPLETED  
[2025-11-29 10:19:02] production.INFO: MODULE NAME: GENERATE DEEP LINK  
[2025-11-29 10:19:02] production.INFO: GENERATE LINK ID: 1824496 || PROCESS START || STARTING  
[2025-11-29 10:19:02] production.INFO: MODULE NAME: Awin GENERATE DEEP LINK  
[2025-11-29 10:19:02] production.INFO: PROCESSING START  
[2025-11-29 10:19:02] production.INFO: TRACKING URL: https://www.awin1.com/awclick.php?mid=18514&id=1263017&campaign=Beauty+Bay+FR&clickref=0a706075-6a57-4cb9-a250-62e0eb7adcc5&clickref2=3ca7f205-0ec8-4ca1-9b05-27ac389526c2&clickref3=&clickref4=&clickref5=&clickref6=&ued=https%3A%2F%2Fwww.beautybay.com%2Ffr%2Fl%2Fall&platform=pl  
[2025-11-29 10:19:02] production.INFO: SHORT URL: https://go.linkscircle.com/deeplink/QN1S7fJosVG  
[2025-11-29 10:19:02] production.INFO: MODULE NAME: Awin GENERATE DEEP LINK  
[2025-11-29 10:19:02] production.INFO: PROCESSING END  
[2025-11-29 10:19:02] production.INFO: MODULE NAME: Awin GENERATE DEEP LINK  
[2025-11-29 10:19:02] production.INFO: GENERATE LINK ID: 1824496 || PROCESS START  
[2025-11-29 10:19:02] production.INFO: MODULE NAME: Awin GENERATE DEEP LINK  
[2025-11-29 10:19:02] production.INFO: GENERATE LINK ID: 1824496 || PROCESS END  
[2025-11-29 10:19:02] production.INFO: MODULE NAME: GENERATE DEEP LINK  
[2025-11-29 10:19:02] production.INFO: GENERATE LINK ID: 1824496 || PROCESS END || COMPLETED  
[2025-11-29 10:35:08] production.INFO: MODULE NAME: GENERATE DEEP LINK  
[2025-11-29 10:35:08] production.INFO: GENERATE LINK ID: 1824497 || PROCESS START || STARTING  
[2025-11-29 10:35:08] production.INFO: MODULE NAME: Awin GENERATE DEEP LINK  
[2025-11-29 10:35:08] production.INFO: PROCESSING START  
[2025-11-29 10:35:08] production.INFO: TRACKING URL: https://www.awin1.com/awclick.php?mid=61187&id=1263017&campaign=70mai+Technology+Limited&clickref=91dec3ad-7584-4116-98a6-81c2fc36d1e3&clickref2=ec563b3e-dd0f-4847-82e4-97c9bd83a504&clickref3=&clickref4=&clickref5=&clickref6=&ued=https%3A%2F%2F70mai.store%2Fproducts%2F4k-omni-flash-bundle&platform=pl  
[2025-11-29 10:35:08] production.INFO: SHORT URL: https://go.linkscircle.com/deeplink/Id886ELei0a  
[2025-11-29 10:35:08] production.INFO: MODULE NAME: Awin GENERATE DEEP LINK  
[2025-11-29 10:35:08] production.INFO: PROCESSING END  
[2025-11-29 10:35:08] production.INFO: MODULE NAME: Awin GENERATE DEEP LINK  
[2025-11-29 10:35:08] production.INFO: GENERATE LINK ID: 1824497 || PROCESS START  
[2025-11-29 10:35:08] production.INFO: MODULE NAME: Awin GENERATE DEEP LINK  
[2025-11-29 10:35:08] production.INFO: GENERATE LINK ID: 1824497 || PROCESS END  
[2025-11-29 10:35:08] production.INFO: MODULE NAME: GENERATE DEEP LINK  
[2025-11-29 10:35:08] production.INFO: GENERATE LINK ID: 1824497 || PROCESS END || COMPLETED  
[2025-11-29 11:30:14] production.INFO: MODULE NAME: GENERATE DEEP LINK  
[2025-11-29 11:30:14] production.INFO: GENERATE LINK ID: 1824498 || PROCESS START || STARTING  
[2025-11-29 11:30:14] production.INFO: MODULE NAME: Awin GENERATE DEEP LINK  
[2025-11-29 11:30:14] production.INFO: PROCESSING START  
[2025-11-29 11:30:14] production.INFO: TRACKING URL: https://www.awin1.com/awclick.php?mid=64294&id=1263017&campaign=Hershesons&clickref=2cb22ca9-2da4-4e79-b499-e6f042a55fae&clickref2=78471f46-3aea-4178-98be-23952feb2804&clickref3=&clickref4=&clickref5=&clickref6=&ued=https%3A%2F%2Fwww.hershesons.com%2Fcollections%2Fblack-friday-sale-23&platform=pl  
[2025-11-29 11:30:14] production.INFO: SHORT URL: https://go.linkscircle.com/deeplink/wrPo34E  
[2025-11-29 11:30:14] production.INFO: MODULE NAME: Awin GENERATE DEEP LINK  
[2025-11-29 11:30:14] production.INFO: PROCESSING END  
[2025-11-29 11:30:14] production.INFO: MODULE NAME: Awin GENERATE DEEP LINK  
[2025-11-29 11:30:14] production.INFO: GENERATE LINK ID: 1824498 || PROCESS START  
[2025-11-29 11:30:14] production.INFO: MODULE NAME: Awin GENERATE DEEP LINK  
[2025-11-29 11:30:14] production.INFO: GENERATE LINK ID: 1824498 || PROCESS END  
[2025-11-29 11:30:14] production.INFO: MODULE NAME: GENERATE DEEP LINK  
[2025-11-29 11:30:14] production.INFO: GENERATE LINK ID: 1824498 || PROCESS END || COMPLETED  
[2025-11-29 11:30:14] production.INFO: MODULE NAME: GENERATE DEEP LINK  
[2025-11-29 11:30:14] production.INFO: GENERATE LINK ID: 1824499 || PROCESS START || STARTING  
[2025-11-29 11:30:14] production.INFO: MODULE NAME: Awin GENERATE DEEP LINK  
[2025-11-29 11:30:14] production.INFO: PROCESSING START  
[2025-11-29 11:30:14] production.INFO: TRACKING URL: https://www.awin1.com/awclick.php?mid=64294&id=1263017&campaign=Hershesons&clickref=2cb22ca9-2da4-4e79-b499-e6f042a55fae&clickref2=78471f46-3aea-4178-98be-23952feb2804&clickref3=&clickref4=&clickref5=&clickref6=&ued=https%3A%2F%2Fwww.hershesons.com%2Fcollections%2Fblack-friday-sale-23&platform=pl  
[2025-11-29 11:30:14] production.INFO: SHORT URL: https://go.linkscircle.com/deeplink/wrPo34E  
[2025-11-29 11:30:14] production.INFO: MODULE NAME: Awin GENERATE DEEP LINK  
[2025-11-29 11:30:14] production.INFO: PROCESSING END  
[2025-11-29 11:30:14] production.INFO: MODULE NAME: Awin GENERATE DEEP LINK  
[2025-11-29 11:30:14] production.INFO: GENERATE LINK ID: 1824499 || PROCESS START  
[2025-11-29 11:30:14] production.INFO: MODULE NAME: Awin GENERATE DEEP LINK  
[2025-11-29 11:30:14] production.INFO: GENERATE LINK ID: 1824499 || PROCESS END  
[2025-11-29 11:30:14] production.INFO: MODULE NAME: GENERATE DEEP LINK  
[2025-11-29 11:30:14] production.INFO: GENERATE LINK ID: 1824499 || PROCESS END || COMPLETED  
[2025-11-29 12:16:02] production.INFO: MODULE NAME: GENERATE DEEP LINK  
[2025-11-29 12:16:02] production.INFO: GENERATE LINK ID: 1824515 || PROCESS START || STARTING  
[2025-11-29 12:16:02] production.INFO: MODULE NAME: Awin GENERATE DEEP LINK  
[2025-11-29 12:16:02] production.INFO: PROCESSING START  
[2025-11-29 12:16:02] production.INFO: TRACKING URL: https://www.awin1.com/awclick.php?mid=117245&id=1263017&campaign=Cotswold+Shoes&clickref=2cb22ca9-2da4-4e79-b499-e6f042a55fae&clickref2=78471f46-3aea-4178-98be-23952feb2804&clickref3=&clickref4=&clickref5=&clickref6=&ued=https%3A%2F%2Fwww.cotswoldshoes.co.uk%2Fcollections%2Fsale&platform=pl  
[2025-11-29 12:16:02] production.INFO: SHORT URL: https://go.linkscircle.com/deeplink/401L8CDa  
[2025-11-29 12:16:02] production.INFO: MODULE NAME: Awin GENERATE DEEP LINK  
[2025-11-29 12:16:02] production.INFO: PROCESSING END  
[2025-11-29 12:16:02] production.INFO: MODULE NAME: Awin GENERATE DEEP LINK  
[2025-11-29 12:16:02] production.INFO: GENERATE LINK ID: 1824515 || PROCESS START  
[2025-11-29 12:16:02] production.INFO: MODULE NAME: Awin GENERATE DEEP LINK  
[2025-11-29 12:16:02] production.INFO: GENERATE LINK ID: 1824515 || PROCESS END  
[2025-11-29 12:16:02] production.INFO: MODULE NAME: GENERATE DEEP LINK  
[2025-11-29 12:16:02] production.INFO: GENERATE LINK ID: 1824515 || PROCESS END || COMPLETED  
[2025-11-29 13:10:13] production.INFO: MODULE NAME: GENERATE DEEP LINK  
[2025-11-29 13:10:13] production.INFO: GENERATE LINK ID: 1824516 || PROCESS START || STARTING  
[2025-11-29 13:10:13] production.INFO: MODULE NAME: Flex Offers GENERATE DEEP LINK  
[2025-11-29 13:10:13] production.INFO: PROCESSING START  
[2025-11-29 13:10:13] production.INFO: TRACKING URL: https://track.flexlinkspro.com/g.ashx?foid=156085.110003961&trid=1472827.225787&foc=17&fot=9999&fos=1&URL=https%3A%2F%2Fjustgolfstuff.ca%2Fcollections%2Fblack-friday-price-drops&fobs=90cbb48a-9652-48f5-b3a4-c2402540f6b2&fobs2=8056da06-5e49-4b4b-b565-e6743ab17e69&fobs3=  
[2025-11-29 13:10:13] production.INFO: SHORT URL: https://go.linkscircle.com/deeplink/I0H8E1UIKW  
[2025-11-29 13:10:13] production.INFO: MODULE NAME: Flex Offers GENERATE DEEP LINK  
[2025-11-29 13:10:13] production.INFO: PROCESSING END  
[2025-11-29 13:10:13] production.INFO: MODULE NAME: Flex Offers GENERATE DEEP LINK  
[2025-11-29 13:10:13] production.INFO: GENERATE LINK ID: 1824516 || PROCESS START  
[2025-11-29 13:10:13] production.INFO: MODULE NAME: Flex Offers GENERATE DEEP LINK  
[2025-11-29 13:10:13] production.INFO: GENERATE LINK ID: 1824516 || PROCESS END  
[2025-11-29 13:10:13] production.INFO: MODULE NAME: GENERATE DEEP LINK  
[2025-11-29 13:10:13] production.INFO: GENERATE LINK ID: 1824516 || PROCESS END || COMPLETED  
[2025-11-29 13:10:13] production.INFO: MODULE NAME: GENERATE DEEP LINK  
[2025-11-29 13:10:13] production.INFO: GENERATE LINK ID: 1824517 || PROCESS START || STARTING  
[2025-11-29 13:10:13] production.INFO: MODULE NAME: Flex Offers GENERATE DEEP LINK  
[2025-11-29 13:10:13] production.INFO: PROCESSING START  
[2025-11-29 13:10:13] production.INFO: TRACKING URL: https://track.flexlinkspro.com/g.ashx?foid=156085.110003961&trid=1472827.225787&foc=17&fot=9999&fos=1&URL=https%3A%2F%2Fjustgolfstuff.ca%2Fcollections%2Fblack-friday-price-drops&fobs=90cbb48a-9652-48f5-b3a4-c2402540f6b2&fobs2=8056da06-5e49-4b4b-b565-e6743ab17e69&fobs3=  
[2025-11-29 13:10:13] production.INFO: SHORT URL: https://go.linkscircle.com/deeplink/I0H8E1UIKW  
[2025-11-29 13:10:13] production.INFO: MODULE NAME: Flex Offers GENERATE DEEP LINK  
[2025-11-29 13:10:13] production.INFO: PROCESSING END  
[2025-11-29 13:10:13] production.INFO: MODULE NAME: Flex Offers GENERATE DEEP LINK  
[2025-11-29 13:10:13] production.INFO: GENERATE LINK ID: 1824517 || PROCESS START  
[2025-11-29 13:10:13] production.INFO: MODULE NAME: Flex Offers GENERATE DEEP LINK  
[2025-11-29 13:10:13] production.INFO: GENERATE LINK ID: 1824517 || PROCESS END  
[2025-11-29 13:10:13] production.INFO: MODULE NAME: GENERATE DEEP LINK  
[2025-11-29 13:10:13] production.INFO: GENERATE LINK ID: 1824517 || PROCESS END || COMPLETED  
[2025-11-29 15:04:02] production.INFO: MODULE NAME: GENERATE DEEP LINK  
[2025-11-29 15:04:02] production.INFO: GENERATE LINK ID: 1824535 || PROCESS START || STARTING  
[2025-11-29 15:04:02] production.INFO: MODULE NAME: FatCoupon GENERATE DEEP LINK  
[2025-11-29 15:04:02] production.INFO: PROCESSING START  
[2025-11-29 15:04:02] production.INFO: TRACKING URL: https://redirect.partner.fatcoupon.com/go?cid=349&mid=22451&url=https%3A%2F%2Fwww.lecreuset.co.uk%2Fen_GB%2Fblack-friday&subId1=f621fb59-50c9-4fca-939a-1c6d7abe3ad6&subId2=05d2ffeb-3ba8-40a3-8f5a-94139fc9911b  
[2025-11-29 15:04:02] production.INFO: SHORT URL: https://go.linkscircle.com/deeplink/V1iGGNc1L2  
[2025-11-29 15:04:02] production.INFO: MODULE NAME: FatCoupon GENERATE DEEP LINK  
[2025-11-29 15:04:02] production.INFO: PROCESSING END  
[2025-11-29 15:04:02] production.INFO: MODULE NAME: FatCoupon GENERATE DEEP LINK  
[2025-11-29 15:04:02] production.INFO: GENERATE LINK ID: 1824535 || PROCESS START  
[2025-11-29 15:04:02] production.INFO: MODULE NAME: FatCoupon GENERATE DEEP LINK  
[2025-11-29 15:04:02] production.INFO: GENERATE LINK ID: 1824535 || PROCESS END  
[2025-11-29 15:04:02] production.INFO: MODULE NAME: GENERATE DEEP LINK  
[2025-11-29 15:04:02] production.INFO: GENERATE LINK ID: 1824535 || PROCESS END || COMPLETED  
[2025-11-29 15:05:09] production.INFO: MODULE NAME: GENERATE DEEP LINK  
[2025-11-29 15:05:09] production.INFO: GENERATE LINK ID: 1824536 || PROCESS START || STARTING  
[2025-11-29 15:05:09] production.INFO: MODULE NAME: FatCoupon GENERATE DEEP LINK  
[2025-11-29 15:05:09] production.INFO: PROCESSING START  
[2025-11-29 15:05:09] production.INFO: TRACKING URL: https://redirect.partner.fatcoupon.com/go?cid=349&mid=22451&url=https%3A%2F%2Fwww.lecreuset.co.uk%2Fen_GB%2Fc%2Fkitchen-essentials%2Fkitchen-tools-and-gadgets%2Fsalt-and-pepper-mills&subId1=f621fb59-50c9-4fca-939a-1c6d7abe3ad6&subId2=05d2ffeb-3ba8-40a3-8f5a-94139fc9911b  
[2025-11-29 15:05:09] production.INFO: SHORT URL: https://go.linkscircle.com/deeplink/YLfUly0Q2ZN  
[2025-11-29 15:05:09] production.INFO: MODULE NAME: FatCoupon GENERATE DEEP LINK  
[2025-11-29 15:05:09] production.INFO: PROCESSING END  
[2025-11-29 15:05:09] production.INFO: MODULE NAME: FatCoupon GENERATE DEEP LINK  
[2025-11-29 15:05:09] production.INFO: GENERATE LINK ID: 1824536 || PROCESS START  
[2025-11-29 15:05:09] production.INFO: MODULE NAME: FatCoupon GENERATE DEEP LINK  
[2025-11-29 15:05:09] production.INFO: GENERATE LINK ID: 1824536 || PROCESS END  
[2025-11-29 15:05:09] production.INFO: MODULE NAME: GENERATE DEEP LINK  
[2025-11-29 15:05:09] production.INFO: GENERATE LINK ID: 1824536 || PROCESS END || COMPLETED  
[2025-11-29 15:05:09] production.INFO: MODULE NAME: GENERATE DEEP LINK  
[2025-11-29 15:05:09] production.INFO: GENERATE LINK ID: 1824537 || PROCESS START || STARTING  
[2025-11-29 15:05:09] production.INFO: MODULE NAME: FatCoupon GENERATE DEEP LINK  
[2025-11-29 15:05:09] production.INFO: PROCESSING START  
[2025-11-29 15:05:09] production.INFO: TRACKING URL: https://redirect.partner.fatcoupon.com/go?cid=349&mid=22451&url=https%3A%2F%2Fwww.lecreuset.co.uk%2Fen_GB%2Fc%2Fkitchen-essentials%2Fkitchen-tools-and-gadgets%2Fsalt-and-pepper-mills&subId1=f621fb59-50c9-4fca-939a-1c6d7abe3ad6&subId2=05d2ffeb-3ba8-40a3-8f5a-94139fc9911b  
[2025-11-29 15:05:09] production.INFO: SHORT URL: https://go.linkscircle.com/deeplink/YLfUly0Q2ZN  
[2025-11-29 15:05:09] production.INFO: MODULE NAME: FatCoupon GENERATE DEEP LINK  
[2025-11-29 15:05:09] production.INFO: PROCESSING END  
[2025-11-29 15:05:09] production.INFO: MODULE NAME: FatCoupon GENERATE DEEP LINK  
[2025-11-29 15:05:09] production.INFO: GENERATE LINK ID: 1824537 || PROCESS START  
[2025-11-29 15:05:09] production.INFO: MODULE NAME: FatCoupon GENERATE DEEP LINK  
[2025-11-29 15:05:09] production.INFO: GENERATE LINK ID: 1824537 || PROCESS END  
[2025-11-29 15:05:09] production.INFO: MODULE NAME: GENERATE DEEP LINK  
[2025-11-29 15:05:09] production.INFO: GENERATE LINK ID: 1824537 || PROCESS END || COMPLETED  
[2025-11-29 15:06:02] production.INFO: MODULE NAME: GENERATE DEEP LINK  
[2025-11-29 15:06:02] production.INFO: GENERATE LINK ID: 1824538 || PROCESS START || STARTING  
[2025-11-29 15:06:02] production.INFO: MODULE NAME: FatCoupon GENERATE DEEP LINK  
[2025-11-29 15:06:02] production.INFO: PROCESSING START  
[2025-11-29 15:06:02] production.INFO: TRACKING URL: https://redirect.partner.fatcoupon.com/go?cid=349&mid=22451&url=https%3A%2F%2Fwww.lecreuset.co.uk%2Fen_GB%2Fc%2Fcollections%2Fchristmas&subId1=f621fb59-50c9-4fca-939a-1c6d7abe3ad6&subId2=05d2ffeb-3ba8-40a3-8f5a-94139fc9911b  
[2025-11-29 15:06:02] production.INFO: SHORT URL: https://go.linkscircle.com/deeplink/3oSQlx8Na  
[2025-11-29 15:06:02] production.INFO: MODULE NAME: FatCoupon GENERATE DEEP LINK  
[2025-11-29 15:06:02] production.INFO: PROCESSING END  
[2025-11-29 15:06:02] production.INFO: MODULE NAME: FatCoupon GENERATE DEEP LINK  
[2025-11-29 15:06:02] production.INFO: GENERATE LINK ID: 1824538 || PROCESS START  
[2025-11-29 15:06:02] production.INFO: MODULE NAME: FatCoupon GENERATE DEEP LINK  
[2025-11-29 15:06:02] production.INFO: GENERATE LINK ID: 1824538 || PROCESS END  
[2025-11-29 15:06:02] production.INFO: MODULE NAME: GENERATE DEEP LINK  
[2025-11-29 15:06:02] production.INFO: GENERATE LINK ID: 1824538 || PROCESS END || COMPLETED  
[2025-11-29 15:07:02] production.INFO: MODULE NAME: GENERATE DEEP LINK  
[2025-11-29 15:07:02] production.INFO: GENERATE LINK ID: 1824546 || PROCESS START || STARTING  
[2025-11-29 15:07:02] production.INFO: MODULE NAME: FatCoupon GENERATE DEEP LINK  
[2025-11-29 15:07:02] production.INFO: PROCESSING START  
[2025-11-29 15:07:02] production.INFO: TRACKING URL: https://redirect.partner.fatcoupon.com/go?cid=349&mid=22451&url=https%3A%2F%2Fwww.lecreuset.co.uk%2Fen_GB%2Fc%2Fshop-by-colour%2Fjuniper&subId1=f621fb59-50c9-4fca-939a-1c6d7abe3ad6&subId2=05d2ffeb-3ba8-40a3-8f5a-94139fc9911b  
[2025-11-29 15:07:02] production.INFO: SHORT URL: https://go.linkscircle.com/deeplink/jZwYOrAAVH  
[2025-11-29 15:07:02] production.INFO: MODULE NAME: FatCoupon GENERATE DEEP LINK  
[2025-11-29 15:07:02] production.INFO: PROCESSING END  
[2025-11-29 15:07:02] production.INFO: MODULE NAME: FatCoupon GENERATE DEEP LINK  
[2025-11-29 15:07:02] production.INFO: GENERATE LINK ID: 1824546 || PROCESS START  
[2025-11-29 15:07:02] production.INFO: MODULE NAME: FatCoupon GENERATE DEEP LINK  
[2025-11-29 15:07:02] production.INFO: GENERATE LINK ID: 1824546 || PROCESS END  
[2025-11-29 15:07:02] production.INFO: MODULE NAME: GENERATE DEEP LINK  
[2025-11-29 15:07:02] production.INFO: GENERATE LINK ID: 1824546 || PROCESS END || COMPLETED  
[2025-11-29 15:08:02] production.INFO: MODULE NAME: GENERATE DEEP LINK  
[2025-11-29 15:08:02] production.INFO: GENERATE LINK ID: 1824594 || PROCESS START || STARTING  
[2025-11-29 15:08:02] production.INFO: MODULE NAME: FatCoupon GENERATE DEEP LINK  
[2025-11-29 15:08:02] production.INFO: PROCESSING START  
[2025-11-29 15:08:02] production.INFO: TRACKING URL: https://redirect.partner.fatcoupon.com/go?cid=349&mid=22451&url=https%3A%2F%2Fwww.lecreuset.co.uk%2Fen_GB%2Fblack-friday%2Fstoneware%3F&subId1=f621fb59-50c9-4fca-939a-1c6d7abe3ad6&subId2=05d2ffeb-3ba8-40a3-8f5a-94139fc9911b  
[2025-11-29 15:08:02] production.INFO: SHORT URL: https://go.linkscircle.com/deeplink/zZ7SKMKK  
[2025-11-29 15:08:02] production.INFO: MODULE NAME: FatCoupon GENERATE DEEP LINK  
[2025-11-29 15:08:02] production.INFO: PROCESSING END  
[2025-11-29 15:08:02] production.INFO: MODULE NAME: FatCoupon GENERATE DEEP LINK  
[2025-11-29 15:08:02] production.INFO: GENERATE LINK ID: 1824594 || PROCESS START  
[2025-11-29 15:08:02] production.INFO: MODULE NAME: FatCoupon GENERATE DEEP LINK  
[2025-11-29 15:08:02] production.INFO: GENERATE LINK ID: 1824594 || PROCESS END  
[2025-11-29 15:08:02] production.INFO: MODULE NAME: GENERATE DEEP LINK  
[2025-11-29 15:08:02] production.INFO: GENERATE LINK ID: 1824594 || PROCESS END || COMPLETED  
[2025-11-29 15:08:02] production.INFO: MODULE NAME: GENERATE DEEP LINK  
[2025-11-29 15:08:02] production.INFO: GENERATE LINK ID: 1824595 || PROCESS START || STARTING  
[2025-11-29 15:08:02] production.INFO: MODULE NAME: FatCoupon GENERATE DEEP LINK  
[2025-11-29 15:08:02] production.INFO: PROCESSING START  
[2025-11-29 15:08:02] production.INFO: TRACKING URL: https://redirect.partner.fatcoupon.com/go?cid=349&mid=22451&url=https%3A%2F%2Fwww.lecreuset.co.uk%2Fen_GB%2Fblack-friday%2Fcookware%3F&subId1=f621fb59-50c9-4fca-939a-1c6d7abe3ad6&subId2=05d2ffeb-3ba8-40a3-8f5a-94139fc9911b  
[2025-11-29 15:08:02] production.INFO: SHORT URL: https://go.linkscircle.com/deeplink/FnDxe3  
[2025-11-29 15:08:02] production.INFO: MODULE NAME: FatCoupon GENERATE DEEP LINK  
[2025-11-29 15:08:02] production.INFO: PROCESSING END  
[2025-11-29 15:08:02] production.INFO: MODULE NAME: FatCoupon GENERATE DEEP LINK  
[2025-11-29 15:08:02] production.INFO: GENERATE LINK ID: 1824595 || PROCESS START  
[2025-11-29 15:08:02] production.INFO: MODULE NAME: FatCoupon GENERATE DEEP LINK  
[2025-11-29 15:08:02] production.INFO: GENERATE LINK ID: 1824595 || PROCESS END  
[2025-11-29 15:08:02] production.INFO: MODULE NAME: GENERATE DEEP LINK  
[2025-11-29 15:08:02] production.INFO: GENERATE LINK ID: 1824595 || PROCESS END || COMPLETED  
[2025-11-29 15:09:02] production.INFO: MODULE NAME: GENERATE DEEP LINK  
[2025-11-29 15:09:02] production.INFO: GENERATE LINK ID: 1824596 || PROCESS START || STARTING  
[2025-11-29 15:09:02] production.INFO: MODULE NAME: FatCoupon GENERATE DEEP LINK  
[2025-11-29 15:09:02] production.INFO: PROCESSING START  
[2025-11-29 15:09:02] production.INFO: TRACKING URL: https://redirect.partner.fatcoupon.com/go?cid=349&mid=22451&url=https%3A%2F%2Fwww.lecreuset.co.uk%2Fen_GB%2Fblack-friday%2Fcookware-sets%3F&subId1=f621fb59-50c9-4fca-939a-1c6d7abe3ad6&subId2=05d2ffeb-3ba8-40a3-8f5a-94139fc9911b  
[2025-11-29 15:09:02] production.INFO: SHORT URL: https://go.linkscircle.com/deeplink/BYPo98  
[2025-11-29 15:09:02] production.INFO: MODULE NAME: FatCoupon GENERATE DEEP LINK  
[2025-11-29 15:09:02] production.INFO: PROCESSING END  
[2025-11-29 15:09:02] production.INFO: MODULE NAME: FatCoupon GENERATE DEEP LINK  
[2025-11-29 15:09:02] production.INFO: GENERATE LINK ID: 1824596 || PROCESS START  
[2025-11-29 15:09:02] production.INFO: MODULE NAME: FatCoupon GENERATE DEEP LINK  
[2025-11-29 15:09:02] production.INFO: GENERATE LINK ID: 1824596 || PROCESS END  
[2025-11-29 15:09:02] production.INFO: MODULE NAME: GENERATE DEEP LINK  
[2025-11-29 15:09:02] production.INFO: GENERATE LINK ID: 1824596 || PROCESS END || COMPLETED  
[2025-11-29 15:10:14] production.INFO: MODULE NAME: GENERATE DEEP LINK  
[2025-11-29 15:10:14] production.INFO: GENERATE LINK ID: 1824597 || PROCESS START || STARTING  
[2025-11-29 15:10:14] production.INFO: MODULE NAME: FatCoupon GENERATE DEEP LINK  
[2025-11-29 15:10:14] production.INFO: PROCESSING START  
[2025-11-29 15:10:14] production.INFO: TRACKING URL: https://redirect.partner.fatcoupon.com/go?cid=349&mid=22451&url=https%3A%2F%2Fwww.lecreuset.co.uk%2Fen_GB%2Fblack-friday%2Fcookware%3F&subId1=f621fb59-50c9-4fca-939a-1c6d7abe3ad6&subId2=05d2ffeb-3ba8-40a3-8f5a-94139fc9911b  
[2025-11-29 15:10:14] production.INFO: SHORT URL: https://go.linkscircle.com/deeplink/FnDxe3  
[2025-11-29 15:10:14] production.INFO: MODULE NAME: FatCoupon GENERATE DEEP LINK  
[2025-11-29 15:10:14] production.INFO: PROCESSING END  
[2025-11-29 15:10:14] production.INFO: MODULE NAME: FatCoupon GENERATE DEEP LINK  
[2025-11-29 15:10:14] production.INFO: GENERATE LINK ID: 1824597 || PROCESS START  
[2025-11-29 15:10:14] production.INFO: MODULE NAME: FatCoupon GENERATE DEEP LINK  
[2025-11-29 15:10:14] production.INFO: GENERATE LINK ID: 1824597 || PROCESS END  
[2025-11-29 15:10:14] production.INFO: MODULE NAME: GENERATE DEEP LINK  
[2025-11-29 15:10:14] production.INFO: GENERATE LINK ID: 1824597 || PROCESS END || COMPLETED  
[2025-11-29 15:10:14] production.INFO: MODULE NAME: GENERATE DEEP LINK  
[2025-11-29 15:10:14] production.INFO: GENERATE LINK ID: 1824598 || PROCESS START || STARTING  
[2025-11-29 15:10:14] production.INFO: MODULE NAME: FatCoupon GENERATE DEEP LINK  
[2025-11-29 15:10:14] production.INFO: PROCESSING START  
[2025-11-29 15:10:14] production.INFO: TRACKING URL: https://redirect.partner.fatcoupon.com/go?cid=349&mid=22451&url=https%3A%2F%2Fwww.lecreuset.co.uk%2Fen_GB%2Fblack-friday&subId1=f621fb59-50c9-4fca-939a-1c6d7abe3ad6&subId2=05d2ffeb-3ba8-40a3-8f5a-94139fc9911b  
[2025-11-29 15:10:14] production.INFO: SHORT URL: https://go.linkscircle.com/deeplink/V1iGGNc1L2  
[2025-11-29 15:10:14] production.INFO: MODULE NAME: FatCoupon GENERATE DEEP LINK  
[2025-11-29 15:10:14] production.INFO: PROCESSING END  
[2025-11-29 15:10:14] production.INFO: MODULE NAME: FatCoupon GENERATE DEEP LINK  
[2025-11-29 15:10:14] production.INFO: GENERATE LINK ID: 1824598 || PROCESS START  
[2025-11-29 15:10:14] production.INFO: MODULE NAME: FatCoupon GENERATE DEEP LINK  
[2025-11-29 15:10:14] production.INFO: GENERATE LINK ID: 1824598 || PROCESS END  
[2025-11-29 15:10:14] production.INFO: MODULE NAME: GENERATE DEEP LINK  
[2025-11-29 15:10:14] production.INFO: GENERATE LINK ID: 1824598 || PROCESS END || COMPLETED  
[2025-11-29 15:10:14] production.INFO: MODULE NAME: GENERATE DEEP LINK  
[2025-11-29 15:10:14] production.INFO: GENERATE LINK ID: 1824599 || PROCESS START || STARTING  
[2025-11-29 15:10:14] production.INFO: MODULE NAME: FatCoupon GENERATE DEEP LINK  
[2025-11-29 15:10:14] production.INFO: PROCESSING START  
[2025-11-29 15:10:14] production.INFO: TRACKING URL: https://redirect.partner.fatcoupon.com/go?cid=349&mid=22451&url=https%3A%2F%2Fwww.lecreuset.co.uk%2Fen_GB%2Fc%2Fcollections%2Fchristmas&subId1=f621fb59-50c9-4fca-939a-1c6d7abe3ad6&subId2=05d2ffeb-3ba8-40a3-8f5a-94139fc9911b  
[2025-11-29 15:10:14] production.INFO: SHORT URL: https://go.linkscircle.com/deeplink/3oSQlx8Na  
[2025-11-29 15:10:14] production.INFO: MODULE NAME: FatCoupon GENERATE DEEP LINK  
[2025-11-29 15:10:14] production.INFO: PROCESSING END  
[2025-11-29 15:10:14] production.INFO: MODULE NAME: FatCoupon GENERATE DEEP LINK  
[2025-11-29 15:10:14] production.INFO: GENERATE LINK ID: 1824599 || PROCESS START  
[2025-11-29 15:10:14] production.INFO: MODULE NAME: FatCoupon GENERATE DEEP LINK  
[2025-11-29 15:10:14] production.INFO: GENERATE LINK ID: 1824599 || PROCESS END  
[2025-11-29 15:10:14] production.INFO: MODULE NAME: GENERATE DEEP LINK  
[2025-11-29 15:10:14] production.INFO: GENERATE LINK ID: 1824599 || PROCESS END || COMPLETED  
[2025-11-29 15:10:14] production.INFO: MODULE NAME: GENERATE DEEP LINK  
[2025-11-29 15:10:14] production.INFO: GENERATE LINK ID: 1824600 || PROCESS START || STARTING  
[2025-11-29 15:10:14] production.INFO: MODULE NAME: FatCoupon GENERATE DEEP LINK  
[2025-11-29 15:10:14] production.INFO: PROCESSING START  
[2025-11-29 15:10:14] production.INFO: TRACKING URL: https://redirect.partner.fatcoupon.com/go?cid=349&mid=22451&url=https%3A%2F%2Fwww.lecreuset.co.uk%2Fen_GB%2Fblack-friday%2Fcookware-sets%3F&subId1=f621fb59-50c9-4fca-939a-1c6d7abe3ad6&subId2=05d2ffeb-3ba8-40a3-8f5a-94139fc9911b  
[2025-11-29 15:10:14] production.INFO: SHORT URL: https://go.linkscircle.com/deeplink/BYPo98  
[2025-11-29 15:10:14] production.INFO: MODULE NAME: FatCoupon GENERATE DEEP LINK  
[2025-11-29 15:10:14] production.INFO: PROCESSING END  
[2025-11-29 15:10:14] production.INFO: MODULE NAME: FatCoupon GENERATE DEEP LINK  
[2025-11-29 15:10:14] production.INFO: GENERATE LINK ID: 1824600 || PROCESS START  
[2025-11-29 15:10:14] production.INFO: MODULE NAME: FatCoupon GENERATE DEEP LINK  
[2025-11-29 15:10:14] production.INFO: GENERATE LINK ID: 1824600 || PROCESS END  
[2025-11-29 15:10:14] production.INFO: MODULE NAME: GENERATE DEEP LINK  
[2025-11-29 15:10:14] production.INFO: GENERATE LINK ID: 1824600 || PROCESS END || COMPLETED  
[2025-11-29 15:10:14] production.INFO: MODULE NAME: GENERATE DEEP LINK  
[2025-11-29 15:10:14] production.INFO: GENERATE LINK ID: 1824601 || PROCESS START || STARTING  
[2025-11-29 15:10:14] production.INFO: MODULE NAME: FatCoupon GENERATE DEEP LINK  
[2025-11-29 15:10:14] production.INFO: PROCESSING START  
[2025-11-29 15:10:14] production.INFO: TRACKING URL: https://redirect.partner.fatcoupon.com/go?cid=349&mid=22451&url=https%3A%2F%2Fwww.lecreuset.co.uk%2Fen_GB%2Fblack-friday%2Fstoneware%3F&subId1=f621fb59-50c9-4fca-939a-1c6d7abe3ad6&subId2=05d2ffeb-3ba8-40a3-8f5a-94139fc9911b  
[2025-11-29 15:10:14] production.INFO: SHORT URL: https://go.linkscircle.com/deeplink/zZ7SKMKK  
[2025-11-29 15:10:14] production.INFO: MODULE NAME: FatCoupon GENERATE DEEP LINK  
[2025-11-29 15:10:14] production.INFO: PROCESSING END  
[2025-11-29 15:10:14] production.INFO: MODULE NAME: FatCoupon GENERATE DEEP LINK  
[2025-11-29 15:10:14] production.INFO: GENERATE LINK ID: 1824601 || PROCESS START  
[2025-11-29 15:10:14] production.INFO: MODULE NAME: FatCoupon GENERATE DEEP LINK  
[2025-11-29 15:10:14] production.INFO: GENERATE LINK ID: 1824601 || PROCESS END  
[2025-11-29 15:10:14] production.INFO: MODULE NAME: GENERATE DEEP LINK  
[2025-11-29 15:10:14] production.INFO: GENERATE LINK ID: 1824601 || PROCESS END || COMPLETED  
[2025-11-29 15:10:14] production.INFO: MODULE NAME: GENERATE DEEP LINK  
[2025-11-29 15:10:14] production.INFO: GENERATE LINK ID: 1824602 || PROCESS START || STARTING  
[2025-11-29 15:10:14] production.INFO: MODULE NAME: FatCoupon GENERATE DEEP LINK  
[2025-11-29 15:10:14] production.INFO: PROCESSING START  
[2025-11-29 15:10:14] production.INFO: TRACKING URL: https://redirect.partner.fatcoupon.com/go?cid=349&mid=22451&url=https%3A%2F%2Fwww.lecreuset.co.uk%2Fen_GB%2Fc%2Fkitchen-essentials%2Fkitchen-tools-and-gadgets%2Fsalt-and-pepper-mills&subId1=f621fb59-50c9-4fca-939a-1c6d7abe3ad6&subId2=05d2ffeb-3ba8-40a3-8f5a-94139fc9911b  
[2025-11-29 15:10:14] production.INFO: SHORT URL: https://go.linkscircle.com/deeplink/YLfUly0Q2ZN  
[2025-11-29 15:10:14] production.INFO: MODULE NAME: FatCoupon GENERATE DEEP LINK  
[2025-11-29 15:10:14] production.INFO: PROCESSING END  
[2025-11-29 15:10:14] production.INFO: MODULE NAME: FatCoupon GENERATE DEEP LINK  
[2025-11-29 15:10:14] production.INFO: GENERATE LINK ID: 1824602 || PROCESS START  
[2025-11-29 15:10:14] production.INFO: MODULE NAME: FatCoupon GENERATE DEEP LINK  
[2025-11-29 15:10:14] production.INFO: GENERATE LINK ID: 1824602 || PROCESS END  
[2025-11-29 15:10:14] production.INFO: MODULE NAME: GENERATE DEEP LINK  
[2025-11-29 15:10:14] production.INFO: GENERATE LINK ID: 1824602 || PROCESS END || COMPLETED  
[2025-11-29 15:10:14] production.INFO: MODULE NAME: GENERATE DEEP LINK  
[2025-11-29 15:10:14] production.INFO: GENERATE LINK ID: 1824603 || PROCESS START || STARTING  
[2025-11-29 15:10:14] production.INFO: MODULE NAME: FatCoupon GENERATE DEEP LINK  
[2025-11-29 15:10:14] production.INFO: PROCESSING START  
[2025-11-29 15:10:14] production.INFO: TRACKING URL: https://redirect.partner.fatcoupon.com/go?cid=349&mid=22451&url=https%3A%2F%2Fwww.lecreuset.co.uk%2Fen_GB%2Fc%2Fshop-by-colour%2Fjuniper&subId1=f621fb59-50c9-4fca-939a-1c6d7abe3ad6&subId2=05d2ffeb-3ba8-40a3-8f5a-94139fc9911b  
[2025-11-29 15:10:14] production.INFO: SHORT URL: https://go.linkscircle.com/deeplink/jZwYOrAAVH  
[2025-11-29 15:10:14] production.INFO: MODULE NAME: FatCoupon GENERATE DEEP LINK  
[2025-11-29 15:10:14] production.INFO: PROCESSING END  
[2025-11-29 15:10:14] production.INFO: MODULE NAME: FatCoupon GENERATE DEEP LINK  
[2025-11-29 15:10:14] production.INFO: GENERATE LINK ID: 1824603 || PROCESS START  
[2025-11-29 15:10:14] production.INFO: MODULE NAME: FatCoupon GENERATE DEEP LINK  
[2025-11-29 15:10:14] production.INFO: GENERATE LINK ID: 1824603 || PROCESS END  
[2025-11-29 15:10:14] production.INFO: MODULE NAME: GENERATE DEEP LINK  
[2025-11-29 15:10:14] production.INFO: GENERATE LINK ID: 1824603 || PROCESS END || COMPLETED  
[2025-11-29 15:27:02] production.INFO: MODULE NAME: GENERATE DEEP LINK  
[2025-11-29 15:27:02] production.INFO: GENERATE LINK ID: 1824604 || PROCESS START || STARTING  
[2025-11-29 15:27:02] production.INFO: MODULE NAME: Impact GENERATE DEEP LINK  
[2025-11-29 15:27:02] production.INFO: PROCESSING START  
[2025-11-29 15:27:02] production.INFO: TRACKING URL: https://xtool.pxf.io/c/4101692/1830359/21846?DeepLink=https%3A%2F%2Fwww.xtool.com%2Fpages%2Fcyber-monday-deals&subId1=f3f1b002-a318-477e-b952-366bfca4444a&subId2=04e479d8-5806-4742-b5c7-b1fe89b09a18&subId3=  
[2025-11-29 15:27:02] production.INFO: SHORT URL: https://go.linkscircle.com/deeplink/ye0N7CzAic1  
[2025-11-29 15:27:02] production.INFO: MODULE NAME: Impact GENERATE DEEP LINK  
[2025-11-29 15:27:02] production.INFO: PROCESSING END  
[2025-11-29 15:27:02] production.INFO: MODULE NAME: Impact GENERATE DEEP LINK  
[2025-11-29 15:27:02] production.INFO: GENERATE LINK ID: 1824604 || PROCESS START  
[2025-11-29 15:27:02] production.INFO: MODULE NAME: Impact GENERATE DEEP LINK  
[2025-11-29 15:27:02] production.INFO: GENERATE LINK ID: 1824604 || PROCESS END  
[2025-11-29 15:27:02] production.INFO: MODULE NAME: GENERATE DEEP LINK  
[2025-11-29 15:27:02] production.INFO: GENERATE LINK ID: 1824604 || PROCESS END || COMPLETED  
[2025-11-29 15:36:02] production.INFO: MODULE NAME: GENERATE DEEP LINK  
[2025-11-29 15:36:02] production.INFO: GENERATE LINK ID: 1824605 || PROCESS START || STARTING  
[2025-11-29 15:36:02] production.INFO: MODULE NAME: FatCoupon GENERATE DEEP LINK  
[2025-11-29 15:36:02] production.INFO: PROCESSING START  
[2025-11-29 15:36:02] production.INFO: TRACKING URL: https://redirect.partner.fatcoupon.com/go?cid=349&mid=28846&url=https%3A%2F%2Fbebird.com%2Fcollections%2Fearsight-tools&subId1=91dec3ad-7584-4116-98a6-81c2fc36d1e3&subId2=ec563b3e-dd0f-4847-82e4-97c9bd83a504  
[2025-11-29 15:36:02] production.INFO: SHORT URL: https://go.linkscircle.com/deeplink/awOEGhBBY  
[2025-11-29 15:36:02] production.INFO: MODULE NAME: FatCoupon GENERATE DEEP LINK  
[2025-11-29 15:36:02] production.INFO: PROCESSING END  
[2025-11-29 15:36:02] production.INFO: MODULE NAME: FatCoupon GENERATE DEEP LINK  
[2025-11-29 15:36:02] production.INFO: GENERATE LINK ID: 1824605 || PROCESS START  
[2025-11-29 15:36:02] production.INFO: MODULE NAME: FatCoupon GENERATE DEEP LINK  
[2025-11-29 15:36:02] production.INFO: GENERATE LINK ID: 1824605 || PROCESS END  
[2025-11-29 15:36:02] production.INFO: MODULE NAME: GENERATE DEEP LINK  
[2025-11-29 15:36:02] production.INFO: GENERATE LINK ID: 1824605 || PROCESS END || COMPLETED  
[2025-11-29 15:40:13] production.INFO: MODULE NAME: GENERATE DEEP LINK  
[2025-11-29 15:40:13] production.INFO: GENERATE LINK ID: 1824606 || PROCESS START || STARTING  
[2025-11-29 15:40:13] production.INFO: MODULE NAME: FatCoupon GENERATE DEEP LINK  
[2025-11-29 15:40:13] production.INFO: PROCESSING START  
[2025-11-29 15:40:13] production.INFO: TRACKING URL: https://redirect.partner.fatcoupon.com/go?cid=349&mid=28846&url=https%3A%2F%2Fbebird.com%2Fcollections%2Fearsight-tools&subId1=91dec3ad-7584-4116-98a6-81c2fc36d1e3&subId2=ec563b3e-dd0f-4847-82e4-97c9bd83a504  
[2025-11-29 15:40:13] production.INFO: SHORT URL: https://go.linkscircle.com/deeplink/awOEGhBBY  
[2025-11-29 15:40:13] production.INFO: MODULE NAME: FatCoupon GENERATE DEEP LINK  
[2025-11-29 15:40:13] production.INFO: PROCESSING END  
[2025-11-29 15:40:13] production.INFO: MODULE NAME: FatCoupon GENERATE DEEP LINK  
[2025-11-29 15:40:13] production.INFO: GENERATE LINK ID: 1824606 || PROCESS START  
[2025-11-29 15:40:13] production.INFO: MODULE NAME: FatCoupon GENERATE DEEP LINK  
[2025-11-29 15:40:13] production.INFO: GENERATE LINK ID: 1824606 || PROCESS END  
[2025-11-29 15:40:13] production.INFO: MODULE NAME: GENERATE DEEP LINK  
[2025-11-29 15:40:13] production.INFO: GENERATE LINK ID: 1824606 || PROCESS END || COMPLETED  
[2025-11-29 16:05:09] production.INFO: MODULE NAME: GENERATE DEEP LINK  
[2025-11-29 16:05:09] production.INFO: GENERATE LINK ID: 1824607 || PROCESS START || STARTING  
[2025-11-29 16:05:09] production.INFO: MODULE NAME: Awin GENERATE DEEP LINK  
[2025-11-29 16:05:09] production.INFO: PROCESSING START  
[2025-11-29 16:05:09] production.INFO: TRACKING URL: https://www.awin1.com/awclick.php?mid=113022&id=1263017&campaign=Crimpit&clickref=2cb22ca9-2da4-4e79-b499-e6f042a55fae&clickref2=78471f46-3aea-4178-98be-23952feb2804&clickref3=&clickref4=&clickref5=&clickref6=&ued=https%3A%2F%2Fcrimpit.co.uk%2Fpages%2Fshop&platform=pl  
[2025-11-29 16:05:09] production.INFO: SHORT URL: https://go.linkscircle.com/deeplink/Fh1C005xG1j  
[2025-11-29 16:05:09] production.INFO: MODULE NAME: Awin GENERATE DEEP LINK  
[2025-11-29 16:05:09] production.INFO: PROCESSING END  
[2025-11-29 16:05:09] production.INFO: MODULE NAME: Awin GENERATE DEEP LINK  
[2025-11-29 16:05:09] production.INFO: GENERATE LINK ID: 1824607 || PROCESS START  
[2025-11-29 16:05:09] production.INFO: MODULE NAME: Awin GENERATE DEEP LINK  
[2025-11-29 16:05:09] production.INFO: GENERATE LINK ID: 1824607 || PROCESS END  
[2025-11-29 16:05:09] production.INFO: MODULE NAME: GENERATE DEEP LINK  
[2025-11-29 16:05:09] production.INFO: GENERATE LINK ID: 1824607 || PROCESS END || COMPLETED  
[2025-11-29 16:05:09] production.INFO: MODULE NAME: GENERATE DEEP LINK  
[2025-11-29 16:05:09] production.INFO: GENERATE LINK ID: 1824608 || PROCESS START || STARTING  
[2025-11-29 16:05:09] production.INFO: MODULE NAME: Awin GENERATE DEEP LINK  
[2025-11-29 16:05:09] production.INFO: PROCESSING START  
[2025-11-29 16:05:09] production.INFO: TRACKING URL: https://www.awin1.com/awclick.php?mid=113022&id=1263017&campaign=Crimpit&clickref=2cb22ca9-2da4-4e79-b499-e6f042a55fae&clickref2=78471f46-3aea-4178-98be-23952feb2804&clickref3=&clickref4=&clickref5=&clickref6=&ued=https%3A%2F%2Fcrimpit.co.uk%2Fpages%2Fshop&platform=pl  
[2025-11-29 16:05:09] production.INFO: SHORT URL: https://go.linkscircle.com/deeplink/Fh1C005xG1j  
[2025-11-29 16:05:09] production.INFO: MODULE NAME: Awin GENERATE DEEP LINK  
[2025-11-29 16:05:09] production.INFO: PROCESSING END  
[2025-11-29 16:05:09] production.INFO: MODULE NAME: Awin GENERATE DEEP LINK  
[2025-11-29 16:05:09] production.INFO: GENERATE LINK ID: 1824608 || PROCESS START  
[2025-11-29 16:05:09] production.INFO: MODULE NAME: Awin GENERATE DEEP LINK  
[2025-11-29 16:05:09] production.INFO: GENERATE LINK ID: 1824608 || PROCESS END  
[2025-11-29 16:05:09] production.INFO: MODULE NAME: GENERATE DEEP LINK  
[2025-11-29 16:05:09] production.INFO: GENERATE LINK ID: 1824608 || PROCESS END || COMPLETED  
[2025-11-29 17:07:02] production.INFO: MODULE NAME: GENERATE DEEP LINK  
[2025-11-29 17:07:02] production.INFO: GENERATE LINK ID: 1824687 || PROCESS START || STARTING  
[2025-11-29 17:07:02] production.INFO: MODULE NAME: Awin GENERATE DEEP LINK  
[2025-11-29 17:07:02] production.INFO: PROCESSING START  
[2025-11-29 17:07:02] production.INFO: TRACKING URL: https://www.awin1.com/awclick.php?mid=6692&id=1263017&campaign=2Modern%09%28US%29&clickref=f3f1b002-a318-477e-b952-366bfca4444a&clickref2=04e479d8-5806-4742-b5c7-b1fe89b09a18&clickref3=&clickref4=&clickref5=&clickref6=&ued=https%3A%2F%2Fwww.2modern.com%2Fcollections%2Fon-sale&platform=pl  
[2025-11-29 17:07:02] production.INFO: SHORT URL: https://go.linkscircle.com/deeplink/3wmAsKZQbP  
[2025-11-29 17:07:02] production.INFO: MODULE NAME: Awin GENERATE DEEP LINK  
[2025-11-29 17:07:02] production.INFO: PROCESSING END  
[2025-11-29 17:07:02] production.INFO: MODULE NAME: Awin GENERATE DEEP LINK  
[2025-11-29 17:07:02] production.INFO: GENERATE LINK ID: 1824687 || PROCESS START  
[2025-11-29 17:07:02] production.INFO: MODULE NAME: Awin GENERATE DEEP LINK  
[2025-11-29 17:07:02] production.INFO: GENERATE LINK ID: 1824687 || PROCESS END  
[2025-11-29 17:07:02] production.INFO: MODULE NAME: GENERATE DEEP LINK  
[2025-11-29 17:07:02] production.INFO: GENERATE LINK ID: 1824687 || PROCESS END || COMPLETED  
[2025-11-29 17:10:13] production.INFO: MODULE NAME: GENERATE DEEP LINK  
[2025-11-29 17:10:13] production.INFO: GENERATE LINK ID: 1824688 || PROCESS START || STARTING  
[2025-11-29 17:10:13] production.INFO: MODULE NAME: Flex Offers GENERATE DEEP LINK  
[2025-11-29 17:10:13] production.INFO: PROCESSING START  
[2025-11-29 17:10:13] production.INFO: TRACKING URL: https://track.flexlinkspro.com/g.ashx?foid=1.39349&trid=1472827.169509&foc=17&fot=9999&fos=1&URL=https%3A%2F%2Fcolleenrothschild.com%2Fcollections%2Fall-products&fobs=90cbb48a-9652-48f5-b3a4-c2402540f6b2&fobs2=8056da06-5e49-4b4b-b565-e6743ab17e69&fobs3=  
[2025-11-29 17:10:13] production.INFO: SHORT URL: https://go.linkscircle.com/deeplink/jAM99V  
[2025-11-29 17:10:13] production.INFO: MODULE NAME: Flex Offers GENERATE DEEP LINK  
[2025-11-29 17:10:13] production.INFO: PROCESSING END  
[2025-11-29 17:10:13] production.INFO: MODULE NAME: Flex Offers GENERATE DEEP LINK  
[2025-11-29 17:10:13] production.INFO: GENERATE LINK ID: 1824688 || PROCESS START  
[2025-11-29 17:10:13] production.INFO: MODULE NAME: Flex Offers GENERATE DEEP LINK  
[2025-11-29 17:10:13] production.INFO: GENERATE LINK ID: 1824688 || PROCESS END  
[2025-11-29 17:10:13] production.INFO: MODULE NAME: GENERATE DEEP LINK  
[2025-11-29 17:10:13] production.INFO: GENERATE LINK ID: 1824688 || PROCESS END || COMPLETED  
[2025-11-29 17:10:13] production.INFO: MODULE NAME: GENERATE DEEP LINK  
[2025-11-29 17:10:13] production.INFO: GENERATE LINK ID: 1824689 || PROCESS START || STARTING  
[2025-11-29 17:10:13] production.INFO: MODULE NAME: Flex Offers GENERATE DEEP LINK  
[2025-11-29 17:10:13] production.INFO: PROCESSING START  
[2025-11-29 17:10:13] production.INFO: TRACKING URL: https://track.flexlinkspro.com/g.ashx?foid=1.39349&trid=1472827.169509&foc=17&fot=9999&fos=1&URL=https%3A%2F%2Fcolleenrothschild.com%2Fcollections%2Fall-products&fobs=90cbb48a-9652-48f5-b3a4-c2402540f6b2&fobs2=8056da06-5e49-4b4b-b565-e6743ab17e69&fobs3=  
[2025-11-29 17:10:13] production.INFO: SHORT URL: https://go.linkscircle.com/deeplink/jAM99V  
[2025-11-29 17:10:13] production.INFO: MODULE NAME: Flex Offers GENERATE DEEP LINK  
[2025-11-29 17:10:13] production.INFO: PROCESSING END  
[2025-11-29 17:10:13] production.INFO: MODULE NAME: Flex Offers GENERATE DEEP LINK  
[2025-11-29 17:10:13] production.INFO: GENERATE LINK ID: 1824689 || PROCESS START  
[2025-11-29 17:10:13] production.INFO: MODULE NAME: Flex Offers GENERATE DEEP LINK  
[2025-11-29 17:10:13] production.INFO: GENERATE LINK ID: 1824689 || PROCESS END  
[2025-11-29 17:10:13] production.INFO: MODULE NAME: GENERATE DEEP LINK  
[2025-11-29 17:10:13] production.INFO: GENERATE LINK ID: 1824689 || PROCESS END || COMPLETED  
[2025-11-29 17:17:02] production.INFO: MODULE NAME: GENERATE DEEP LINK  
[2025-11-29 17:17:02] production.INFO: GENERATE LINK ID: 1824690 || PROCESS START || STARTING  
[2025-11-29 17:17:02] production.INFO: MODULE NAME: Awin GENERATE DEEP LINK  
[2025-11-29 17:17:02] production.INFO: PROCESSING START  
[2025-11-29 17:17:02] production.INFO: TRACKING URL: https://www.awin1.com/awclick.php?mid=112036&id=1263017&campaign=Polished+London&clickref=2cb22ca9-2da4-4e79-b499-e6f042a55fae&clickref2=78471f46-3aea-4178-98be-23952feb2804&clickref3=&clickref4=&clickref5=&clickref6=&ued=https%3A%2F%2Fpolishedlondon.com%2Fcollections%2Fpre-black-friday-deals&platform=pl  
[2025-11-29 17:17:02] production.INFO: SHORT URL: https://go.linkscircle.com/deeplink/pJ5kc64M  
[2025-11-29 17:17:02] production.INFO: MODULE NAME: Awin GENERATE DEEP LINK  
[2025-11-29 17:17:02] production.INFO: PROCESSING END  
[2025-11-29 17:17:02] production.INFO: MODULE NAME: Awin GENERATE DEEP LINK  
[2025-11-29 17:17:02] production.INFO: GENERATE LINK ID: 1824690 || PROCESS START  
[2025-11-29 17:17:02] production.INFO: MODULE NAME: Awin GENERATE DEEP LINK  
[2025-11-29 17:17:02] production.INFO: GENERATE LINK ID: 1824690 || PROCESS END  
[2025-11-29 17:17:02] production.INFO: MODULE NAME: GENERATE DEEP LINK  
[2025-11-29 17:17:02] production.INFO: GENERATE LINK ID: 1824690 || PROCESS END || COMPLETED  
[2025-11-29 17:20:14] production.INFO: MODULE NAME: GENERATE DEEP LINK  
[2025-11-29 17:20:14] production.INFO: GENERATE LINK ID: 1824691 || PROCESS START || STARTING  
[2025-11-29 17:20:14] production.INFO: MODULE NAME: Awin GENERATE DEEP LINK  
[2025-11-29 17:20:14] production.INFO: PROCESSING START  
[2025-11-29 17:20:14] production.INFO: TRACKING URL: https://www.awin1.com/awclick.php?mid=87339&id=1263017&campaign=Comfelie&clickref=90cbb48a-9652-48f5-b3a4-c2402540f6b2&clickref2=8056da06-5e49-4b4b-b565-e6743ab17e69&clickref3=&clickref4=&clickref5=&clickref6=&ued=https%3A%2F%2Fcomfelie.com%2Fproducts%2Fcomfelie-adaptiv-x%25E2%2584%25A2-full-coverage-sleep-lace-bra&platform=pl  
[2025-11-29 17:20:14] production.INFO: SHORT URL: https://go.linkscircle.com/deeplink/oJekkG1Oy2  
[2025-11-29 17:20:14] production.INFO: MODULE NAME: Awin GENERATE DEEP LINK  
[2025-11-29 17:20:14] production.INFO: PROCESSING END  
[2025-11-29 17:20:14] production.INFO: MODULE NAME: Awin GENERATE DEEP LINK  
[2025-11-29 17:20:14] production.INFO: GENERATE LINK ID: 1824691 || PROCESS START  
[2025-11-29 17:20:14] production.INFO: MODULE NAME: Awin GENERATE DEEP LINK  
[2025-11-29 17:20:14] production.INFO: GENERATE LINK ID: 1824691 || PROCESS END  
[2025-11-29 17:20:14] production.INFO: MODULE NAME: GENERATE DEEP LINK  
[2025-11-29 17:20:14] production.INFO: GENERATE LINK ID: 1824691 || PROCESS END || COMPLETED  
[2025-11-29 17:20:14] production.INFO: MODULE NAME: GENERATE DEEP LINK  
[2025-11-29 17:20:14] production.INFO: GENERATE LINK ID: 1824692 || PROCESS START || STARTING  
[2025-11-29 17:20:14] production.INFO: MODULE NAME: Awin GENERATE DEEP LINK  
[2025-11-29 17:20:14] production.INFO: PROCESSING START  
[2025-11-29 17:20:14] production.INFO: TRACKING URL: https://www.awin1.com/awclick.php?mid=87339&id=1263017&campaign=Comfelie&clickref=90cbb48a-9652-48f5-b3a4-c2402540f6b2&clickref2=8056da06-5e49-4b4b-b565-e6743ab17e69&clickref3=&clickref4=&clickref5=&clickref6=&ued=https%3A%2F%2Fcomfelie.com%2Fproducts%2Fcomfelie-adaptiv-x%25E2%2584%25A2-full-coverage-sleep-lace-bra&platform=pl  
[2025-11-29 17:20:14] production.INFO: SHORT URL: https://go.linkscircle.com/deeplink/oJekkG1Oy2  
[2025-11-29 17:20:14] production.INFO: MODULE NAME: Awin GENERATE DEEP LINK  
[2025-11-29 17:20:14] production.INFO: PROCESSING END  
[2025-11-29 17:20:14] production.INFO: MODULE NAME: Awin GENERATE DEEP LINK  
[2025-11-29 17:20:14] production.INFO: GENERATE LINK ID: 1824692 || PROCESS START  
[2025-11-29 17:20:14] production.INFO: MODULE NAME: Awin GENERATE DEEP LINK  
[2025-11-29 17:20:14] production.INFO: GENERATE LINK ID: 1824692 || PROCESS END  
[2025-11-29 17:20:14] production.INFO: MODULE NAME: GENERATE DEEP LINK  
[2025-11-29 17:20:14] production.INFO: GENERATE LINK ID: 1824692 || PROCESS END || COMPLETED  
[2025-11-29 18:25:08] production.INFO: MODULE NAME: GENERATE DEEP LINK  
[2025-11-29 18:25:08] production.INFO: GENERATE LINK ID: 1824715 || PROCESS START || STARTING  
[2025-11-29 18:25:08] production.INFO: MODULE NAME: Awin GENERATE DEEP LINK  
[2025-11-29 18:25:08] production.INFO: PROCESSING START  
[2025-11-29 18:25:08] production.INFO: TRACKING URL: https://www.awin1.com/awclick.php?mid=73163&id=1263017&campaign=Joga+-+Accelerate+-+UK&clickref=2cb22ca9-2da4-4e79-b499-e6f042a55fae&clickref2=78471f46-3aea-4178-98be-23952feb2804&clickref3=&clickref4=&clickref5=&clickref6=&ued=https%3A%2F%2Fshopjoga.com%2Fcollections%2Fbestsellers&platform=pl  
[2025-11-29 18:25:08] production.INFO: SHORT URL: https://go.linkscircle.com/deeplink/sshsewyB  
[2025-11-29 18:25:08] production.INFO: MODULE NAME: Awin GENERATE DEEP LINK  
[2025-11-29 18:25:08] production.INFO: PROCESSING END  
[2025-11-29 18:25:08] production.INFO: MODULE NAME: Awin GENERATE DEEP LINK  
[2025-11-29 18:25:08] production.INFO: GENERATE LINK ID: 1824715 || PROCESS START  
[2025-11-29 18:25:08] production.INFO: MODULE NAME: Awin GENERATE DEEP LINK  
[2025-11-29 18:25:08] production.INFO: GENERATE LINK ID: 1824715 || PROCESS END  
[2025-11-29 18:25:08] production.INFO: MODULE NAME: GENERATE DEEP LINK  
[2025-11-29 18:25:08] production.INFO: GENERATE LINK ID: 1824715 || PROCESS END || COMPLETED  
[2025-11-29 18:25:08] production.INFO: MODULE NAME: GENERATE DEEP LINK  
[2025-11-29 18:25:08] production.INFO: GENERATE LINK ID: 1824716 || PROCESS START || STARTING  
[2025-11-29 18:25:08] production.INFO: MODULE NAME: Awin GENERATE DEEP LINK  
[2025-11-29 18:25:08] production.INFO: PROCESSING START  
[2025-11-29 18:25:08] production.INFO: TRACKING URL: https://www.awin1.com/awclick.php?mid=73163&id=1263017&campaign=Joga+-+Accelerate+-+UK&clickref=2cb22ca9-2da4-4e79-b499-e6f042a55fae&clickref2=78471f46-3aea-4178-98be-23952feb2804&clickref3=&clickref4=&clickref5=&clickref6=&ued=https%3A%2F%2Fshopjoga.com%2Fcollections%2Fbestsellers&platform=pl  
[2025-11-29 18:25:08] production.INFO: SHORT URL: https://go.linkscircle.com/deeplink/sshsewyB  
[2025-11-29 18:25:08] production.INFO: MODULE NAME: Awin GENERATE DEEP LINK  
[2025-11-29 18:25:08] production.INFO: PROCESSING END  
[2025-11-29 18:25:08] production.INFO: MODULE NAME: Awin GENERATE DEEP LINK  
[2025-11-29 18:25:08] production.INFO: GENERATE LINK ID: 1824716 || PROCESS START  
[2025-11-29 18:25:08] production.INFO: MODULE NAME: Awin GENERATE DEEP LINK  
[2025-11-29 18:25:08] production.INFO: GENERATE LINK ID: 1824716 || PROCESS END  
[2025-11-29 18:25:08] production.INFO: MODULE NAME: GENERATE DEEP LINK  
[2025-11-29 18:25:08] production.INFO: GENERATE LINK ID: 1824716 || PROCESS END || COMPLETED  
[2025-11-29 19:28:02] production.INFO: MODULE NAME: GENERATE DEEP LINK  
[2025-11-29 19:28:02] production.INFO: GENERATE LINK ID: 1824717 || PROCESS START || STARTING  
[2025-11-29 19:28:02] production.INFO: MODULE NAME: Tradedoubler GENERATE DEEP LINK  
[2025-11-29 19:28:02] production.INFO: PROCESSING START  
[2025-11-29 19:28:02] production.INFO: TRACKING URL: https://clk.tradedoubler.com/click?p=331196&a=3316308&epi=0e60e8df-29cd-4ccb-985e-339aa3a0b01b&epi2=9ac72d3f-df93-4876-97c9-0c3d0ce4599e&url=https%3A%2F%2F24bottles.com%2Fde  
[2025-11-29 19:28:02] production.INFO: SHORT URL: https://go.linkscircle.com/deeplink/2TpHaS4s  
[2025-11-29 19:28:02] production.INFO: MODULE NAME: Tradedoubler GENERATE DEEP LINK  
[2025-11-29 19:28:02] production.INFO: PROCESSING END  
[2025-11-29 19:28:02] production.INFO: MODULE NAME: Tradedoubler GENERATE DEEP LINK  
[2025-11-29 19:28:02] production.INFO: GENERATE LINK ID: 1824717 || PROCESS START  
[2025-11-29 19:28:02] production.INFO: MODULE NAME: Tradedoubler GENERATE DEEP LINK  
[2025-11-29 19:28:02] production.INFO: GENERATE LINK ID: 1824717 || PROCESS END  
[2025-11-29 19:28:02] production.INFO: MODULE NAME: GENERATE DEEP LINK  
[2025-11-29 19:28:02] production.INFO: GENERATE LINK ID: 1824717 || PROCESS END || COMPLETED  
[2025-11-29 19:29:02] production.INFO: MODULE NAME: GENERATE DEEP LINK  
[2025-11-29 19:29:02] production.INFO: GENERATE LINK ID: 1824718 || PROCESS START || STARTING  
[2025-11-29 19:29:02] production.INFO: MODULE NAME: Tradedoubler GENERATE DEEP LINK  
[2025-11-29 19:29:02] production.INFO: PROCESSING START  
[2025-11-29 19:29:02] production.INFO: TRACKING URL: https://clk.tradedoubler.com/click?p=331196&a=3316308&epi=0e60e8df-29cd-4ccb-985e-339aa3a0b01b&epi2=9ac72d3f-df93-4876-97c9-0c3d0ce4599e&url=https%3A%2F%2F24bottles.com%2Fde%2Fpages%2Fcorporate-gifts  
[2025-11-29 19:29:02] production.INFO: SHORT URL: https://go.linkscircle.com/deeplink/oSdwP2Uki  
[2025-11-29 19:29:02] production.INFO: MODULE NAME: Tradedoubler GENERATE DEEP LINK  
[2025-11-29 19:29:02] production.INFO: PROCESSING END  
[2025-11-29 19:29:02] production.INFO: MODULE NAME: Tradedoubler GENERATE DEEP LINK  
[2025-11-29 19:29:02] production.INFO: GENERATE LINK ID: 1824718 || PROCESS START  
[2025-11-29 19:29:02] production.INFO: MODULE NAME: Tradedoubler GENERATE DEEP LINK  
[2025-11-29 19:29:02] production.INFO: GENERATE LINK ID: 1824718 || PROCESS END  
[2025-11-29 19:29:02] production.INFO: MODULE NAME: GENERATE DEEP LINK  
[2025-11-29 19:29:02] production.INFO: GENERATE LINK ID: 1824718 || PROCESS END || COMPLETED  
[2025-11-29 22:38:02] production.INFO: MODULE NAME: GENERATE DEEP LINK  
[2025-11-29 22:38:02] production.INFO: GENERATE LINK ID: 1824734 || PROCESS START || STARTING  
[2025-11-29 22:38:02] production.INFO: MODULE NAME: Flex Offers GENERATE DEEP LINK  
[2025-11-29 22:38:02] production.INFO: PROCESSING START  
[2025-11-29 22:38:02] production.INFO: TRACKING URL: https://track.flexlinkspro.com/g.ashx?foid=156169.42164&trid=1472827.191204&foc=17&fot=9999&fos=1&URL=https%3A%2F%2Fwww.brastemp.com.br%2F2839%3Fmap%3DproductClusterIds&fobs=90cbb48a-9652-48f5-b3a4-c2402540f6b2&fobs2=8056da06-5e49-4b4b-b565-e6743ab17e69&fobs3=  
[2025-11-29 22:38:02] production.INFO: SHORT URL: https://go.linkscircle.com/deeplink/W1g1W1  
[2025-11-29 22:38:02] production.INFO: MODULE NAME: Flex Offers GENERATE DEEP LINK  
[2025-11-29 22:38:02] production.INFO: PROCESSING END  
[2025-11-29 22:38:02] production.INFO: MODULE NAME: Flex Offers GENERATE DEEP LINK  
[2025-11-29 22:38:02] production.INFO: GENERATE LINK ID: 1824734 || PROCESS START  
[2025-11-29 22:38:02] production.INFO: MODULE NAME: Flex Offers GENERATE DEEP LINK  
[2025-11-29 22:38:02] production.INFO: GENERATE LINK ID: 1824734 || PROCESS END  
[2025-11-29 22:38:02] production.INFO: MODULE NAME: GENERATE DEEP LINK  
[2025-11-29 22:38:02] production.INFO: GENERATE LINK ID: 1824734 || PROCESS END || COMPLETED  
